starting
starting imports
done with imports
0.0 1.0000000000000036
train data shape (36500, 4096, 8)
test data shape (12167, 4096, 8)
Epoch[1] Loss: 0.64291
Epoch[2] Loss: 0.66186
Epoch[3] Loss: 0.66279
Epoch[4] Loss: 0.64911
Epoch[5] Loss: 0.64105
Epoch[6] Loss: 0.63482
Epoch[7] Loss: 0.65745
Epoch[8] Loss: 0.63260
Epoch[9] Loss: 0.62871
Epoch[10] Loss: 0.64401
Training Results - Epoch: 10  Accuracy: 0.65090 Loss: 0.62124
Validation Results - Epoch: 10  Accuracy: 0.63467 Loss: 0.66669
Epoch[11] Loss: 0.63095
Epoch[12] Loss: 0.62310
Epoch[13] Loss: 0.61053
Epoch[14] Loss: 0.61628
Epoch[15] Loss: 0.60468
Epoch[16] Loss: 0.60230
Epoch[17] Loss: 0.60113
Epoch[18] Loss: 0.58654
Epoch[19] Loss: 0.57111
Epoch[20] Loss: 0.56871
Training Results - Epoch: 20  Accuracy: 0.73027 Loss: 0.53118
Validation Results - Epoch: 20  Accuracy: 0.59242 Loss: 0.73059
Epoch[21] Loss: 0.59174
Epoch[22] Loss: 0.54858
Epoch[23] Loss: 0.55782
Epoch[24] Loss: 0.56758
Epoch[25] Loss: 0.55241
Epoch[26] Loss: 0.51984
Epoch[27] Loss: 0.54066
Epoch[28] Loss: 0.49692
Epoch[29] Loss: 0.50664
Epoch[30] Loss: 0.50216
Training Results - Epoch: 30  Accuracy: 0.77712 Loss: 0.46101
Validation Results - Epoch: 30  Accuracy: 0.58609 Loss: 0.81160
Epoch[31] Loss: 0.51147
Epoch[32] Loss: 0.51063
Epoch[33] Loss: 0.50833
Epoch[34] Loss: 0.51755
Epoch[35] Loss: 0.50928
Epoch[36] Loss: 0.49335
Epoch[37] Loss: 0.46951
Epoch[38] Loss: 0.49695
Epoch[39] Loss: 0.47604
Epoch[40] Loss: 0.45272
Training Results - Epoch: 40  Accuracy: 0.83170 Loss: 0.39295
Validation Results - Epoch: 40  Accuracy: 0.57056 Loss: 0.84016
Epoch[41] Loss: 0.48245
Epoch[42] Loss: 0.47088
Epoch[43] Loss: 0.46330
Epoch[44] Loss: 0.45046
Epoch[45] Loss: 0.42970
Epoch[46] Loss: 0.44823
Epoch[47] Loss: 0.45189
Epoch[48] Loss: 0.45264
Epoch[49] Loss: 0.44406
Epoch[50] Loss: 0.44973
Training Results - Epoch: 50  Accuracy: 0.85622 Loss: 0.34738
Validation Results - Epoch: 50  Accuracy: 0.55840 Loss: 0.93061
Epoch[51] Loss: 0.45112
Epoch[52] Loss: 0.43374
Epoch[53] Loss: 0.42553
Epoch[54] Loss: 0.45145
Epoch[55] Loss: 0.41940
Epoch[56] Loss: 0.41559
Epoch[57] Loss: 0.37466
Epoch[58] Loss: 0.40309
Epoch[59] Loss: 0.41179
Epoch[60] Loss: 0.37739
Training Results - Epoch: 60  Accuracy: 0.89351 Loss: 0.27290
Validation Results - Epoch: 60  Accuracy: 0.54788 Loss: 1.06050
Epoch[61] Loss: 0.43024
Epoch[62] Loss: 0.51166
Epoch[63] Loss: 0.45928
Epoch[64] Loss: 0.42157
Epoch[65] Loss: 0.39379
Epoch[66] Loss: 0.37582
Epoch[67] Loss: 0.35338
Epoch[68] Loss: 0.36342
Epoch[69] Loss: 0.34728
Epoch[70] Loss: 0.33533
Training Results - Epoch: 70  Accuracy: 0.86307 Loss: 0.31757
Validation Results - Epoch: 70  Accuracy: 0.55823 Loss: 1.35176
Epoch[71] Loss: 0.35079
Epoch[72] Loss: 0.36106
Epoch[73] Loss: 0.33412
Epoch[74] Loss: 0.31495
Epoch[75] Loss: 0.30280
Epoch[76] Loss: 0.27593
Epoch[77] Loss: 0.30237
Epoch[78] Loss: 0.30212
Epoch[79] Loss: 0.29614
Epoch[80] Loss: 0.26246
Training Results - Epoch: 80  Accuracy: 0.92608 Loss: 0.18137
Validation Results - Epoch: 80  Accuracy: 0.53325 Loss: 1.44296
Epoch[81] Loss: 0.28754
Epoch[82] Loss: 0.27601
Epoch[83] Loss: 0.27472
Epoch[84] Loss: 0.25264
Epoch[85] Loss: 0.26041
Epoch[86] Loss: 0.24617
Epoch[87] Loss: 0.25242
Epoch[88] Loss: 0.26143
Epoch[89] Loss: 0.24568
Epoch[90] Loss: 0.24171
Training Results - Epoch: 90  Accuracy: 0.95540 Loss: 0.12261
Validation Results - Epoch: 90  Accuracy: 0.51804 Loss: 1.59588
Epoch[91] Loss: 0.22306
Epoch[92] Loss: 0.19626
Epoch[93] Loss: 0.21567
Epoch[94] Loss: 0.23914
Epoch[95] Loss: 0.23009
Epoch[96] Loss: 0.20943
Epoch[97] Loss: 0.19940
Epoch[98] Loss: 0.18152
Epoch[99] Loss: 0.21390
Epoch[100] Loss: 0.20483
Training Results - Epoch: 100  Accuracy: 0.96751 Loss: 0.09205
Validation Results - Epoch: 100  Accuracy: 0.52922 Loss: 1.75138
Epoch[101] Loss: 0.19702
Epoch[102] Loss: 0.16594
Epoch[103] Loss: 0.21937
Epoch[104] Loss: 0.20315
Epoch[105] Loss: 0.18933
Epoch[106] Loss: 0.17245
Epoch[107] Loss: 0.19146
Epoch[108] Loss: 0.17554
Epoch[109] Loss: 0.21548
Epoch[110] Loss: 0.13963
Training Results - Epoch: 110  Accuracy: 0.98668 Loss: 0.04461
Validation Results - Epoch: 110  Accuracy: 0.54886 Loss: 1.86039
Epoch[111] Loss: 0.20458
Epoch[112] Loss: 0.15431
Epoch[113] Loss: 0.19269
Epoch[114] Loss: 0.17348
Epoch[115] Loss: 0.16884
Epoch[116] Loss: 0.15757
Epoch[117] Loss: 0.17554
Epoch[118] Loss: 0.14628
Epoch[119] Loss: 0.15931
Epoch[120] Loss: 0.15637
Training Results - Epoch: 120  Accuracy: 0.94542 Loss: 0.13720
Validation Results - Epoch: 120  Accuracy: 0.50119 Loss: 2.17690
Epoch[121] Loss: 0.16182
Epoch[122] Loss: 0.15578
Epoch[123] Loss: 0.13871
Epoch[124] Loss: 0.14517
Epoch[125] Loss: 0.14400
Epoch[126] Loss: 0.13399
Epoch[127] Loss: 0.11660
Epoch[128] Loss: 0.14993
Epoch[129] Loss: 0.14296
Epoch[130] Loss: 0.12327
Training Results - Epoch: 130  Accuracy: 0.98688 Loss: 0.04012
Validation Results - Epoch: 130  Accuracy: 0.53892 Loss: 2.11599
Epoch[131] Loss: 0.15348
Epoch[132] Loss: 0.14173
Epoch[133] Loss: 0.13588
Epoch[134] Loss: 0.14406
Epoch[135] Loss: 0.15014
Epoch[136] Loss: 0.13948
Epoch[137] Loss: 0.13951
Epoch[138] Loss: 0.13414
Epoch[139] Loss: 0.09963
Epoch[140] Loss: 0.10626
Training Results - Epoch: 140  Accuracy: 0.95310 Loss: 0.11676
Validation Results - Epoch: 140  Accuracy: 0.52462 Loss: 2.35947
Epoch[141] Loss: 0.14995
Epoch[142] Loss: 0.14312
Epoch[143] Loss: 0.11680
Epoch[144] Loss: 0.10606
Epoch[145] Loss: 0.12978
Epoch[146] Loss: 0.13078
Epoch[147] Loss: 0.13260
Epoch[148] Loss: 0.13570
Epoch[149] Loss: 0.12101
Epoch[150] Loss: 0.11933
Training Results - Epoch: 150  Accuracy: 0.99364 Loss: 0.02156
Validation Results - Epoch: 150  Accuracy: 0.53045 Loss: 2.16951
Epoch[151] Loss: 0.11476
Epoch[152] Loss: 0.11332
Epoch[153] Loss: 0.10039
Epoch[154] Loss: 0.13388
Epoch[155] Loss: 0.13143
Epoch[156] Loss: 0.11026
Epoch[157] Loss: 0.11349
Epoch[158] Loss: 0.10294
Epoch[159] Loss: 0.09937
Epoch[160] Loss: 0.09946
Training Results - Epoch: 160  Accuracy: 0.99082 Loss: 0.02760
Validation Results - Epoch: 160  Accuracy: 0.52478 Loss: 2.24714
Epoch[161] Loss: 0.12090
Epoch[162] Loss: 0.11823
Epoch[163] Loss: 0.10121
Epoch[164] Loss: 0.09361
Epoch[165] Loss: 0.10598
Epoch[166] Loss: 0.12877
Epoch[167] Loss: 0.11407
Epoch[168] Loss: 0.09262
Epoch[169] Loss: 0.10571
Epoch[170] Loss: 0.10483
Training Results - Epoch: 170  Accuracy: 0.92778 Loss: 0.20021
Validation Results - Epoch: 170  Accuracy: 0.49807 Loss: 2.57045
Epoch[171] Loss: 0.10608
Epoch[172] Loss: 0.09552
Epoch[173] Loss: 0.11781
Epoch[174] Loss: 0.09835
Epoch[175] Loss: 0.11571
Epoch[176] Loss: 0.10208
Epoch[177] Loss: 0.09680
Epoch[178] Loss: 0.10955
Epoch[179] Loss: 0.11741
Epoch[180] Loss: 0.08541
Training Results - Epoch: 180  Accuracy: 0.97285 Loss: 0.07048
Validation Results - Epoch: 180  Accuracy: 0.52955 Loss: 2.55036
Epoch[181] Loss: 0.11327
Epoch[182] Loss: 0.10070
Epoch[183] Loss: 0.11597
Epoch[184] Loss: 0.10952
Epoch[185] Loss: 0.09836
Epoch[186] Loss: 0.09428
Epoch[187] Loss: 0.09587
Epoch[188] Loss: 0.10624
Epoch[189] Loss: 0.11799
Epoch[190] Loss: 0.09471
Training Results - Epoch: 190  Accuracy: 0.98630 Loss: 0.03770
Validation Results - Epoch: 190  Accuracy: 0.52585 Loss: 2.48562
Epoch[191] Loss: 0.09842
Epoch[192] Loss: 0.09153
Epoch[193] Loss: 0.08478
Epoch[194] Loss: 0.10148
Epoch[195] Loss: 0.07154
Epoch[196] Loss: 0.09251
Epoch[197] Loss: 0.12009
Epoch[198] Loss: 0.09011
Epoch[199] Loss: 0.08453
Epoch[200] Loss: 0.10451
Training Results - Epoch: 200  Accuracy: 0.97849 Loss: 0.05740
Validation Results - Epoch: 200  Accuracy: 0.51492 Loss: 2.61187
Epoch[201] Loss: 0.09847
Epoch[202] Loss: 0.07826
Epoch[203] Loss: 0.09859
Epoch[204] Loss: 0.08772
Epoch[205] Loss: 0.08289
Epoch[206] Loss: 0.10106
Epoch[207] Loss: 0.10773
Epoch[208] Loss: 0.10799
Epoch[209] Loss: 0.09759
Epoch[210] Loss: 0.10889
Training Results - Epoch: 210  Accuracy: 0.99296 Loss: 0.02187
Validation Results - Epoch: 210  Accuracy: 0.55757 Loss: 2.52618
Epoch[211] Loss: 0.07907
Epoch[212] Loss: 0.09648
Epoch[213] Loss: 0.10892
Epoch[214] Loss: 0.09901
Epoch[215] Loss: 0.08342
Epoch[216] Loss: 0.07706
Epoch[217] Loss: 0.09380
Epoch[218] Loss: 0.10029
Epoch[219] Loss: 0.10855
Epoch[220] Loss: 0.08818
Training Results - Epoch: 220  Accuracy: 0.98701 Loss: 0.03541
Validation Results - Epoch: 220  Accuracy: 0.53777 Loss: 2.73315
Epoch[221] Loss: 0.11485
Epoch[222] Loss: 0.08951
Epoch[223] Loss: 0.09003
Epoch[224] Loss: 0.08266
Epoch[225] Loss: 0.08317
Epoch[226] Loss: 0.38024
Epoch[227] Loss: 0.39265
Epoch[228] Loss: 0.23270
Epoch[229] Loss: 0.19531
Epoch[230] Loss: 0.16738
Training Results - Epoch: 230  Accuracy: 0.99326 Loss: 0.02937
Validation Results - Epoch: 230  Accuracy: 0.54146 Loss: 1.66828
Epoch[231] Loss: 0.16410
Epoch[232] Loss: 0.15240
Epoch[233] Loss: 0.14952
Epoch[234] Loss: 0.15609
Epoch[235] Loss: 0.14232
Epoch[236] Loss: 0.14070
Epoch[237] Loss: 0.13353
Epoch[238] Loss: 0.13671
Epoch[239] Loss: 0.13337
Epoch[240] Loss: 0.13269
Training Results - Epoch: 240  Accuracy: 0.99737 Loss: 0.01335
Validation Results - Epoch: 240  Accuracy: 0.54007 Loss: 1.97715
Epoch[241] Loss: 0.14603
Epoch[242] Loss: 0.13693
Epoch[243] Loss: 0.11825
Epoch[244] Loss: 0.11845
Epoch[245] Loss: 0.11981
Epoch[246] Loss: 0.12411
Epoch[247] Loss: 0.13847
Epoch[248] Loss: 0.12985
Epoch[249] Loss: 0.09735
Epoch[250] Loss: 0.14312
Training Results - Epoch: 250  Accuracy: 0.99674 Loss: 0.01258
Validation Results - Epoch: 250  Accuracy: 0.53185 Loss: 2.01529
Epoch[251] Loss: 0.12452
Epoch[252] Loss: 0.10001
Epoch[253] Loss: 0.12804
Epoch[254] Loss: 0.10647
Epoch[255] Loss: 0.10251
Epoch[256] Loss: 0.12824
Epoch[257] Loss: 0.13206
Epoch[258] Loss: 0.10684
Epoch[259] Loss: 0.12978
Epoch[260] Loss: 0.10202
Training Results - Epoch: 260  Accuracy: 0.99767 Loss: 0.01035
Validation Results - Epoch: 260  Accuracy: 0.54582 Loss: 2.16018
Epoch[261] Loss: 0.09621
Epoch[262] Loss: 0.09627
Epoch[263] Loss: 0.11650
Epoch[264] Loss: 0.11049
Epoch[265] Loss: 0.09244
Epoch[266] Loss: 0.09651
Epoch[267] Loss: 0.08695
Epoch[268] Loss: 0.10398
Epoch[269] Loss: 0.10726
Epoch[270] Loss: 0.10065
Training Results - Epoch: 270  Accuracy: 0.99652 Loss: 0.01270
Validation Results - Epoch: 270  Accuracy: 0.53185 Loss: 2.23662
Epoch[271] Loss: 0.09436
Epoch[272] Loss: 0.09518
Epoch[273] Loss: 0.09919
Epoch[274] Loss: 0.08612
Epoch[275] Loss: 0.09297
Epoch[276] Loss: 0.10230
Epoch[277] Loss: 0.09623
Epoch[278] Loss: 0.10867
Epoch[279] Loss: 0.08515
Epoch[280] Loss: 0.12256
Training Results - Epoch: 280  Accuracy: 0.99603 Loss: 0.01292
Validation Results - Epoch: 280  Accuracy: 0.53645 Loss: 2.38818
Epoch[281] Loss: 0.10280
Epoch[282] Loss: 0.11042
Epoch[283] Loss: 0.09114
Epoch[284] Loss: 0.08296
Epoch[285] Loss: 0.10954
Epoch[286] Loss: 0.09399
Epoch[287] Loss: 0.07885
Epoch[288] Loss: 0.08039
Epoch[289] Loss: 0.11912
Epoch[290] Loss: 0.10509
Training Results - Epoch: 290  Accuracy: 0.99704 Loss: 0.01038
Validation Results - Epoch: 290  Accuracy: 0.52766 Loss: 2.46721
Epoch[291] Loss: 0.09548
Epoch[292] Loss: 0.10512
Epoch[293] Loss: 0.08590
Epoch[294] Loss: 0.09687
Epoch[295] Loss: 0.11712
Epoch[296] Loss: 0.08892
Epoch[297] Loss: 0.08309
Epoch[298] Loss: 0.09371
Epoch[299] Loss: 0.07614
Epoch[300] Loss: 0.09353
Training Results - Epoch: 300  Accuracy: 0.99784 Loss: 0.00818
Validation Results - Epoch: 300  Accuracy: 0.54829 Loss: 2.46820
Epoch[301] Loss: 0.09271
Epoch[302] Loss: 0.08947
Epoch[303] Loss: 0.07345
Epoch[304] Loss: 0.08858
Epoch[305] Loss: 0.08751
Epoch[306] Loss: 0.09490
Epoch[307] Loss: 0.09367
Epoch[308] Loss: 0.07798
Epoch[309] Loss: 0.09155
Epoch[310] Loss: 0.06821
Training Results - Epoch: 310  Accuracy: 0.99690 Loss: 0.01081
Validation Results - Epoch: 310  Accuracy: 0.52388 Loss: 2.53600
Epoch[311] Loss: 0.09325
Epoch[312] Loss: 0.09441
Epoch[313] Loss: 0.08066
Epoch[314] Loss: 0.08253
Epoch[315] Loss: 0.07930
Epoch[316] Loss: 0.09092
Epoch[317] Loss: 0.10451
Epoch[318] Loss: 0.07486
Epoch[319] Loss: 0.10050
Epoch[320] Loss: 0.07951
Training Results - Epoch: 320  Accuracy: 0.99775 Loss: 0.00723
Validation Results - Epoch: 320  Accuracy: 0.54270 Loss: 2.62005
Epoch[321] Loss: 0.09521
Epoch[322] Loss: 0.08484
Epoch[323] Loss: 0.08880
Epoch[324] Loss: 0.09668
Epoch[325] Loss: 0.08725
Epoch[326] Loss: 0.07152
Epoch[327] Loss: 0.08662
Epoch[328] Loss: 0.06544
Epoch[329] Loss: 0.08937
Epoch[330] Loss: 0.07535
Training Results - Epoch: 330  Accuracy: 0.99868 Loss: 0.00536
Validation Results - Epoch: 330  Accuracy: 0.53168 Loss: 2.59563
Epoch[331] Loss: 0.08518
Epoch[332] Loss: 0.07856
Epoch[333] Loss: 0.07819
Epoch[334] Loss: 0.09313
Epoch[335] Loss: 0.08071
Epoch[336] Loss: 0.09839
Epoch[337] Loss: 0.08121
Epoch[338] Loss: 0.10211
Epoch[339] Loss: 0.07071
Epoch[340] Loss: 0.07969
Training Results - Epoch: 340  Accuracy: 0.99816 Loss: 0.00692
Validation Results - Epoch: 340  Accuracy: 0.53768 Loss: 2.56891
Epoch[341] Loss: 0.07441
Epoch[342] Loss: 0.08152
Epoch[343] Loss: 0.09294
Epoch[344] Loss: 0.07211
Epoch[345] Loss: 0.07768
Epoch[346] Loss: 0.07013
Epoch[347] Loss: 0.08272
Epoch[348] Loss: 0.07937
Epoch[349] Loss: 0.10399
Epoch[350] Loss: 0.07534
Training Results - Epoch: 350  Accuracy: 0.99863 Loss: 0.00545
Validation Results - Epoch: 350  Accuracy: 0.55749 Loss: 2.69914
Epoch[351] Loss: 0.07898
Epoch[352] Loss: 0.07655
Epoch[353] Loss: 0.08371
Epoch[354] Loss: 0.07899
Epoch[355] Loss: 0.07281
Epoch[356] Loss: 0.08758
Epoch[357] Loss: 0.11127
Epoch[358] Loss: 0.07512
Epoch[359] Loss: 0.08258
Epoch[360] Loss: 0.07349
Training Results - Epoch: 360  Accuracy: 0.99868 Loss: 0.00515
Validation Results - Epoch: 360  Accuracy: 0.53842 Loss: 2.57478
Epoch[361] Loss: 0.06214
Epoch[362] Loss: 0.06637
Epoch[363] Loss: 0.06529
Epoch[364] Loss: 0.08278
Epoch[365] Loss: 0.06568
Epoch[366] Loss: 0.07403
Epoch[367] Loss: 0.07417
Epoch[368] Loss: 0.07445
Epoch[369] Loss: 0.08369
Epoch[370] Loss: 0.06386
Training Results - Epoch: 370  Accuracy: 0.99882 Loss: 0.00514
Validation Results - Epoch: 370  Accuracy: 0.56111 Loss: 2.66070
Epoch[371] Loss: 0.08550
Epoch[372] Loss: 0.09993
Epoch[373] Loss: 0.08825
Epoch[374] Loss: 0.09014
Epoch[375] Loss: 0.08077
Epoch[376] Loss: 0.06965
Epoch[377] Loss: 0.07546
Epoch[378] Loss: 0.08711
Epoch[379] Loss: 0.08259
Epoch[380] Loss: 0.07117
Training Results - Epoch: 380  Accuracy: 0.99797 Loss: 0.00680
Validation Results - Epoch: 380  Accuracy: 0.52807 Loss: 2.53320
Epoch[381] Loss: 0.07585
Epoch[382] Loss: 0.08019
Epoch[383] Loss: 0.06518
Epoch[384] Loss: 0.08246
Epoch[385] Loss: 0.07078
Epoch[386] Loss: 0.06951
Epoch[387] Loss: 0.06387
Epoch[388] Loss: 0.07314
Epoch[389] Loss: 0.06929
Epoch[390] Loss: 0.06856
Training Results - Epoch: 390  Accuracy: 0.99732 Loss: 0.00802
Validation Results - Epoch: 390  Accuracy: 0.53538 Loss: 2.60949
Epoch[391] Loss: 0.08130
Epoch[392] Loss: 0.07017
Epoch[393] Loss: 0.06542
Epoch[394] Loss: 0.08033
Epoch[395] Loss: 0.07168
Epoch[396] Loss: 0.07917
Epoch[397] Loss: 0.09373
Epoch[398] Loss: 0.07916
Epoch[399] Loss: 0.07398
Epoch[400] Loss: 0.08414
Training Results - Epoch: 400  Accuracy: 0.99238 Loss: 0.02178
Validation Results - Epoch: 400  Accuracy: 0.56037 Loss: 2.73722
Epoch[401] Loss: 0.08933
Epoch[402] Loss: 0.07003
Epoch[403] Loss: 0.06517
Epoch[404] Loss: 0.08255
Epoch[405] Loss: 0.07658
Epoch[406] Loss: 0.08387
Epoch[407] Loss: 0.08127
Epoch[408] Loss: 0.05972
Epoch[409] Loss: 0.07234
Epoch[410] Loss: 0.07286
Training Results - Epoch: 410  Accuracy: 0.99485 Loss: 0.01410
Validation Results - Epoch: 410  Accuracy: 0.55198 Loss: 2.99025
Epoch[411] Loss: 0.08180
Epoch[412] Loss: 0.08649
Epoch[413] Loss: 0.07463
Epoch[414] Loss: 0.08182
Epoch[415] Loss: 0.08274
Epoch[416] Loss: 0.06994
Epoch[417] Loss: 0.08016
Epoch[418] Loss: 0.06465
Epoch[419] Loss: 0.08581
Epoch[420] Loss: 0.08333
Training Results - Epoch: 420  Accuracy: 0.99910 Loss: 0.00401
Validation Results - Epoch: 420  Accuracy: 0.54138 Loss: 2.66078
Epoch[421] Loss: 0.07135
Epoch[422] Loss: 0.09069
Epoch[423] Loss: 0.05510
Epoch[424] Loss: 0.06746
Epoch[425] Loss: 0.06721
Epoch[426] Loss: 0.05506
Epoch[427] Loss: 0.06713
Epoch[428] Loss: 0.06125
Epoch[429] Loss: 0.07083
Epoch[430] Loss: 0.06917
Training Results - Epoch: 430  Accuracy: 0.99655 Loss: 0.01074
Validation Results - Epoch: 430  Accuracy: 0.52527 Loss: 2.77376
Epoch[431] Loss: 0.05437
Epoch[432] Loss: 0.06892
Epoch[433] Loss: 0.06667
Epoch[434] Loss: 0.06270
Epoch[435] Loss: 0.06378
Epoch[436] Loss: 0.07636
Epoch[437] Loss: 0.08560
Epoch[438] Loss: 0.08349
Epoch[439] Loss: 0.07269
Epoch[440] Loss: 0.07043
Training Results - Epoch: 440  Accuracy: 0.99764 Loss: 0.00774
Validation Results - Epoch: 440  Accuracy: 0.56793 Loss: 2.84051
Epoch[441] Loss: 0.05248
Epoch[442] Loss: 0.07380
Epoch[443] Loss: 0.07090
Epoch[444] Loss: 0.06310
Epoch[445] Loss: 0.06891
Epoch[446] Loss: 0.06315
Epoch[447] Loss: 0.06646
Epoch[448] Loss: 0.06338
Epoch[449] Loss: 0.06668
Epoch[450] Loss: 0.06896
Training Results - Epoch: 450  Accuracy: 0.99753 Loss: 0.00820
Validation Results - Epoch: 450  Accuracy: 0.53144 Loss: 2.64050
Epoch[451] Loss: 0.07062
Epoch[452] Loss: 0.07793
Epoch[453] Loss: 0.07587
Epoch[454] Loss: 0.05021
Epoch[455] Loss: 0.06707
Epoch[456] Loss: 0.07990
Epoch[457] Loss: 0.06834
Epoch[458] Loss: 0.06607
Epoch[459] Loss: 0.06415
Epoch[460] Loss: 0.07089
Training Results - Epoch: 460  Accuracy: 0.99529 Loss: 0.01403
Validation Results - Epoch: 460  Accuracy: 0.53037 Loss: 2.82957
Epoch[461] Loss: 0.07462
Epoch[462] Loss: 0.07608
Epoch[463] Loss: 0.06712
Epoch[464] Loss: 0.06554
Epoch[465] Loss: 0.06688
Epoch[466] Loss: 0.08032
Epoch[467] Loss: 0.06423
Epoch[468] Loss: 0.07184
Epoch[469] Loss: 0.06739
Epoch[470] Loss: 0.06000
Training Results - Epoch: 470  Accuracy: 0.99890 Loss: 0.00385
Validation Results - Epoch: 470  Accuracy: 0.54812 Loss: 2.78062
Epoch[471] Loss: 0.05956
Epoch[472] Loss: 0.07042
Epoch[473] Loss: 0.07046
Epoch[474] Loss: 0.06238
Epoch[475] Loss: 0.07261
Epoch[476] Loss: 0.07667
Epoch[477] Loss: 0.05453
Epoch[478] Loss: 0.07724
Epoch[479] Loss: 0.07266
Epoch[480] Loss: 0.07320
Training Results - Epoch: 480  Accuracy: 0.99948 Loss: 0.00300
Validation Results - Epoch: 480  Accuracy: 0.55272 Loss: 2.63463
Epoch[481] Loss: 0.06468
Epoch[482] Loss: 0.07522
Epoch[483] Loss: 0.07157
Epoch[484] Loss: 0.07568
Epoch[485] Loss: 0.07125
Epoch[486] Loss: 0.06117
Epoch[487] Loss: 0.06659
Epoch[488] Loss: 0.08520
Epoch[489] Loss: 0.06625
Epoch[490] Loss: 0.06645
Training Results - Epoch: 490  Accuracy: 0.99603 Loss: 0.01166
Validation Results - Epoch: 490  Accuracy: 0.52971 Loss: 2.86921
Epoch[491] Loss: 0.06240
Epoch[492] Loss: 0.07218
Epoch[493] Loss: 0.05927
Epoch[494] Loss: 0.07407
Epoch[495] Loss: 0.07486
Epoch[496] Loss: 0.06291
Epoch[497] Loss: 0.07911
Epoch[498] Loss: 0.07084
Epoch[499] Loss: 0.06023
Epoch[500] Loss: 0.06017
Training Results - Epoch: 500  Accuracy: 0.99792 Loss: 0.00731
Validation Results - Epoch: 500  Accuracy: 0.53842 Loss: 2.82441
Epoch[501] Loss: 0.05942
Epoch[502] Loss: 0.07255
Epoch[503] Loss: 0.05196
Epoch[504] Loss: 0.06383
Epoch[505] Loss: 0.05720
Epoch[506] Loss: 0.07393
Epoch[507] Loss: 0.07303
Epoch[508] Loss: 0.05068
Epoch[509] Loss: 0.06554
Epoch[510] Loss: 0.06292
Training Results - Epoch: 510  Accuracy: 0.99814 Loss: 0.00593
Validation Results - Epoch: 510  Accuracy: 0.53259 Loss: 2.74659
Epoch[511] Loss: 0.07332
Epoch[512] Loss: 0.06789
Epoch[513] Loss: 0.07250
Epoch[514] Loss: 0.05584
Epoch[515] Loss: 0.05698
Epoch[516] Loss: 0.06783
Epoch[517] Loss: 0.07458
Epoch[518] Loss: 0.06024
Epoch[519] Loss: 0.07207
Epoch[520] Loss: 0.06258
Training Results - Epoch: 520  Accuracy: 0.99973 Loss: 0.00215
Validation Results - Epoch: 520  Accuracy: 0.54935 Loss: 2.69131
Epoch[521] Loss: 0.06522
Epoch[522] Loss: 0.07186
Epoch[523] Loss: 0.05292
Epoch[524] Loss: 0.07129
Epoch[525] Loss: 0.06791
Epoch[526] Loss: 0.07262
Epoch[527] Loss: 0.06352
Epoch[528] Loss: 0.06267
Epoch[529] Loss: 0.05628
Epoch[530] Loss: 0.05753
Training Results - Epoch: 530  Accuracy: 0.99751 Loss: 0.00704
Validation Results - Epoch: 530  Accuracy: 0.55511 Loss: 3.03427
Epoch[531] Loss: 0.09211
Epoch[532] Loss: 0.06323
Epoch[533] Loss: 0.06173
Epoch[534] Loss: 0.07914
Epoch[535] Loss: 0.06755
Epoch[536] Loss: 0.06715
Epoch[537] Loss: 0.06220
Epoch[538] Loss: 0.07945
Epoch[539] Loss: 0.06601
Epoch[540] Loss: 0.04166
Training Results - Epoch: 540  Accuracy: 0.99685 Loss: 0.00964
Validation Results - Epoch: 540  Accuracy: 0.52034 Loss: 2.72970
Epoch[541] Loss: 0.06627
Epoch[542] Loss: 0.06829
Epoch[543] Loss: 0.06338
Epoch[544] Loss: 0.08729
Epoch[545] Loss: 0.07729
Epoch[546] Loss: 0.06036
Epoch[547] Loss: 0.06331
Epoch[548] Loss: 0.06721
Epoch[549] Loss: 0.06188
Epoch[550] Loss: 0.06099
Training Results - Epoch: 550  Accuracy: 0.99595 Loss: 0.01111
Validation Results - Epoch: 550  Accuracy: 0.54615 Loss: 3.09765
Epoch[551] Loss: 0.05757
Epoch[552] Loss: 0.07130
Epoch[553] Loss: 0.06267
Epoch[554] Loss: 0.07534
Epoch[555] Loss: 0.07150
Epoch[556] Loss: 0.05659
Epoch[557] Loss: 0.04632
Epoch[558] Loss: 0.06269
Epoch[559] Loss: 0.07674
Epoch[560] Loss: 0.07446
Training Results - Epoch: 560  Accuracy: 0.99811 Loss: 0.00620
Validation Results - Epoch: 560  Accuracy: 0.53859 Loss: 2.78825
Epoch[561] Loss: 0.06665
Epoch[562] Loss: 0.04875
Epoch[563] Loss: 0.07707
Epoch[564] Loss: 0.08107
Epoch[565] Loss: 0.06297
Epoch[566] Loss: 0.05724
Epoch[567] Loss: 0.07593
Epoch[568] Loss: 0.07041
Epoch[569] Loss: 0.05876
Epoch[570] Loss: 0.06249
Training Results - Epoch: 570  Accuracy: 0.99882 Loss: 0.00438
Validation Results - Epoch: 570  Accuracy: 0.55560 Loss: 2.60748
Epoch[571] Loss: 0.06088
Epoch[572] Loss: 0.06924
Epoch[573] Loss: 0.07451
Epoch[574] Loss: 0.06695
Epoch[575] Loss: 0.08309
Epoch[576] Loss: 0.06512
Epoch[577] Loss: 0.05561
Epoch[578] Loss: 0.07589
Epoch[579] Loss: 0.07523
Epoch[580] Loss: 0.06976
Training Results - Epoch: 580  Accuracy: 0.99838 Loss: 0.00507
Validation Results - Epoch: 580  Accuracy: 0.53546 Loss: 2.90394
Epoch[581] Loss: 0.06259
Epoch[582] Loss: 0.05078
Epoch[583] Loss: 0.06422
Epoch[584] Loss: 0.06685
Epoch[585] Loss: 0.08264
Epoch[586] Loss: 0.06826
Epoch[587] Loss: 0.05983
Epoch[588] Loss: 0.06165
Epoch[589] Loss: 0.07380
Epoch[590] Loss: 0.06245
Training Results - Epoch: 590  Accuracy: 0.99833 Loss: 0.00556
Validation Results - Epoch: 590  Accuracy: 0.54927 Loss: 2.98052
Epoch[591] Loss: 0.05415
Epoch[592] Loss: 0.07621
Epoch[593] Loss: 0.07640
Epoch[594] Loss: 0.08294
Epoch[595] Loss: 0.06920
Epoch[596] Loss: 0.05742
Epoch[597] Loss: 0.06770
Epoch[598] Loss: 0.06749
Epoch[599] Loss: 0.05477
Epoch[600] Loss: 0.06385
Training Results - Epoch: 600  Accuracy: 0.99825 Loss: 0.00549
Validation Results - Epoch: 600  Accuracy: 0.53086 Loss: 2.87681
Epoch[601] Loss: 0.06251
Epoch[602] Loss: 0.05553
Epoch[603] Loss: 0.04543
Epoch[604] Loss: 0.06405
Epoch[605] Loss: 0.05355
Epoch[606] Loss: 0.05900
Epoch[607] Loss: 0.06705
Epoch[608] Loss: 0.08402
Epoch[609] Loss: 0.06480
Epoch[610] Loss: 0.05138
Training Results - Epoch: 610  Accuracy: 0.99795 Loss: 0.00626
Validation Results - Epoch: 610  Accuracy: 0.54089 Loss: 3.11681
Epoch[611] Loss: 0.07902
Epoch[612] Loss: 0.06558
Epoch[613] Loss: 0.05828
Epoch[614] Loss: 0.05472
Epoch[615] Loss: 0.05472
Epoch[616] Loss: 0.06238
Epoch[617] Loss: 0.06374
Epoch[618] Loss: 0.06526
Epoch[619] Loss: 0.06447
Epoch[620] Loss: 0.06832
Training Results - Epoch: 620  Accuracy: 0.99942 Loss: 0.00243
Validation Results - Epoch: 620  Accuracy: 0.54303 Loss: 2.84644
Epoch[621] Loss: 0.06200
Epoch[622] Loss: 0.06399
Epoch[623] Loss: 0.05169
Epoch[624] Loss: 0.04545
Epoch[625] Loss: 0.06850
Epoch[626] Loss: 0.09035
Epoch[627] Loss: 0.06621
Epoch[628] Loss: 0.05884
Epoch[629] Loss: 0.06808
Epoch[630] Loss: 0.05438
Training Results - Epoch: 630  Accuracy: 0.99830 Loss: 0.00533
Validation Results - Epoch: 630  Accuracy: 0.53785 Loss: 3.06889
Epoch[631] Loss: 0.06373
Epoch[632] Loss: 0.06859
Epoch[633] Loss: 0.06919
Epoch[634] Loss: 0.04874
Epoch[635] Loss: 0.05072
Epoch[636] Loss: 0.06098
Epoch[637] Loss: 0.06767
Epoch[638] Loss: 0.07133
Epoch[639] Loss: 0.06350
Epoch[640] Loss: 0.05412
Training Results - Epoch: 640  Accuracy: 0.99962 Loss: 0.00236
Validation Results - Epoch: 640  Accuracy: 0.54771 Loss: 2.54344
Epoch[641] Loss: 0.07536
Epoch[642] Loss: 0.05954
Epoch[643] Loss: 0.06937
Epoch[644] Loss: 0.05248
Epoch[645] Loss: 0.05657
Epoch[646] Loss: 0.06730
Epoch[647] Loss: 0.06821
Epoch[648] Loss: 0.05625
Epoch[649] Loss: 0.05868
Epoch[650] Loss: 0.05681
Training Results - Epoch: 650  Accuracy: 0.99967 Loss: 0.00185
Validation Results - Epoch: 650  Accuracy: 0.55725 Loss: 2.96935
Epoch[651] Loss: 0.05556
Epoch[652] Loss: 0.05764
Epoch[653] Loss: 0.07100
Epoch[654] Loss: 0.07661
Epoch[655] Loss: 0.05726
Epoch[656] Loss: 0.06016
Epoch[657] Loss: 0.05853
Epoch[658] Loss: 0.05337
Epoch[659] Loss: 0.05844
Epoch[660] Loss: 0.06467
Training Results - Epoch: 660  Accuracy: 0.99825 Loss: 0.00560
Validation Results - Epoch: 660  Accuracy: 0.53867 Loss: 3.10341
Epoch[661] Loss: 0.05910
Epoch[662] Loss: 0.06812
Epoch[663] Loss: 0.05760
Epoch[664] Loss: 0.06276
Epoch[665] Loss: 0.05310
Epoch[666] Loss: 0.04981
Epoch[667] Loss: 0.05319
Epoch[668] Loss: 0.05322
Epoch[669] Loss: 0.08367
Epoch[670] Loss: 0.06981
Training Results - Epoch: 670  Accuracy: 0.99841 Loss: 0.00512
Validation Results - Epoch: 670  Accuracy: 0.53283 Loss: 2.66237
Epoch[671] Loss: 0.05076
Epoch[672] Loss: 0.07798
Epoch[673] Loss: 0.05549
Epoch[674] Loss: 0.06134
Epoch[675] Loss: 0.06552
Epoch[676] Loss: 0.05127
Epoch[677] Loss: 0.05922
Epoch[678] Loss: 0.05205
Epoch[679] Loss: 0.05196
Epoch[680] Loss: 0.07157
Training Results - Epoch: 680  Accuracy: 0.99926 Loss: 0.00294
Validation Results - Epoch: 680  Accuracy: 0.54401 Loss: 2.70977
Epoch[681] Loss: 0.06628
Epoch[682] Loss: 0.06607
Epoch[683] Loss: 0.06196
Epoch[684] Loss: 0.04751
Epoch[685] Loss: 0.04593
Epoch[686] Loss: 0.05607
Epoch[687] Loss: 0.04930
Epoch[688] Loss: 0.05749
Epoch[689] Loss: 0.06279
Epoch[690] Loss: 0.06141
Training Results - Epoch: 690  Accuracy: 0.99819 Loss: 0.00641
Validation Results - Epoch: 690  Accuracy: 0.52733 Loss: 3.02643
Epoch[691] Loss: 0.05508
Epoch[692] Loss: 0.06297
Epoch[693] Loss: 0.05617
Epoch[694] Loss: 0.05392
Epoch[695] Loss: 0.06002
Epoch[696] Loss: 0.05813
Epoch[697] Loss: 0.06731
Epoch[698] Loss: 0.04418
Epoch[699] Loss: 0.04462
Epoch[700] Loss: 0.05442
Training Results - Epoch: 700  Accuracy: 0.99797 Loss: 0.00600
Validation Results - Epoch: 700  Accuracy: 0.53744 Loss: 2.98978
Epoch[701] Loss: 0.05786
Epoch[702] Loss: 0.06663
Epoch[703] Loss: 0.06044
Epoch[704] Loss: 0.04726
Epoch[705] Loss: 0.05591
Epoch[706] Loss: 0.06247
Epoch[707] Loss: 0.05538
Epoch[708] Loss: 0.07076
Epoch[709] Loss: 0.04179
Epoch[710] Loss: 0.04713
Training Results - Epoch: 710  Accuracy: 0.99707 Loss: 0.00913
Validation Results - Epoch: 710  Accuracy: 0.52347 Loss: 2.98672
Epoch[711] Loss: 0.06047
Epoch[712] Loss: 0.05606
Epoch[713] Loss: 0.05340
Epoch[714] Loss: 0.05429
Epoch[715] Loss: 0.05892
Epoch[716] Loss: 0.06386
Epoch[717] Loss: 0.05297
Epoch[718] Loss: 0.05950
Epoch[719] Loss: 0.05944
Epoch[720] Loss: 0.06830
Training Results - Epoch: 720  Accuracy: 0.99879 Loss: 0.00390
Validation Results - Epoch: 720  Accuracy: 0.53431 Loss: 2.95346
Epoch[721] Loss: 0.04981
Epoch[722] Loss: 0.05388
Epoch[723] Loss: 0.05719
Epoch[724] Loss: 0.06055
Epoch[725] Loss: 0.04026
Epoch[726] Loss: 0.06360
Epoch[727] Loss: 0.05683
Epoch[728] Loss: 0.05400
Epoch[729] Loss: 0.05145
Epoch[730] Loss: 0.05219
Training Results - Epoch: 730  Accuracy: 0.99964 Loss: 0.00164
Validation Results - Epoch: 730  Accuracy: 0.56324 Loss: 2.96722
Epoch[731] Loss: 0.05429
Epoch[732] Loss: 0.05856
Epoch[733] Loss: 0.05531
Epoch[734] Loss: 0.06953
Epoch[735] Loss: 0.06427
Epoch[736] Loss: 0.07106
Epoch[737] Loss: 0.05433
Epoch[738] Loss: 0.05561
Epoch[739] Loss: 0.06551
Epoch[740] Loss: 0.03744
Training Results - Epoch: 740  Accuracy: 0.99907 Loss: 0.00332
Validation Results - Epoch: 740  Accuracy: 0.53390 Loss: 2.89954
Epoch[741] Loss: 0.06206
Epoch[742] Loss: 0.07380
Epoch[743] Loss: 0.05038
Epoch[744] Loss: 0.06667
Epoch[745] Loss: 0.05917
Epoch[746] Loss: 0.05056
Epoch[747] Loss: 0.05472
Epoch[748] Loss: 0.05478
Epoch[749] Loss: 0.04910
Epoch[750] Loss: 0.05581
Training Results - Epoch: 750  Accuracy: 0.99671 Loss: 0.00944
Validation Results - Epoch: 750  Accuracy: 0.52996 Loss: 3.01966
Epoch[751] Loss: 0.07329
Epoch[752] Loss: 0.07103
Epoch[753] Loss: 0.06521
Epoch[754] Loss: 0.04983
Epoch[755] Loss: 0.05263
Epoch[756] Loss: 0.06133
Epoch[757] Loss: 0.07479
Epoch[758] Loss: 0.07146
Epoch[759] Loss: 0.05866
Epoch[760] Loss: 0.03720
Training Results - Epoch: 760  Accuracy: 0.99948 Loss: 0.00197
Validation Results - Epoch: 760  Accuracy: 0.54500 Loss: 3.09177
Epoch[761] Loss: 0.04188
Epoch[762] Loss: 0.06615
Epoch[763] Loss: 0.06408
Epoch[764] Loss: 0.04959
Epoch[765] Loss: 0.05409
Epoch[766] Loss: 0.06181
Epoch[767] Loss: 0.06280
Epoch[768] Loss: 0.04811
Epoch[769] Loss: 0.05669
Epoch[770] Loss: 0.04895
Training Results - Epoch: 770  Accuracy: 0.99970 Loss: 0.00151
Validation Results - Epoch: 770  Accuracy: 0.54837 Loss: 3.01197
Epoch[771] Loss: 0.07330
Epoch[772] Loss: 0.04179
Epoch[773] Loss: 0.06039
Epoch[774] Loss: 0.06318
Epoch[775] Loss: 0.06303
Epoch[776] Loss: 0.04688
Epoch[777] Loss: 0.05460
Epoch[778] Loss: 0.04743
Epoch[779] Loss: 0.06134
Epoch[780] Loss: 0.06562
Training Results - Epoch: 780  Accuracy: 0.99732 Loss: 0.00790
Validation Results - Epoch: 780  Accuracy: 0.52716 Loss: 2.97788
Epoch[781] Loss: 0.05987
Epoch[782] Loss: 0.05275
Epoch[783] Loss: 0.05219
Epoch[784] Loss: 0.06829
Epoch[785] Loss: 0.07691
Epoch[786] Loss: 0.05437
Epoch[787] Loss: 0.03924
Epoch[788] Loss: 0.05990
Epoch[789] Loss: 0.06496
Epoch[790] Loss: 0.06866
Training Results - Epoch: 790  Accuracy: 0.99879 Loss: 0.00375
Validation Results - Epoch: 790  Accuracy: 0.54163 Loss: 3.18349
Epoch[791] Loss: 0.05259
Epoch[792] Loss: 0.04847
Epoch[793] Loss: 0.05995
Epoch[794] Loss: 0.05507
Epoch[795] Loss: 0.07402
Epoch[796] Loss: 0.04610
Epoch[797] Loss: 0.04644
Epoch[798] Loss: 0.05395
Epoch[799] Loss: 0.05888
Epoch[800] Loss: 0.06013
Training Results - Epoch: 800  Accuracy: 0.99682 Loss: 0.00829
Validation Results - Epoch: 800  Accuracy: 0.53341 Loss: 3.41673
Epoch[801] Loss: 0.05494
Epoch[802] Loss: 0.06802
Epoch[803] Loss: 0.04870
Epoch[804] Loss: 0.04514
Epoch[805] Loss: 0.05318
Epoch[806] Loss: 0.06908
Epoch[807] Loss: 0.05560
Epoch[808] Loss: 0.04914
Epoch[809] Loss: 0.06124
Epoch[810] Loss: 0.06909
Training Results - Epoch: 810  Accuracy: 0.99879 Loss: 0.00317
Validation Results - Epoch: 810  Accuracy: 0.53974 Loss: 2.91552
Epoch[811] Loss: 0.06670
Epoch[812] Loss: 0.06083
Epoch[813] Loss: 0.05815
Epoch[814] Loss: 0.04178
Epoch[815] Loss: 0.05389
Epoch[816] Loss: 0.06945
Epoch[817] Loss: 0.05419
Epoch[818] Loss: 0.05415
Epoch[819] Loss: 0.05660
Epoch[820] Loss: 0.05727
Training Results - Epoch: 820  Accuracy: 0.99770 Loss: 0.00698
Validation Results - Epoch: 820  Accuracy: 0.53103 Loss: 3.14329
Epoch[821] Loss: 0.05214
Epoch[822] Loss: 0.04316
Epoch[823] Loss: 0.06149
Epoch[824] Loss: 0.05045
Epoch[825] Loss: 0.04359
Epoch[826] Loss: 0.04268
Epoch[827] Loss: 0.07818
Epoch[828] Loss: 0.04771
Epoch[829] Loss: 0.06099
Epoch[830] Loss: 0.06107
Training Results - Epoch: 830  Accuracy: 0.99942 Loss: 0.00223
Validation Results - Epoch: 830  Accuracy: 0.54023 Loss: 2.83218
Epoch[831] Loss: 0.04883
Epoch[832] Loss: 0.04132
Epoch[833] Loss: 0.06205
Epoch[834] Loss: 0.06383
Epoch[835] Loss: 0.06735
Epoch[836] Loss: 0.06493
Epoch[837] Loss: 0.05677
Epoch[838] Loss: 0.05359
Epoch[839] Loss: 0.04635
Epoch[840] Loss: 0.05358
Training Results - Epoch: 840  Accuracy: 0.99849 Loss: 0.00458
Validation Results - Epoch: 840  Accuracy: 0.53029 Loss: 2.98769
Epoch[841] Loss: 0.06424
Epoch[842] Loss: 0.06027
Epoch[843] Loss: 0.06479
Epoch[844] Loss: 0.05038
Epoch[845] Loss: 0.04861
Epoch[846] Loss: 0.06185
Epoch[847] Loss: 0.05859
Epoch[848] Loss: 0.05962
Epoch[849] Loss: 0.06453
Epoch[850] Loss: 0.05254
Training Results - Epoch: 850  Accuracy: 0.99784 Loss: 0.00598
Validation Results - Epoch: 850  Accuracy: 0.54007 Loss: 2.92298
Epoch[851] Loss: 0.04605
Epoch[852] Loss: 0.05364
Epoch[853] Loss: 0.04937
Epoch[854] Loss: 0.04807
Epoch[855] Loss: 0.06262
Epoch[856] Loss: 0.04507
Epoch[857] Loss: 0.05440
Epoch[858] Loss: 0.04956
Epoch[859] Loss: 0.06234
Epoch[860] Loss: 0.04874
Training Results - Epoch: 860  Accuracy: 0.99948 Loss: 0.00232
Validation Results - Epoch: 860  Accuracy: 0.55889 Loss: 2.96266
Epoch[861] Loss: 0.06068
Epoch[862] Loss: 0.06785
Epoch[863] Loss: 0.05255
Epoch[864] Loss: 0.05466
Epoch[865] Loss: 0.04195
Epoch[866] Loss: 0.04358
Epoch[867] Loss: 0.05522
Epoch[868] Loss: 0.05192
Epoch[869] Loss: 0.05002
Epoch[870] Loss: 0.05936
Training Results - Epoch: 870  Accuracy: 0.99956 Loss: 0.00203
Validation Results - Epoch: 870  Accuracy: 0.54525 Loss: 3.01463
Epoch[871] Loss: 0.05388
Epoch[872] Loss: 0.07098
Epoch[873] Loss: 0.05158
Epoch[874] Loss: 0.04953
Epoch[875] Loss: 0.04940
Epoch[876] Loss: 0.06597
Epoch[877] Loss: 0.05387
Epoch[878] Loss: 0.06376
Epoch[879] Loss: 0.05384
Epoch[880] Loss: 0.05654
Training Results - Epoch: 880  Accuracy: 0.99866 Loss: 0.00415
Validation Results - Epoch: 880  Accuracy: 0.53694 Loss: 3.04703
Epoch[881] Loss: 0.04183
Epoch[882] Loss: 0.05811
Epoch[883] Loss: 0.04539
Epoch[884] Loss: 0.05501
Epoch[885] Loss: 0.05879
Epoch[886] Loss: 0.07088
Epoch[887] Loss: 0.04621
Epoch[888] Loss: 0.05802
Epoch[889] Loss: 0.06120
Epoch[890] Loss: 0.04895
Training Results - Epoch: 890  Accuracy: 0.99959 Loss: 0.00190
Validation Results - Epoch: 890  Accuracy: 0.54607 Loss: 2.99802
Epoch[891] Loss: 0.05005
Epoch[892] Loss: 0.04977
Epoch[893] Loss: 0.04495
Epoch[894] Loss: 0.04388
Epoch[895] Loss: 0.05490
Epoch[896] Loss: 0.07174
Epoch[897] Loss: 0.04750
Epoch[898] Loss: 0.04456
Epoch[899] Loss: 0.04886
Epoch[900] Loss: 0.05424
Training Results - Epoch: 900  Accuracy: 0.99858 Loss: 0.00466
Validation Results - Epoch: 900  Accuracy: 0.54886 Loss: 3.13995
Epoch[901] Loss: 0.04637
Epoch[902] Loss: 0.04179
Epoch[903] Loss: 0.06031
Epoch[904] Loss: 0.05008
Epoch[905] Loss: 0.05110
Epoch[906] Loss: 0.05493
Epoch[907] Loss: 0.05415
Epoch[908] Loss: 0.06068
Epoch[909] Loss: 0.05259
Epoch[910] Loss: 0.06460
Training Results - Epoch: 910  Accuracy: 0.99962 Loss: 0.00188
Validation Results - Epoch: 910  Accuracy: 0.55568 Loss: 3.02657
Epoch[911] Loss: 0.05125
Epoch[912] Loss: 0.06745
Epoch[913] Loss: 0.04097
Epoch[914] Loss: 0.03693
Epoch[915] Loss: 0.03803
Epoch[916] Loss: 0.03915
Epoch[917] Loss: 0.04987
Epoch[918] Loss: 0.04364
Epoch[919] Loss: 0.05013
Epoch[920] Loss: 0.03958
Training Results - Epoch: 920  Accuracy: 0.99923 Loss: 0.00248
Validation Results - Epoch: 920  Accuracy: 0.55149 Loss: 3.10370
Epoch[921] Loss: 0.04968
Epoch[922] Loss: 0.04970
Epoch[923] Loss: 0.05663
Epoch[924] Loss: 0.05321
Epoch[925] Loss: 0.05794
Epoch[926] Loss: 0.05022
Epoch[927] Loss: 0.04766
Epoch[928] Loss: 0.04592
Epoch[929] Loss: 0.06659
Epoch[930] Loss: 0.06004
Training Results - Epoch: 930  Accuracy: 0.99844 Loss: 0.00447
Validation Results - Epoch: 930  Accuracy: 0.53662 Loss: 3.12295
Epoch[931] Loss: 0.05176
Epoch[932] Loss: 0.04585
Epoch[933] Loss: 0.05120
Epoch[934] Loss: 0.06743
Epoch[935] Loss: 0.05026
Epoch[936] Loss: 0.05430
Epoch[937] Loss: 0.05972
Epoch[938] Loss: 0.05538
Epoch[939] Loss: 0.03929
Epoch[940] Loss: 0.04886
Training Results - Epoch: 940  Accuracy: 0.99948 Loss: 0.00231
Validation Results - Epoch: 940  Accuracy: 0.53177 Loss: 2.88273
Epoch[941] Loss: 0.04479
Epoch[942] Loss: 0.05570
Epoch[943] Loss: 0.04192
Epoch[944] Loss: 0.05501
Epoch[945] Loss: 0.05979
Epoch[946] Loss: 0.05452
Epoch[947] Loss: 0.04928
Epoch[948] Loss: 0.04363
Epoch[949] Loss: 0.05090
Epoch[950] Loss: 0.05819
Training Results - Epoch: 950  Accuracy: 0.99863 Loss: 0.00372
Validation Results - Epoch: 950  Accuracy: 0.54664 Loss: 3.28188
Epoch[951] Loss: 0.04827
Epoch[952] Loss: 0.06244
Epoch[953] Loss: 0.05443
Epoch[954] Loss: 0.05704
Epoch[955] Loss: 0.06929
Epoch[956] Loss: 0.04312
Epoch[957] Loss: 0.04943
Epoch[958] Loss: 0.05230
Epoch[959] Loss: 0.05198
Epoch[960] Loss: 0.10158
Training Results - Epoch: 960  Accuracy: 0.99767 Loss: 0.00816
Validation Results - Epoch: 960  Accuracy: 0.55708 Loss: 2.36826
Epoch[961] Loss: 0.06715
Epoch[962] Loss: 0.04786
Epoch[963] Loss: 0.06774
Epoch[964] Loss: 0.05425
Epoch[965] Loss: 0.04202
Epoch[966] Loss: 0.06274
Epoch[967] Loss: 0.06393
Epoch[968] Loss: 0.05876
Epoch[969] Loss: 0.05469
Epoch[970] Loss: 0.04947
Training Results - Epoch: 970  Accuracy: 0.99827 Loss: 0.00472
Validation Results - Epoch: 970  Accuracy: 0.55371 Loss: 3.21404
Epoch[971] Loss: 0.06140
Epoch[972] Loss: 0.04889
Epoch[973] Loss: 0.04598
Epoch[974] Loss: 0.04894
Epoch[975] Loss: 0.04057
Epoch[976] Loss: 0.06095
Epoch[977] Loss: 0.05438
Epoch[978] Loss: 0.04038
Epoch[979] Loss: 0.04780
Epoch[980] Loss: 0.05562
Training Results - Epoch: 980  Accuracy: 0.99866 Loss: 0.00422
Validation Results - Epoch: 980  Accuracy: 0.54212 Loss: 3.10663
Epoch[981] Loss: 0.05997
Epoch[982] Loss: 0.04840
Epoch[983] Loss: 0.05079
Epoch[984] Loss: 0.04830
Epoch[985] Loss: 0.05399
Epoch[986] Loss: 0.05795
Epoch[987] Loss: 0.05755
Epoch[988] Loss: 0.05014
Epoch[989] Loss: 0.05880
Epoch[990] Loss: 0.06036
Training Results - Epoch: 990  Accuracy: 0.99942 Loss: 0.00262
Validation Results - Epoch: 990  Accuracy: 0.56596 Loss: 3.05944
Epoch[991] Loss: 0.06763
Epoch[992] Loss: 0.04471
Epoch[993] Loss: 0.05413
Epoch[994] Loss: 0.04739
Epoch[995] Loss: 0.06330
Epoch[996] Loss: 0.05926
Epoch[997] Loss: 0.04749
Epoch[998] Loss: 0.05124
Epoch[999] Loss: 0.06002
Epoch[1000] Loss: 0.05173
Training Results - Epoch: 1000  Accuracy: 0.99912 Loss: 0.00280
Validation Results - Epoch: 1000  Accuracy: 0.54393 Loss: 3.21253
done
