0.0 1.0000000000000036
train data shape (292002, 4096, 1)
test data shape (97334, 4096, 1)
Epoch[1] Loss: 0.65443
Epoch[2] Loss: 0.65223
Epoch[3] Loss: 0.65675
Epoch[4] Loss: 0.65480
Epoch[5] Loss: 0.65674
Epoch[6] Loss: 0.64963
Epoch[7] Loss: 0.66470
Epoch[8] Loss: 0.65061
Epoch[9] Loss: 0.65353
Epoch[10] Loss: 0.65978
Epoch[11] Loss: 0.65978
Epoch[12] Loss: 0.66873
Epoch[13] Loss: 0.64102
Epoch[14] Loss: 0.65343
Epoch[15] Loss: 0.64948
Epoch[16] Loss: 0.66644
Epoch[17] Loss: 0.64562
Epoch[18] Loss: 0.64128
Epoch[19] Loss: 0.65397
Epoch[20] Loss: 0.66071
Epoch[21] Loss: 0.64752
Epoch[22] Loss: 0.65294
Epoch[23] Loss: 0.67042
Epoch[24] Loss: 0.65594
Epoch[25] Loss: 0.65352
Training Results - Epoch: 25  Accuracy: 0.64135 Loss: 0.65267
Validation Results - Epoch: 25  Accuracy: 0.64191 Loss: 0.65234
Epoch[26] Loss: 0.65589
Epoch[27] Loss: 0.65350
Epoch[28] Loss: 0.65643
Epoch[29] Loss: 0.65639
Epoch[30] Loss: 0.64951
Epoch[31] Loss: 0.65355
Epoch[32] Loss: 0.66538
Epoch[33] Loss: 0.65347
Epoch[34] Loss: 0.65295
Epoch[35] Loss: 0.64132
Epoch[36] Loss: 0.65147
Epoch[37] Loss: 0.64565
Epoch[38] Loss: 0.64908
Epoch[39] Loss: 0.66023
Epoch[40] Loss: 0.65147
Epoch[41] Loss: 0.65533
Epoch[42] Loss: 0.65146
Epoch[43] Loss: 0.65583
Epoch[44] Loss: 0.65064
Epoch[45] Loss: 0.64386
Epoch[46] Loss: 0.64497
Epoch[47] Loss: 0.64903
Epoch[48] Loss: 0.64685
Epoch[49] Loss: 0.66058
Epoch[50] Loss: 0.64902
Training Results - Epoch: 50  Accuracy: 0.64135 Loss: 0.65265
Validation Results - Epoch: 50  Accuracy: 0.64191 Loss: 0.65232
Epoch[51] Loss: 0.66452
Epoch[52] Loss: 0.65201
Epoch[53] Loss: 0.65928
Epoch[54] Loss: 0.64385
Epoch[55] Loss: 0.65848
Epoch[56] Loss: 0.66150
Epoch[57] Loss: 0.64616
Epoch[58] Loss: 0.66165
Epoch[59] Loss: 0.65960
Epoch[60] Loss: 0.64613
Epoch[61] Loss: 0.65337
Epoch[62] Loss: 0.65878
Epoch[63] Loss: 0.65526
Epoch[64] Loss: 0.65488
Epoch[65] Loss: 0.66045
Epoch[66] Loss: 0.64558
Epoch[67] Loss: 0.65308
Epoch[68] Loss: 0.64538
Epoch[69] Loss: 0.65304
Epoch[70] Loss: 0.64103
Epoch[71] Loss: 0.65044
Epoch[72] Loss: 0.64478
Epoch[73] Loss: 0.64185
Epoch[74] Loss: 0.64686
Epoch[75] Loss: 0.67238
Training Results - Epoch: 75  Accuracy: 0.64135 Loss: 0.65264
Validation Results - Epoch: 75  Accuracy: 0.64191 Loss: 0.65232
Epoch[76] Loss: 0.64802
Epoch[77] Loss: 0.66723
Epoch[78] Loss: 0.65728
Epoch[79] Loss: 0.64221
Epoch[80] Loss: 0.65436
Epoch[81] Loss: 0.65139
Epoch[82] Loss: 0.65815
Epoch[83] Loss: 0.64703
Epoch[84] Loss: 0.66330
Epoch[85] Loss: 0.65004
Epoch[86] Loss: 0.65203
Epoch[87] Loss: 0.64946
Epoch[88] Loss: 0.64261
Epoch[89] Loss: 0.65626
Epoch[90] Loss: 0.64061
Epoch[91] Loss: 0.64946
Epoch[92] Loss: 0.64875
Epoch[93] Loss: 0.65927
Epoch[94] Loss: 0.66058
Epoch[95] Loss: 0.64635
Epoch[96] Loss: 0.64277
Epoch[97] Loss: 0.64548
Epoch[98] Loss: 0.64993
Epoch[99] Loss: 0.65249
Epoch[100] Loss: 0.64711
Training Results - Epoch: 100  Accuracy: 0.64135 Loss: 0.65263
Validation Results - Epoch: 100  Accuracy: 0.64191 Loss: 0.65230
Epoch[101] Loss: 0.63930
Epoch[102] Loss: 0.65151
Epoch[103] Loss: 0.65133
Epoch[104] Loss: 0.66083
Epoch[105] Loss: 0.63282
Epoch[106] Loss: 0.66052
Epoch[107] Loss: 0.64048
Epoch[108] Loss: 0.67042
Epoch[109] Loss: 0.64337
Epoch[110] Loss: 0.63351
Epoch[111] Loss: 0.64857
Epoch[112] Loss: 0.64282
Epoch[113] Loss: 0.66328
Epoch[114] Loss: 0.65976
Epoch[115] Loss: 0.66070
Epoch[116] Loss: 0.65723
Epoch[117] Loss: 0.64885
Epoch[118] Loss: 0.65568
Epoch[119] Loss: 0.64849
Epoch[120] Loss: 0.65498
Epoch[121] Loss: 0.66126
Epoch[122] Loss: 0.64527
Epoch[123] Loss: 0.64712
Epoch[124] Loss: 0.66008
Epoch[125] Loss: 0.64892
Training Results - Epoch: 125  Accuracy: 0.64135 Loss: 0.65281
Validation Results - Epoch: 125  Accuracy: 0.64191 Loss: 0.65246
Epoch[126] Loss: 0.64392
Epoch[127] Loss: 0.65914
Epoch[128] Loss: 0.64343
Epoch[129] Loss: 0.65777
Epoch[130] Loss: 0.65482
Epoch[131] Loss: 0.63331
Epoch[132] Loss: 0.66325
Epoch[133] Loss: 0.65139
Epoch[134] Loss: 0.64131
Epoch[135] Loss: 0.66138
Epoch[136] Loss: 0.65398
Epoch[137] Loss: 0.65944
Epoch[138] Loss: 0.64373
Epoch[139] Loss: 0.65386
Epoch[140] Loss: 0.65756
Epoch[141] Loss: 0.66368
Epoch[142] Loss: 0.65728
Epoch[143] Loss: 0.65431
Epoch[144] Loss: 0.65218
Epoch[145] Loss: 0.65327
Epoch[146] Loss: 0.65043
Epoch[147] Loss: 0.66636
Epoch[148] Loss: 0.64738
Epoch[149] Loss: 0.66866
Epoch[150] Loss: 0.65340
Training Results - Epoch: 150  Accuracy: 0.64135 Loss: 0.65264
Validation Results - Epoch: 150  Accuracy: 0.64191 Loss: 0.65232
Epoch[151] Loss: 0.64189
Epoch[152] Loss: 0.64494
Epoch[153] Loss: 0.63402
Epoch[154] Loss: 0.65581
Epoch[155] Loss: 0.66406
Epoch[156] Loss: 0.68027
Epoch[157] Loss: 0.64059
Epoch[158] Loss: 0.65545
Epoch[159] Loss: 0.65687
Epoch[160] Loss: 0.64918
Epoch[161] Loss: 0.65399
Epoch[162] Loss: 0.65194
Epoch[163] Loss: 0.65201
Epoch[164] Loss: 0.64376
Epoch[165] Loss: 0.64123
Epoch[166] Loss: 0.64757
Epoch[167] Loss: 0.65482
Epoch[168] Loss: 0.65836
Epoch[169] Loss: 0.66267
Epoch[170] Loss: 0.65141
Epoch[171] Loss: 0.65297
Epoch[172] Loss: 0.65581
Epoch[173] Loss: 0.65911
Epoch[174] Loss: 0.66154
Epoch[175] Loss: 0.63701
Training Results - Epoch: 175  Accuracy: 0.64135 Loss: 0.65263
Validation Results - Epoch: 175  Accuracy: 0.64191 Loss: 0.65231
Epoch[176] Loss: 0.65147
Epoch[177] Loss: 0.64608
Epoch[178] Loss: 0.65737
Epoch[179] Loss: 0.65880
Epoch[180] Loss: 0.65997
Epoch[181] Loss: 0.65000
Epoch[182] Loss: 0.65412
Epoch[183] Loss: 0.66816
Epoch[184] Loss: 0.65149
Epoch[185] Loss: 0.64847
Epoch[186] Loss: 0.64679
Epoch[187] Loss: 0.64179
Epoch[188] Loss: 0.66640
Epoch[189] Loss: 0.65741
Epoch[190] Loss: 0.65067
Epoch[191] Loss: 0.64797
Epoch[192] Loss: 0.65250
Epoch[193] Loss: 0.65283
Epoch[194] Loss: 0.65472
Epoch[195] Loss: 0.64896
Epoch[196] Loss: 0.65285
Epoch[197] Loss: 0.64760
Epoch[198] Loss: 0.65438
Epoch[199] Loss: 0.65259
Epoch[200] Loss: 0.65479
Training Results - Epoch: 200  Accuracy: 0.64135 Loss: 0.65263
Validation Results - Epoch: 200  Accuracy: 0.64191 Loss: 0.65230
Epoch[201] Loss: 0.65492
Epoch[202] Loss: 0.65932
Epoch[203] Loss: 0.64255
Epoch[204] Loss: 0.64934
Epoch[205] Loss: 0.64694
Epoch[206] Loss: 0.64477
Epoch[207] Loss: 0.65358
Epoch[208] Loss: 0.65503
Epoch[209] Loss: 0.65534
Epoch[210] Loss: 0.65202
Epoch[211] Loss: 0.66258
Epoch[212] Loss: 0.66724
Epoch[213] Loss: 0.64790
Epoch[214] Loss: 0.64363
Epoch[215] Loss: 0.65384
Epoch[216] Loss: 0.65196
Epoch[217] Loss: 0.65219
Epoch[218] Loss: 0.64901
Epoch[219] Loss: 0.64639
Epoch[220] Loss: 0.64989
Epoch[221] Loss: 0.65296
Epoch[222] Loss: 0.65210
Epoch[223] Loss: 0.64603
Epoch[224] Loss: 0.65910
Epoch[225] Loss: 0.65001
Training Results - Epoch: 225  Accuracy: 0.64135 Loss: 0.65263
Validation Results - Epoch: 225  Accuracy: 0.64191 Loss: 0.65230
Epoch[226] Loss: 0.65383
Epoch[227] Loss: 0.64532
Epoch[228] Loss: 0.65743
Epoch[229] Loss: 0.66322
Epoch[230] Loss: 0.65964
Epoch[231] Loss: 0.65436
Epoch[232] Loss: 0.63884
Epoch[233] Loss: 0.65806
Epoch[234] Loss: 0.65200
Epoch[235] Loss: 0.66871
Epoch[236] Loss: 0.64640
Epoch[237] Loss: 0.63747
Epoch[238] Loss: 0.64123
Epoch[239] Loss: 0.65649
Epoch[240] Loss: 0.64301
Epoch[241] Loss: 0.65939
Epoch[242] Loss: 0.64941
Epoch[243] Loss: 0.66428
Epoch[244] Loss: 0.64303
Epoch[245] Loss: 0.65725
Epoch[246] Loss: 0.66156
Epoch[247] Loss: 0.65684
Epoch[248] Loss: 0.64841
Epoch[249] Loss: 0.64780
Epoch[250] Loss: 0.65258
Training Results - Epoch: 250  Accuracy: 0.64135 Loss: 0.65263
Validation Results - Epoch: 250  Accuracy: 0.64191 Loss: 0.65230
Epoch[251] Loss: 0.64144
Epoch[252] Loss: 0.65594
Epoch[253] Loss: 0.66079
Epoch[254] Loss: 0.64585
Epoch[255] Loss: 0.64693
Epoch[256] Loss: 0.67041
Epoch[257] Loss: 0.64928
Epoch[258] Loss: 0.65884
Epoch[259] Loss: 0.66033
Epoch[260] Loss: 0.64946
Epoch[261] Loss: 0.64657
Epoch[262] Loss: 0.66605
Epoch[263] Loss: 0.65724
Epoch[264] Loss: 0.65494
Epoch[265] Loss: 0.66148
Epoch[266] Loss: 0.64455
Epoch[267] Loss: 0.65301
Epoch[268] Loss: 0.64369
Epoch[269] Loss: 0.66249
Epoch[270] Loss: 0.64926
Epoch[271] Loss: 0.66309
Epoch[272] Loss: 0.65588
Epoch[273] Loss: 0.65638
Epoch[274] Loss: 0.64510
Epoch[275] Loss: 0.65534
Training Results - Epoch: 275  Accuracy: 0.64135 Loss: 0.65263
Validation Results - Epoch: 275  Accuracy: 0.64191 Loss: 0.65230
Epoch[276] Loss: 0.65651
Epoch[277] Loss: 0.65383
Epoch[278] Loss: 0.65982
Epoch[279] Loss: 0.66222
Epoch[280] Loss: 0.63900
Epoch[281] Loss: 0.65926
Epoch[282] Loss: 0.66076
Epoch[283] Loss: 0.65658
Epoch[284] Loss: 0.64417
Epoch[285] Loss: 0.65251
Epoch[286] Loss: 0.64351
Epoch[287] Loss: 0.63861
Epoch[288] Loss: 0.65165
Epoch[289] Loss: 0.65257
Epoch[290] Loss: 0.65105
Epoch[291] Loss: 0.65253
Epoch[292] Loss: 0.65926
Epoch[293] Loss: 0.64519
Epoch[294] Loss: 0.65770
Epoch[295] Loss: 0.65902
Epoch[296] Loss: 0.64349
Epoch[297] Loss: 0.64830
Epoch[298] Loss: 0.65299
Epoch[299] Loss: 0.65584
Epoch[300] Loss: 0.64904
Training Results - Epoch: 300  Accuracy: 0.64135 Loss: 0.65265
Validation Results - Epoch: 300  Accuracy: 0.64191 Loss: 0.65232
Epoch[301] Loss: 0.65546
Epoch[302] Loss: 0.64984
Epoch[303] Loss: 0.64470
Epoch[304] Loss: 0.64654
Epoch[305] Loss: 0.66118
Epoch[306] Loss: 0.64872
Epoch[307] Loss: 0.66088
Epoch[308] Loss: 0.65011
Epoch[309] Loss: 0.65296
Epoch[310] Loss: 0.67028
Epoch[311] Loss: 0.64269
Epoch[312] Loss: 0.64606
Epoch[313] Loss: 0.65839
Epoch[314] Loss: 0.64074
Epoch[315] Loss: 0.65190
Epoch[316] Loss: 0.66369
Epoch[317] Loss: 0.66042
Epoch[318] Loss: 0.66583
Epoch[319] Loss: 0.64997
Epoch[320] Loss: 0.65068
Epoch[321] Loss: 0.65766
Epoch[322] Loss: 0.65061
Epoch[323] Loss: 0.67086
Epoch[324] Loss: 0.64959
Epoch[325] Loss: 0.65872
Training Results - Epoch: 325  Accuracy: 0.64135 Loss: 0.65263
Validation Results - Epoch: 325  Accuracy: 0.64191 Loss: 0.65230
Epoch[326] Loss: 0.66841
Epoch[327] Loss: 0.64803
Epoch[328] Loss: 0.65239
Epoch[329] Loss: 0.63930
Epoch[330] Loss: 0.64955
Epoch[331] Loss: 0.65338
Epoch[332] Loss: 0.66091
Epoch[333] Loss: 0.65174
Epoch[334] Loss: 0.65524
Epoch[335] Loss: 0.65493
Epoch[336] Loss: 0.63756
Epoch[337] Loss: 0.65842
Epoch[338] Loss: 0.65942
Epoch[339] Loss: 0.65348
Epoch[340] Loss: 0.66431
Epoch[341] Loss: 0.65748
Epoch[342] Loss: 0.65529
Epoch[343] Loss: 0.65557
Epoch[344] Loss: 0.64755
Epoch[345] Loss: 0.65202
Epoch[346] Loss: 0.65246
Epoch[347] Loss: 0.63895
Epoch[348] Loss: 0.65341
Epoch[349] Loss: 0.65335
Epoch[350] Loss: 0.64262
Training Results - Epoch: 350  Accuracy: 0.64135 Loss: 0.65264
Validation Results - Epoch: 350  Accuracy: 0.64191 Loss: 0.65230
Epoch[351] Loss: 0.66428
Epoch[352] Loss: 0.65770
Epoch[353] Loss: 0.65388
Epoch[354] Loss: 0.64267
Epoch[355] Loss: 0.65526
Epoch[356] Loss: 0.65446
Epoch[357] Loss: 0.66082
Epoch[358] Loss: 0.65302
Epoch[359] Loss: 0.65925
Epoch[360] Loss: 0.65518
Epoch[361] Loss: 0.64553
Epoch[362] Loss: 0.65287
Epoch[363] Loss: 0.65108
Epoch[364] Loss: 0.64997
Epoch[365] Loss: 0.64945
Epoch[366] Loss: 0.65754
Epoch[367] Loss: 0.65143
Epoch[368] Loss: 0.65340
Epoch[369] Loss: 0.64192
Epoch[370] Loss: 0.64774
Epoch[371] Loss: 0.64463
Epoch[372] Loss: 0.64908
Epoch[373] Loss: 0.65674
Epoch[374] Loss: 0.65533
Epoch[375] Loss: 0.67513
Training Results - Epoch: 375  Accuracy: 0.64135 Loss: 0.65265
Validation Results - Epoch: 375  Accuracy: 0.64191 Loss: 0.65232
Epoch[376] Loss: 0.64850
Epoch[377] Loss: 0.64360
Epoch[378] Loss: 0.65554
Epoch[379] Loss: 0.64349
Epoch[380] Loss: 0.66009
Epoch[381] Loss: 0.65397
Epoch[382] Loss: 0.64552
Epoch[383] Loss: 0.65101
Epoch[384] Loss: 0.64312
Epoch[385] Loss: 0.66165
Epoch[386] Loss: 0.65242
Epoch[387] Loss: 0.65828
Epoch[388] Loss: 0.65237
Epoch[389] Loss: 0.65248
Epoch[390] Loss: 0.66437
Epoch[391] Loss: 0.65202
Epoch[392] Loss: 0.64644
Epoch[393] Loss: 0.66642
Epoch[394] Loss: 0.66411
Epoch[395] Loss: 0.65297
Epoch[396] Loss: 0.65098
Epoch[397] Loss: 0.66508
Epoch[398] Loss: 0.65615
Epoch[399] Loss: 0.65648
Epoch[400] Loss: 0.65225
Training Results - Epoch: 400  Accuracy: 0.64135 Loss: 0.65264
Validation Results - Epoch: 400  Accuracy: 0.64191 Loss: 0.65230
Epoch[401] Loss: 0.64471
Epoch[402] Loss: 0.64566
Epoch[403] Loss: 0.66675
Epoch[404] Loss: 0.67421
Epoch[405] Loss: 0.66364
Epoch[406] Loss: 0.64579
Epoch[407] Loss: 0.65441
Epoch[408] Loss: 0.64711
Epoch[409] Loss: 0.65054
Epoch[410] Loss: 0.65496
Epoch[411] Loss: 0.66086
Epoch[412] Loss: 0.64898
Epoch[413] Loss: 0.63881
Epoch[414] Loss: 0.63740
Epoch[415] Loss: 0.65370
Epoch[416] Loss: 0.64857
Epoch[417] Loss: 0.64643
Epoch[418] Loss: 0.66221
Epoch[419] Loss: 0.66363
Epoch[420] Loss: 0.65398
Epoch[421] Loss: 0.64297
Epoch[422] Loss: 0.64047
Epoch[423] Loss: 0.65194
Epoch[424] Loss: 0.65485
Epoch[425] Loss: 0.64898
Training Results - Epoch: 425  Accuracy: 0.64135 Loss: 0.65263
Validation Results - Epoch: 425  Accuracy: 0.64191 Loss: 0.65230
Epoch[426] Loss: 0.65911
Epoch[427] Loss: 0.64698
Epoch[428] Loss: 0.65360
Epoch[429] Loss: 0.65264
Epoch[430] Loss: 0.65008
Epoch[431] Loss: 0.65354
Epoch[432] Loss: 0.63929
Epoch[433] Loss: 0.67207
Epoch[434] Loss: 0.64143
Epoch[435] Loss: 0.66516
Epoch[436] Loss: 0.64653
Epoch[437] Loss: 0.64317
Epoch[438] Loss: 0.66340
Epoch[439] Loss: 0.64296
Epoch[440] Loss: 0.64624
Epoch[441] Loss: 0.65599
Epoch[442] Loss: 0.65928
Epoch[443] Loss: 0.65263
Epoch[444] Loss: 0.65091
Epoch[445] Loss: 0.65015
Epoch[446] Loss: 0.65375
Epoch[447] Loss: 0.64961
Epoch[448] Loss: 0.66017
Epoch[449] Loss: 0.64266
Epoch[450] Loss: 0.65995
Training Results - Epoch: 450  Accuracy: 0.64135 Loss: 0.65263
Validation Results - Epoch: 450  Accuracy: 0.64191 Loss: 0.65229
Epoch[451] Loss: 0.64116
Epoch[452] Loss: 0.65515
Epoch[453] Loss: 0.64522
Epoch[454] Loss: 0.65490
Epoch[455] Loss: 0.64470
Epoch[456] Loss: 0.65531
Epoch[457] Loss: 0.64564
Epoch[458] Loss: 0.65074
Epoch[459] Loss: 0.65732
Epoch[460] Loss: 0.64174
Epoch[461] Loss: 0.66540
Epoch[462] Loss: 0.63642
Epoch[463] Loss: 0.64676
Epoch[464] Loss: 0.64216
Epoch[465] Loss: 0.65335
Epoch[466] Loss: 0.66049
Epoch[467] Loss: 0.64485
Epoch[468] Loss: 0.65739
Epoch[469] Loss: 0.65707
Epoch[470] Loss: 0.64222
Epoch[471] Loss: 0.65070
Epoch[472] Loss: 0.65208
Epoch[473] Loss: 0.65965
Epoch[474] Loss: 0.65395
Epoch[475] Loss: 0.64490
Training Results - Epoch: 475  Accuracy: 0.64135 Loss: 0.65267
Validation Results - Epoch: 475  Accuracy: 0.64191 Loss: 0.65233
Epoch[476] Loss: 0.64761
Epoch[477] Loss: 0.65453
Epoch[478] Loss: 0.63714
Epoch[479] Loss: 0.64162
Epoch[480] Loss: 0.65055
Epoch[481] Loss: 0.65323
Epoch[482] Loss: 0.66450
Epoch[483] Loss: 0.65861
Epoch[484] Loss: 0.65539
Epoch[485] Loss: 0.65686
Epoch[486] Loss: 0.65975
Epoch[487] Loss: 0.65209
Epoch[488] Loss: 0.64304
Epoch[489] Loss: 0.65153
Epoch[490] Loss: 0.66022
Epoch[491] Loss: 0.65001
Epoch[492] Loss: 0.65128
Epoch[493] Loss: 0.65277
Epoch[494] Loss: 0.64448
Epoch[495] Loss: 0.66474
Epoch[496] Loss: 0.65043
Epoch[497] Loss: 0.66011
Epoch[498] Loss: 0.65402
Epoch[499] Loss: 0.66344
Epoch[500] Loss: 0.63755
Training Results - Epoch: 500  Accuracy: 0.64135 Loss: 0.65266
Validation Results - Epoch: 500  Accuracy: 0.64191 Loss: 0.65232
Epoch[501] Loss: 0.65151
Epoch[502] Loss: 0.64387
Epoch[503] Loss: 0.65184
Epoch[504] Loss: 0.65241
Epoch[505] Loss: 0.66433
Epoch[506] Loss: 0.64365
Epoch[507] Loss: 0.65339
Epoch[508] Loss: 0.65579
Epoch[509] Loss: 0.66134
Epoch[510] Loss: 0.65445
Epoch[511] Loss: 0.64954
Epoch[512] Loss: 0.64913
Epoch[513] Loss: 0.65509
Epoch[514] Loss: 0.63934
Epoch[515] Loss: 0.64894
Epoch[516] Loss: 0.65604
Epoch[517] Loss: 0.66022
Epoch[518] Loss: 0.64653
Epoch[519] Loss: 0.65877
Epoch[520] Loss: 0.65488
Epoch[521] Loss: 0.65621
Epoch[522] Loss: 0.63915
Epoch[523] Loss: 0.64307
Epoch[524] Loss: 0.65199
Epoch[525] Loss: 0.65297
Training Results - Epoch: 525  Accuracy: 0.64135 Loss: 0.65266
Validation Results - Epoch: 525  Accuracy: 0.64191 Loss: 0.65233
Epoch[526] Loss: 0.64972
Epoch[527] Loss: 0.65093
Epoch[528] Loss: 0.65423
Epoch[529] Loss: 0.65727
Epoch[530] Loss: 0.65500
Epoch[531] Loss: 0.64619
Epoch[532] Loss: 0.65918
Epoch[533] Loss: 0.65459
Epoch[534] Loss: 0.65152
Epoch[535] Loss: 0.64397
Epoch[536] Loss: 0.63989
Epoch[537] Loss: 0.64904
Epoch[538] Loss: 0.65104
Epoch[539] Loss: 0.64786
Epoch[540] Loss: 0.64451
Epoch[541] Loss: 0.65442
Epoch[542] Loss: 0.64931
Epoch[543] Loss: 0.65317
Epoch[544] Loss: 0.64544
Epoch[545] Loss: 0.65953
Epoch[546] Loss: 0.66415
Epoch[547] Loss: 0.64767
Epoch[548] Loss: 0.65784
Epoch[549] Loss: 0.65486
Epoch[550] Loss: 0.66265
Training Results - Epoch: 550  Accuracy: 0.64135 Loss: 0.65264
Validation Results - Epoch: 550  Accuracy: 0.64191 Loss: 0.65231
Epoch[551] Loss: 0.65032
Epoch[552] Loss: 0.65297
Epoch[553] Loss: 0.65839
Epoch[554] Loss: 0.66337
Epoch[555] Loss: 0.66502
Epoch[556] Loss: 0.66256
Epoch[557] Loss: 0.64316
Epoch[558] Loss: 0.64318
Epoch[559] Loss: 0.64698
Epoch[560] Loss: 0.64453
Epoch[561] Loss: 0.65431
Epoch[562] Loss: 0.65786
Epoch[563] Loss: 0.64913
Epoch[564] Loss: 0.64729
Epoch[565] Loss: 0.65462
Epoch[566] Loss: 0.65701
Epoch[567] Loss: 0.65501
Epoch[568] Loss: 0.64075
Epoch[569] Loss: 0.65596
Epoch[570] Loss: 0.65139
Epoch[571] Loss: 0.64558
Epoch[572] Loss: 0.64091
Epoch[573] Loss: 0.66460
Epoch[574] Loss: 0.66622
Epoch[575] Loss: 0.66165
Training Results - Epoch: 575  Accuracy: 0.64135 Loss: 0.65263
Validation Results - Epoch: 575  Accuracy: 0.64191 Loss: 0.65229
Epoch[576] Loss: 0.64838
Epoch[577] Loss: 0.65591
Epoch[578] Loss: 0.65911
Epoch[579] Loss: 0.67354
Epoch[580] Loss: 0.65278
Epoch[581] Loss: 0.65249
Epoch[582] Loss: 0.66086
Epoch[583] Loss: 0.64395
Epoch[584] Loss: 0.66018
Epoch[585] Loss: 0.64842
Epoch[586] Loss: 0.65307
Epoch[587] Loss: 0.65959
Epoch[588] Loss: 0.65671
Epoch[589] Loss: 0.65358
Epoch[590] Loss: 0.65243
Epoch[591] Loss: 0.64917
Epoch[592] Loss: 0.65805
Epoch[593] Loss: 0.66110
Epoch[594] Loss: 0.64140
Epoch[595] Loss: 0.65449
Epoch[596] Loss: 0.65976
Epoch[597] Loss: 0.65898
Epoch[598] Loss: 0.64316
Epoch[599] Loss: 0.64702
Epoch[600] Loss: 0.65144
Training Results - Epoch: 600  Accuracy: 0.64135 Loss: 0.65263
Validation Results - Epoch: 600  Accuracy: 0.64191 Loss: 0.65230
Epoch[601] Loss: 0.66164
Epoch[602] Loss: 0.66722
Epoch[603] Loss: 0.65353
Epoch[604] Loss: 0.64503
Epoch[605] Loss: 0.66063
Epoch[606] Loss: 0.65726
Epoch[607] Loss: 0.64566
Epoch[608] Loss: 0.66213
Epoch[609] Loss: 0.65610
Epoch[610] Loss: 0.64779
Epoch[611] Loss: 0.66257
Epoch[612] Loss: 0.65558
Epoch[613] Loss: 0.65852
Epoch[614] Loss: 0.65152
Epoch[615] Loss: 0.64961
Epoch[616] Loss: 0.65257
Epoch[617] Loss: 0.65684
Epoch[618] Loss: 0.67414
Epoch[619] Loss: 0.64260
Epoch[620] Loss: 0.65577
Epoch[621] Loss: 0.64612
Epoch[622] Loss: 0.65522
Epoch[623] Loss: 0.66242
Epoch[624] Loss: 0.65090
Epoch[625] Loss: 0.65396
Training Results - Epoch: 625  Accuracy: 0.64135 Loss: 0.65264
Validation Results - Epoch: 625  Accuracy: 0.64191 Loss: 0.65231
Epoch[626] Loss: 0.65537
Epoch[627] Loss: 0.65295
Epoch[628] Loss: 0.65631
Epoch[629] Loss: 0.63803
Epoch[630] Loss: 0.66551
Epoch[631] Loss: 0.65762
Epoch[632] Loss: 0.65110
Epoch[633] Loss: 0.64028
Epoch[634] Loss: 0.64794
Epoch[635] Loss: 0.64970
Epoch[636] Loss: 0.64402
Epoch[637] Loss: 0.65078
Epoch[638] Loss: 0.65581
Epoch[639] Loss: 0.65933
Epoch[640] Loss: 0.65767
Epoch[641] Loss: 0.64767
Epoch[642] Loss: 0.64666
Epoch[643] Loss: 0.66004
Epoch[644] Loss: 0.65017
Epoch[645] Loss: 0.66214
Epoch[646] Loss: 0.65404
Epoch[647] Loss: 0.64129
Epoch[648] Loss: 0.65701
Epoch[649] Loss: 0.64284
Epoch[650] Loss: 0.66555
Training Results - Epoch: 650  Accuracy: 0.64135 Loss: 0.65263
Validation Results - Epoch: 650  Accuracy: 0.64191 Loss: 0.65230
Epoch[651] Loss: 0.65340
Epoch[652] Loss: 0.66039
Epoch[653] Loss: 0.66579
Epoch[654] Loss: 0.64218
Epoch[655] Loss: 0.63671
Epoch[656] Loss: 0.65290
Epoch[657] Loss: 0.63736
Epoch[658] Loss: 0.65302
Epoch[659] Loss: 0.65387
Epoch[660] Loss: 0.65977
Epoch[661] Loss: 0.65202
Epoch[662] Loss: 0.65394
Epoch[663] Loss: 0.66218
Epoch[664] Loss: 0.66446
Epoch[665] Loss: 0.65113
Epoch[666] Loss: 0.65932
Epoch[667] Loss: 0.65424
Epoch[668] Loss: 0.65439
Epoch[669] Loss: 0.65272
Epoch[670] Loss: 0.64937
Epoch[671] Loss: 0.64713
Epoch[672] Loss: 0.64953
Epoch[673] Loss: 0.66443
Epoch[674] Loss: 0.65308
Epoch[675] Loss: 0.65398
Training Results - Epoch: 675  Accuracy: 0.64135 Loss: 0.65264
Validation Results - Epoch: 675  Accuracy: 0.64191 Loss: 0.65231
Epoch[676] Loss: 0.66045
Epoch[677] Loss: 0.65426
Epoch[678] Loss: 0.66695
Epoch[679] Loss: 0.64089
Epoch[680] Loss: 0.67242
Epoch[681] Loss: 0.64140
Epoch[682] Loss: 0.65007
Epoch[683] Loss: 0.65078
Epoch[684] Loss: 0.64490
Epoch[685] Loss: 0.64073
Epoch[686] Loss: 0.65099
Epoch[687] Loss: 0.65863
Epoch[688] Loss: 0.65047
Epoch[689] Loss: 0.64696
Epoch[690] Loss: 0.65768
Epoch[691] Loss: 0.66944
Epoch[692] Loss: 0.64033
Epoch[693] Loss: 0.65609
Epoch[694] Loss: 0.65646
Epoch[695] Loss: 0.65627
Epoch[696] Loss: 0.66039
Epoch[697] Loss: 0.64864
Epoch[698] Loss: 0.64593
Epoch[699] Loss: 0.66803
Epoch[700] Loss: 0.65677
Training Results - Epoch: 700  Accuracy: 0.64135 Loss: 0.65263
Validation Results - Epoch: 700  Accuracy: 0.64191 Loss: 0.65231
Epoch[701] Loss: 0.66883
Epoch[702] Loss: 0.64413
Epoch[703] Loss: 0.64831
Epoch[704] Loss: 0.66120
Epoch[705] Loss: 0.65956
Epoch[706] Loss: 0.65374
Epoch[707] Loss: 0.64891
Epoch[708] Loss: 0.65133
Epoch[709] Loss: 0.63729
Epoch[710] Loss: 0.65123
Epoch[711] Loss: 0.65907
Epoch[712] Loss: 0.64280
Epoch[713] Loss: 0.64930
Epoch[714] Loss: 0.65481
Epoch[715] Loss: 0.64917
Epoch[716] Loss: 0.66235
Epoch[717] Loss: 0.65102
Epoch[718] Loss: 0.64945
Epoch[719] Loss: 0.66200
Epoch[720] Loss: 0.64685
Epoch[721] Loss: 0.66075
Epoch[722] Loss: 0.65351
Epoch[723] Loss: 0.65012
Epoch[724] Loss: 0.65175
Epoch[725] Loss: 0.64102
Training Results - Epoch: 725  Accuracy: 0.64135 Loss: 0.65263
Validation Results - Epoch: 725  Accuracy: 0.64191 Loss: 0.65230
Epoch[726] Loss: 0.65682
Epoch[727] Loss: 0.65352
Epoch[728] Loss: 0.64076
Epoch[729] Loss: 0.66021
Epoch[730] Loss: 0.65058
Epoch[731] Loss: 0.66318
Epoch[732] Loss: 0.64246
Epoch[733] Loss: 0.66004
Epoch[734] Loss: 0.65771
Epoch[735] Loss: 0.64752
Epoch[736] Loss: 0.65094
Epoch[737] Loss: 0.63473
Epoch[738] Loss: 0.66216
Epoch[739] Loss: 0.65129
Epoch[740] Loss: 0.63810
Epoch[741] Loss: 0.64324
Epoch[742] Loss: 0.64663
Epoch[743] Loss: 0.66005
Epoch[744] Loss: 0.64948
Epoch[745] Loss: 0.66505
Epoch[746] Loss: 0.67617
Epoch[747] Loss: 0.64714
Epoch[748] Loss: 0.65747
Epoch[749] Loss: 0.65879
Epoch[750] Loss: 0.63479
Training Results - Epoch: 750  Accuracy: 0.64135 Loss: 0.65263
Validation Results - Epoch: 750  Accuracy: 0.64191 Loss: 0.65229
Epoch[751] Loss: 0.65271
Epoch[752] Loss: 0.64488
Epoch[753] Loss: 0.65542
Epoch[754] Loss: 0.66609
Epoch[755] Loss: 0.65147
Epoch[756] Loss: 0.65413
Epoch[757] Loss: 0.64945
Epoch[758] Loss: 0.67440
Epoch[759] Loss: 0.64850
Epoch[760] Loss: 0.65922
Epoch[761] Loss: 0.65745
Epoch[762] Loss: 0.65426
Epoch[763] Loss: 0.64256
Epoch[764] Loss: 0.65149
Epoch[765] Loss: 0.65918
Epoch[766] Loss: 0.65815
Epoch[767] Loss: 0.66053
Epoch[768] Loss: 0.65859
Epoch[769] Loss: 0.66138
Epoch[770] Loss: 0.64403
Epoch[771] Loss: 0.65390
Epoch[772] Loss: 0.64629
Epoch[773] Loss: 0.64148
Epoch[774] Loss: 0.64606
Epoch[775] Loss: 0.64583
Training Results - Epoch: 775  Accuracy: 0.64135 Loss: 0.65263
Validation Results - Epoch: 775  Accuracy: 0.64191 Loss: 0.65229
Epoch[776] Loss: 0.65578
Epoch[777] Loss: 0.65789
Epoch[778] Loss: 0.66525
Epoch[779] Loss: 0.64537
Epoch[780] Loss: 0.66110
Epoch[781] Loss: 0.65164
Epoch[782] Loss: 0.65225
Epoch[783] Loss: 0.67394
Epoch[784] Loss: 0.64810
Epoch[785] Loss: 0.65235
Epoch[786] Loss: 0.64173
Epoch[787] Loss: 0.64908
Epoch[788] Loss: 0.67036
Epoch[789] Loss: 0.64112
Epoch[790] Loss: 0.65159
Epoch[791] Loss: 0.66609
Epoch[792] Loss: 0.65379
Epoch[793] Loss: 0.65887
Epoch[794] Loss: 0.65068
Epoch[795] Loss: 0.64850
Epoch[796] Loss: 0.65014
Epoch[797] Loss: 0.66737
Epoch[798] Loss: 0.64458
Epoch[799] Loss: 0.65600
Epoch[800] Loss: 0.65862
Training Results - Epoch: 800  Accuracy: 0.64135 Loss: 0.65269
Validation Results - Epoch: 800  Accuracy: 0.64191 Loss: 0.65235
Epoch[801] Loss: 0.66233
Epoch[802] Loss: 0.66727
Epoch[803] Loss: 0.65090
Epoch[804] Loss: 0.66056
Epoch[805] Loss: 0.66166
Epoch[806] Loss: 0.65989
Epoch[807] Loss: 0.65309
Epoch[808] Loss: 0.66351
Epoch[809] Loss: 0.65869
Epoch[810] Loss: 0.64782
Epoch[811] Loss: 0.64460
Epoch[812] Loss: 0.64502
Epoch[813] Loss: 0.64328
Epoch[814] Loss: 0.66371
Epoch[815] Loss: 0.64776
Epoch[816] Loss: 0.63456
Epoch[817] Loss: 0.65187
Epoch[818] Loss: 0.65270
Epoch[819] Loss: 0.66006
Epoch[820] Loss: 0.66124
Epoch[821] Loss: 0.65376
Epoch[822] Loss: 0.65256
Epoch[823] Loss: 0.64797
Epoch[824] Loss: 0.65157
Epoch[825] Loss: 0.65955
Training Results - Epoch: 825  Accuracy: 0.64135 Loss: 0.65262
Validation Results - Epoch: 825  Accuracy: 0.64191 Loss: 0.65229
Epoch[826] Loss: 0.63870
Epoch[827] Loss: 0.66506
Epoch[828] Loss: 0.65496
Epoch[829] Loss: 0.65200
Epoch[830] Loss: 0.65195
Epoch[831] Loss: 0.65382
Epoch[832] Loss: 0.66429
Epoch[833] Loss: 0.67337
Epoch[834] Loss: 0.64809
Epoch[835] Loss: 0.66376
Epoch[836] Loss: 0.65297
Epoch[837] Loss: 0.65410
Epoch[838] Loss: 0.64932
Epoch[839] Loss: 0.65145
Epoch[840] Loss: 0.66047
Epoch[841] Loss: 0.65135
Epoch[842] Loss: 0.65679
Epoch[843] Loss: 0.65450
Epoch[844] Loss: 0.65814
Epoch[845] Loss: 0.64431
Epoch[846] Loss: 0.66028
Epoch[847] Loss: 0.63549
Epoch[848] Loss: 0.63851
Epoch[849] Loss: 0.63881
Epoch[850] Loss: 0.65801
Training Results - Epoch: 850  Accuracy: 0.64135 Loss: 0.65264
Validation Results - Epoch: 850  Accuracy: 0.64191 Loss: 0.65232
Epoch[851] Loss: 0.64152
Epoch[852] Loss: 0.65057
Epoch[853] Loss: 0.65486
Epoch[854] Loss: 0.65999
Epoch[855] Loss: 0.65598
Epoch[856] Loss: 0.63845
Epoch[857] Loss: 0.64025
Epoch[858] Loss: 0.65127
Epoch[859] Loss: 0.66115
Epoch[860] Loss: 0.65545
Epoch[861] Loss: 0.64519
Epoch[862] Loss: 0.64597
Epoch[863] Loss: 0.64645
Epoch[864] Loss: 0.65574
Epoch[865] Loss: 0.65249
Epoch[866] Loss: 0.64383
Epoch[867] Loss: 0.64942
Epoch[868] Loss: 0.64652
Epoch[869] Loss: 0.66236
Epoch[870] Loss: 0.66040
Epoch[871] Loss: 0.66447
Epoch[872] Loss: 0.66619
Epoch[873] Loss: 0.62820
Epoch[874] Loss: 0.65038
Epoch[875] Loss: 0.64239
Training Results - Epoch: 875  Accuracy: 0.64135 Loss: 0.65264
Validation Results - Epoch: 875  Accuracy: 0.64191 Loss: 0.65231
Epoch[876] Loss: 0.65232
Epoch[877] Loss: 0.65221
Epoch[878] Loss: 0.64989
Epoch[879] Loss: 0.65991
Epoch[880] Loss: 0.65815
Epoch[881] Loss: 0.65974
Epoch[882] Loss: 0.64129
Epoch[883] Loss: 0.66457
Epoch[884] Loss: 0.64908
Epoch[885] Loss: 0.63568
Epoch[886] Loss: 0.66596
Epoch[887] Loss: 0.66624
Epoch[888] Loss: 0.65866
Epoch[889] Loss: 0.64206
Epoch[890] Loss: 0.65965
Epoch[891] Loss: 0.64058
Epoch[892] Loss: 0.65960
Epoch[893] Loss: 0.63449
Epoch[894] Loss: 0.65311
Epoch[895] Loss: 0.65486
Epoch[896] Loss: 0.64601
Epoch[897] Loss: 0.63906
Epoch[898] Loss: 0.65688
Epoch[899] Loss: 0.64497
Epoch[900] Loss: 0.64017
Training Results - Epoch: 900  Accuracy: 0.64135 Loss: 0.65263
Validation Results - Epoch: 900  Accuracy: 0.64191 Loss: 0.65230
Epoch[901] Loss: 0.65672
Epoch[902] Loss: 0.64380
Epoch[903] Loss: 0.65807
Epoch[904] Loss: 0.64766
Epoch[905] Loss: 0.65637
Epoch[906] Loss: 0.66295
Epoch[907] Loss: 0.65543
Epoch[908] Loss: 0.64316
Epoch[909] Loss: 0.65498
Epoch[910] Loss: 0.65299
Epoch[911] Loss: 0.65881
Epoch[912] Loss: 0.66354
Epoch[913] Loss: 0.65387
Epoch[914] Loss: 0.66619
Epoch[915] Loss: 0.64355
Epoch[916] Loss: 0.64826
Epoch[917] Loss: 0.66028
Epoch[918] Loss: 0.65189
Epoch[919] Loss: 0.64768
Epoch[920] Loss: 0.65572
Epoch[921] Loss: 0.64701
Epoch[922] Loss: 0.64994
Epoch[923] Loss: 0.65956
Epoch[924] Loss: 0.64170
Epoch[925] Loss: 0.65792
Training Results - Epoch: 925  Accuracy: 0.64135 Loss: 0.65264
Validation Results - Epoch: 925  Accuracy: 0.64191 Loss: 0.65231
Epoch[926] Loss: 0.63930
Epoch[927] Loss: 0.65453
Epoch[928] Loss: 0.66834
Epoch[929] Loss: 0.65351
Epoch[930] Loss: 0.64720
Epoch[931] Loss: 0.64556
Epoch[932] Loss: 0.64516
Epoch[933] Loss: 0.66446
Epoch[934] Loss: 0.64981
Epoch[935] Loss: 0.64376
Epoch[936] Loss: 0.65673
Epoch[937] Loss: 0.64526
Epoch[938] Loss: 0.64858
Epoch[939] Loss: 0.65142
Epoch[940] Loss: 0.64677
Epoch[941] Loss: 0.66313
Epoch[942] Loss: 0.66960
Epoch[943] Loss: 0.66292
Epoch[944] Loss: 0.65836
Epoch[945] Loss: 0.65051
Epoch[946] Loss: 0.66020
Epoch[947] Loss: 0.66022
Epoch[948] Loss: 0.67995
Epoch[949] Loss: 0.65792
Epoch[950] Loss: 0.65707
Training Results - Epoch: 950  Accuracy: 0.64135 Loss: 0.65262
Validation Results - Epoch: 950  Accuracy: 0.64191 Loss: 0.65229
Epoch[951] Loss: 0.65692
Epoch[952] Loss: 0.65941
Epoch[953] Loss: 0.65773
Epoch[954] Loss: 0.65383
Epoch[955] Loss: 0.64782
Epoch[956] Loss: 0.65750
Epoch[957] Loss: 0.64758
Epoch[958] Loss: 0.66819
Epoch[959] Loss: 0.64220
Epoch[960] Loss: 0.64460
Epoch[961] Loss: 0.65244
Epoch[962] Loss: 0.64289
Epoch[963] Loss: 0.66013
Epoch[964] Loss: 0.64930
Epoch[965] Loss: 0.65692
Epoch[966] Loss: 0.63747
Epoch[967] Loss: 0.65518
Epoch[968] Loss: 0.65295
Epoch[969] Loss: 0.65302
Epoch[970] Loss: 0.65355
Epoch[971] Loss: 0.65317
Epoch[972] Loss: 0.65415
Epoch[973] Loss: 0.65108
Epoch[974] Loss: 0.65789
Epoch[975] Loss: 0.64048
Training Results - Epoch: 975  Accuracy: 0.64135 Loss: 0.65263
Validation Results - Epoch: 975  Accuracy: 0.64191 Loss: 0.65231
Epoch[976] Loss: 0.65804
Epoch[977] Loss: 0.65821
Epoch[978] Loss: 0.65280
Epoch[979] Loss: 0.66334
Epoch[980] Loss: 0.65745
Epoch[981] Loss: 0.65891
Epoch[982] Loss: 0.65004
Epoch[983] Loss: 0.65240
Epoch[984] Loss: 0.64779
Epoch[985] Loss: 0.64604
Epoch[986] Loss: 0.65667
Epoch[987] Loss: 0.64913
Epoch[988] Loss: 0.66354
Epoch[989] Loss: 0.64946
Epoch[990] Loss: 0.65446
Epoch[991] Loss: 0.65639
Epoch[992] Loss: 0.64895
Epoch[993] Loss: 0.64558
Epoch[994] Loss: 0.64590
Epoch[995] Loss: 0.64395
Epoch[996] Loss: 0.65359
Epoch[997] Loss: 0.65417
Epoch[998] Loss: 0.66696
Epoch[999] Loss: 0.65210
Epoch[1000] Loss: 0.65550
Training Results - Epoch: 1000  Accuracy: 0.64135 Loss: 0.65263
Validation Results - Epoch: 1000  Accuracy: 0.64191 Loss: 0.65229
