starting
starting imports
done with imports
0.0 1.0000000000000036
train data shape (36500, 4096, 8)
test data shape (12167, 4096, 8)
Epoch[1] Loss: 0.67287
Epoch[2] Loss: 0.66739
Epoch[3] Loss: 0.65635
Epoch[4] Loss: 0.66154
Epoch[5] Loss: 0.66772
Epoch[6] Loss: 0.65263
Epoch[7] Loss: 0.65967
Epoch[8] Loss: 0.65675
Epoch[9] Loss: 0.65172
Epoch[10] Loss: 0.65535
Training Results - Epoch: 10  Accuracy: 0.64132 Loss: 0.65145
Validation Results - Epoch: 10  Accuracy: 0.64256 Loss: 0.65206
Epoch[11] Loss: 0.65546
Epoch[12] Loss: 0.65351
Epoch[13] Loss: 0.65567
Epoch[14] Loss: 0.65087
Epoch[15] Loss: 0.65504
Epoch[16] Loss: 0.64980
Epoch[17] Loss: 0.65421
Epoch[18] Loss: 0.65439
Epoch[19] Loss: 0.65369
Epoch[20] Loss: 0.64900
Training Results - Epoch: 20  Accuracy: 0.64132 Loss: 0.64733
Validation Results - Epoch: 20  Accuracy: 0.64256 Loss: 0.65264
Epoch[21] Loss: 0.64283
Epoch[22] Loss: 0.64838
Epoch[23] Loss: 0.64752
Epoch[24] Loss: 0.64828
Epoch[25] Loss: 0.64623
Epoch[26] Loss: 0.64319
Epoch[27] Loss: 0.64603
Epoch[28] Loss: 0.64715
Epoch[29] Loss: 0.65022
Epoch[30] Loss: 0.64882
Training Results - Epoch: 30  Accuracy: 0.64132 Loss: 0.63732
Validation Results - Epoch: 30  Accuracy: 0.64256 Loss: 0.65531
Epoch[31] Loss: 0.63431
Epoch[32] Loss: 0.64436
Epoch[33] Loss: 0.64008
Epoch[34] Loss: 0.64280
Epoch[35] Loss: 0.64883
Epoch[36] Loss: 0.64315
Epoch[37] Loss: 0.64039
Epoch[38] Loss: 0.64074
Epoch[39] Loss: 0.63351
Epoch[40] Loss: 0.64344
Training Results - Epoch: 40  Accuracy: 0.64132 Loss: 0.62635
Validation Results - Epoch: 40  Accuracy: 0.64256 Loss: 0.65987
Epoch[41] Loss: 0.63089
Epoch[42] Loss: 0.63714
Epoch[43] Loss: 0.62909
Epoch[44] Loss: 0.63210
Epoch[45] Loss: 0.63099
Epoch[46] Loss: 0.63381
Epoch[47] Loss: 0.62263
Epoch[48] Loss: 0.62644
Epoch[49] Loss: 0.62564
Epoch[50] Loss: 0.62434
Training Results - Epoch: 50  Accuracy: 0.64855 Loss: 0.61364
Validation Results - Epoch: 50  Accuracy: 0.63278 Loss: 0.68043
Epoch[51] Loss: 0.62768
Epoch[52] Loss: 0.62464
Epoch[53] Loss: 0.62352
Epoch[54] Loss: 0.63060
Epoch[55] Loss: 0.62372
Epoch[56] Loss: 0.62783
Epoch[57] Loss: 0.61474
Epoch[58] Loss: 0.61969
Epoch[59] Loss: 0.61546
Epoch[60] Loss: 0.62219
Training Results - Epoch: 60  Accuracy: 0.66644 Loss: 0.60435
Validation Results - Epoch: 60  Accuracy: 0.58297 Loss: 0.68402
Epoch[61] Loss: 0.62353
Epoch[62] Loss: 0.63278
Epoch[63] Loss: 0.62404
Epoch[64] Loss: 0.62082
Epoch[65] Loss: 0.61298
Epoch[66] Loss: 0.62112
Epoch[67] Loss: 0.61762
Epoch[68] Loss: 0.61373
Epoch[69] Loss: 0.61295
Epoch[70] Loss: 0.61580
Training Results - Epoch: 70  Accuracy: 0.66819 Loss: 0.59752
Validation Results - Epoch: 70  Accuracy: 0.58700 Loss: 0.71299
Epoch[71] Loss: 0.61544
Epoch[72] Loss: 0.61524
Epoch[73] Loss: 0.60834
Epoch[74] Loss: 0.59997
Epoch[75] Loss: 0.60285
Epoch[76] Loss: 0.59397
Epoch[77] Loss: 0.60530
Epoch[78] Loss: 0.60833
Epoch[79] Loss: 0.61190
Epoch[80] Loss: 0.60547
Training Results - Epoch: 80  Accuracy: 0.68033 Loss: 0.59119
Validation Results - Epoch: 80  Accuracy: 0.55363 Loss: 0.69871
Epoch[81] Loss: 0.59635
Epoch[82] Loss: 0.60025
Epoch[83] Loss: 0.61349
Epoch[84] Loss: 0.59627
Epoch[85] Loss: 0.61232
Epoch[86] Loss: 0.60781
Epoch[87] Loss: 0.60934
Epoch[88] Loss: 0.59749
Epoch[89] Loss: 0.59614
Epoch[90] Loss: 0.61097
Training Results - Epoch: 90  Accuracy: 0.67707 Loss: 0.58096
Validation Results - Epoch: 90  Accuracy: 0.53119 Loss: 0.72833
Epoch[91] Loss: 0.60015
Epoch[92] Loss: 0.60125
Epoch[93] Loss: 0.60670
Epoch[94] Loss: 0.58716
Epoch[95] Loss: 0.60283
Epoch[96] Loss: 0.60585
Epoch[97] Loss: 0.58671
Epoch[98] Loss: 0.60335
Epoch[99] Loss: 0.60124
Epoch[100] Loss: 0.59135
Training Results - Epoch: 100  Accuracy: 0.68310 Loss: 0.57521
Validation Results - Epoch: 100  Accuracy: 0.55412 Loss: 0.74285
Epoch[101] Loss: 0.58528
Epoch[102] Loss: 0.59972
Epoch[103] Loss: 0.59282
Epoch[104] Loss: 0.59311
Epoch[105] Loss: 0.59511
Epoch[106] Loss: 0.59309
Epoch[107] Loss: 0.58836
Epoch[108] Loss: 0.59009
Epoch[109] Loss: 0.58749
Epoch[110] Loss: 0.59683
Training Results - Epoch: 110  Accuracy: 0.68693 Loss: 0.57099
Validation Results - Epoch: 110  Accuracy: 0.53366 Loss: 0.73021
Epoch[111] Loss: 0.59834
Epoch[112] Loss: 0.58594
Epoch[113] Loss: 0.59012
Epoch[114] Loss: 0.59941
Epoch[115] Loss: 0.59406
Epoch[116] Loss: 0.58744
Epoch[117] Loss: 0.58362
Epoch[118] Loss: 0.57876
Epoch[119] Loss: 0.59003
Epoch[120] Loss: 0.57986
Training Results - Epoch: 120  Accuracy: 0.68244 Loss: 0.57029
Validation Results - Epoch: 120  Accuracy: 0.51648 Loss: 0.75370
Epoch[121] Loss: 0.57644
Epoch[122] Loss: 0.59241
Epoch[123] Loss: 0.59044
Epoch[124] Loss: 0.58153
Epoch[125] Loss: 0.58010
Epoch[126] Loss: 0.57432
Epoch[127] Loss: 0.58300
Epoch[128] Loss: 0.58127
Epoch[129] Loss: 0.57943
Epoch[130] Loss: 0.57911
Training Results - Epoch: 130  Accuracy: 0.64978 Loss: 0.59095
Validation Results - Epoch: 130  Accuracy: 0.48977 Loss: 0.77051
Epoch[131] Loss: 0.58266
Epoch[132] Loss: 0.59310
Epoch[133] Loss: 0.58062
Epoch[134] Loss: 0.58095
Epoch[135] Loss: 0.57651
Epoch[136] Loss: 0.59158
Epoch[137] Loss: 0.58660
Epoch[138] Loss: 0.57233
Epoch[139] Loss: 0.59079
Epoch[140] Loss: 0.59278
Training Results - Epoch: 140  Accuracy: 0.69258 Loss: 0.55993
Validation Results - Epoch: 140  Accuracy: 0.53514 Loss: 0.76521
Epoch[141] Loss: 0.58771
Epoch[142] Loss: 0.58049
Epoch[143] Loss: 0.57661
Epoch[144] Loss: 0.57918
Epoch[145] Loss: 0.57781
Epoch[146] Loss: 0.57083
Epoch[147] Loss: 0.58340
Epoch[148] Loss: 0.57310
Epoch[149] Loss: 0.57877
Epoch[150] Loss: 0.56615
Training Results - Epoch: 150  Accuracy: 0.67816 Loss: 0.56754
Validation Results - Epoch: 150  Accuracy: 0.50785 Loss: 0.78755
Epoch[151] Loss: 0.58810
Epoch[152] Loss: 0.57560
Epoch[153] Loss: 0.56689
Epoch[154] Loss: 0.57009
Epoch[155] Loss: 0.57492
Epoch[156] Loss: 0.58426
Epoch[157] Loss: 0.56899
Epoch[158] Loss: 0.57075
Epoch[159] Loss: 0.57881
Epoch[160] Loss: 0.57342
Training Results - Epoch: 160  Accuracy: 0.68107 Loss: 0.57070
Validation Results - Epoch: 160  Accuracy: 0.50744 Loss: 0.83611
Epoch[161] Loss: 0.58189
Epoch[162] Loss: 0.57083
Epoch[163] Loss: 0.58109
Epoch[164] Loss: 0.56279
Epoch[165] Loss: 0.56791
Epoch[166] Loss: 0.58942
Epoch[167] Loss: 0.56753
Epoch[168] Loss: 0.55643
Epoch[169] Loss: 0.56626
Epoch[170] Loss: 0.56226
Training Results - Epoch: 170  Accuracy: 0.67233 Loss: 0.57439
Validation Results - Epoch: 170  Accuracy: 0.49001 Loss: 0.79468
Epoch[171] Loss: 0.56734
Epoch[172] Loss: 0.57325
Epoch[173] Loss: 0.58197
Epoch[174] Loss: 0.56723
Epoch[175] Loss: 0.56626
Epoch[176] Loss: 0.56991
Epoch[177] Loss: 0.56906
Epoch[178] Loss: 0.56356
Epoch[179] Loss: 0.57116
Epoch[180] Loss: 0.56525
Training Results - Epoch: 180  Accuracy: 0.68244 Loss: 0.58089
Validation Results - Epoch: 180  Accuracy: 0.51031 Loss: 0.86674
Epoch[181] Loss: 0.57826
Epoch[182] Loss: 0.56426
Epoch[183] Loss: 0.56343
Epoch[184] Loss: 0.56066
Epoch[185] Loss: 0.56275
Epoch[186] Loss: 0.56489
Epoch[187] Loss: 0.56990
Epoch[188] Loss: 0.56649
Epoch[189] Loss: 0.56109
Epoch[190] Loss: 0.56588
Training Results - Epoch: 190  Accuracy: 0.66523 Loss: 0.59619
Validation Results - Epoch: 190  Accuracy: 0.50884 Loss: 0.86577
Epoch[191] Loss: 0.56272
Epoch[192] Loss: 0.56744
Epoch[193] Loss: 0.55868
Epoch[194] Loss: 0.56539
Epoch[195] Loss: 0.56271
Epoch[196] Loss: 0.56519
Epoch[197] Loss: 0.54720
Epoch[198] Loss: 0.55608
Epoch[199] Loss: 0.56575
Epoch[200] Loss: 0.57823
Training Results - Epoch: 200  Accuracy: 0.62926 Loss: 0.61297
Validation Results - Epoch: 200  Accuracy: 0.46988 Loss: 0.86072
Epoch[201] Loss: 0.56132
Epoch[202] Loss: 0.58528
Epoch[203] Loss: 0.54719
Epoch[204] Loss: 0.56006
Epoch[205] Loss: 0.55338
Epoch[206] Loss: 0.56058
Epoch[207] Loss: 0.56297
Epoch[208] Loss: 0.56312
Epoch[209] Loss: 0.57196
Epoch[210] Loss: 0.55728
Training Results - Epoch: 210  Accuracy: 0.70321 Loss: 0.54498
Validation Results - Epoch: 210  Accuracy: 0.51977 Loss: 0.83782
Epoch[211] Loss: 0.56356
Epoch[212] Loss: 0.57489
Epoch[213] Loss: 0.55513
Epoch[214] Loss: 0.55971
Epoch[215] Loss: 0.56258
Epoch[216] Loss: 0.57948
Epoch[217] Loss: 0.55033
Epoch[218] Loss: 0.54454
Epoch[219] Loss: 0.55427
Epoch[220] Loss: 0.57851
Training Results - Epoch: 220  Accuracy: 0.68860 Loss: 0.57186
Validation Results - Epoch: 220  Accuracy: 0.51081 Loss: 0.88888
Epoch[221] Loss: 0.56170
Epoch[222] Loss: 0.55955
Epoch[223] Loss: 0.57246
Epoch[224] Loss: 0.56205
Epoch[225] Loss: 0.55024
Epoch[226] Loss: 0.56564
Epoch[227] Loss: 0.55762
Epoch[228] Loss: 0.54850
Epoch[229] Loss: 0.55325
Epoch[230] Loss: 0.57258
Training Results - Epoch: 230  Accuracy: 0.58088 Loss: 0.67106
Validation Results - Epoch: 230  Accuracy: 0.45180 Loss: 0.90976
Epoch[231] Loss: 0.55766
Epoch[232] Loss: 0.54469
Epoch[233] Loss: 0.56139
Epoch[234] Loss: 0.54386
Epoch[235] Loss: 0.54563
Epoch[236] Loss: 0.56065
Epoch[237] Loss: 0.56666
Epoch[238] Loss: 0.56502
Epoch[239] Loss: 0.53422
Epoch[240] Loss: 0.56813
Training Results - Epoch: 240  Accuracy: 0.55375 Loss: 0.70141
Validation Results - Epoch: 240  Accuracy: 0.43684 Loss: 0.93284
Epoch[241] Loss: 0.54798
Epoch[242] Loss: 0.55315
Epoch[243] Loss: 0.55427
Epoch[244] Loss: 0.54965
Epoch[245] Loss: 0.55269
Epoch[246] Loss: 0.53563
Epoch[247] Loss: 0.55960
Epoch[248] Loss: 0.56993
Epoch[249] Loss: 0.54862
Epoch[250] Loss: 0.55033
Training Results - Epoch: 250  Accuracy: 0.60745 Loss: 0.64187
Validation Results - Epoch: 250  Accuracy: 0.46651 Loss: 0.91171
Epoch[251] Loss: 0.55318
Epoch[252] Loss: 0.55412
Epoch[253] Loss: 0.55382
Epoch[254] Loss: 0.53518
Epoch[255] Loss: 0.55640
Epoch[256] Loss: 0.54358
Epoch[257] Loss: 0.55274
Epoch[258] Loss: 0.56095
Epoch[259] Loss: 0.53720
Epoch[260] Loss: 0.54808
Training Results - Epoch: 260  Accuracy: 0.51803 Loss: 0.75411
Validation Results - Epoch: 260  Accuracy: 0.42221 Loss: 0.96148
Epoch[261] Loss: 0.56126
Epoch[262] Loss: 0.55808
Epoch[263] Loss: 0.53936
Epoch[264] Loss: 0.54748
Epoch[265] Loss: 0.55456
Epoch[266] Loss: 0.54780
Epoch[267] Loss: 0.54855
Epoch[268] Loss: 0.55687
Epoch[269] Loss: 0.55114
Epoch[270] Loss: 0.54831
Training Results - Epoch: 270  Accuracy: 0.52910 Loss: 0.75035
Validation Results - Epoch: 270  Accuracy: 0.42582 Loss: 0.98519
Epoch[271] Loss: 0.54615
Epoch[272] Loss: 0.53989
Epoch[273] Loss: 0.54328
Epoch[274] Loss: 0.55843
Epoch[275] Loss: 0.54446
Epoch[276] Loss: 0.54939
Epoch[277] Loss: 0.54700
Epoch[278] Loss: 0.55619
Epoch[279] Loss: 0.55295
Epoch[280] Loss: 0.55444
Training Results - Epoch: 280  Accuracy: 0.59679 Loss: 0.66259
Validation Results - Epoch: 280  Accuracy: 0.45780 Loss: 0.94198
Epoch[281] Loss: 0.55308
Epoch[282] Loss: 0.54527
Epoch[283] Loss: 0.54273
Epoch[284] Loss: 0.53252
Epoch[285] Loss: 0.55096
Epoch[286] Loss: 0.54058
Epoch[287] Loss: 0.55117
Epoch[288] Loss: 0.54722
Epoch[289] Loss: 0.53821
Epoch[290] Loss: 0.54442
Training Results - Epoch: 290  Accuracy: 0.58142 Loss: 0.67702
Validation Results - Epoch: 290  Accuracy: 0.44128 Loss: 0.94819
Epoch[291] Loss: 0.54679
Epoch[292] Loss: 0.55247
Epoch[293] Loss: 0.53201
Epoch[294] Loss: 0.54591
Epoch[295] Loss: 0.52519
Epoch[296] Loss: 0.54600
Epoch[297] Loss: 0.53897
Epoch[298] Loss: 0.54486
Epoch[299] Loss: 0.55697
Epoch[300] Loss: 0.54426
Training Results - Epoch: 300  Accuracy: 0.71512 Loss: 0.55948
Validation Results - Epoch: 300  Accuracy: 0.52692 Loss: 0.95805
Epoch[301] Loss: 0.54330
Epoch[302] Loss: 0.53631
Epoch[303] Loss: 0.53143
Epoch[304] Loss: 0.54717
Epoch[305] Loss: 0.55324
Epoch[306] Loss: 0.53324
Epoch[307] Loss: 0.54375
Epoch[308] Loss: 0.54161
Epoch[309] Loss: 0.54031
Epoch[310] Loss: 0.53098
Training Results - Epoch: 310  Accuracy: 0.58025 Loss: 0.76358
Validation Results - Epoch: 310  Accuracy: 0.46256 Loss: 1.06463
Epoch[311] Loss: 0.54228
Epoch[312] Loss: 0.55066
Epoch[313] Loss: 0.53845
Epoch[314] Loss: 0.54018
Epoch[315] Loss: 0.53213
Epoch[316] Loss: 0.53531
Epoch[317] Loss: 0.53607
Epoch[318] Loss: 0.54182
Epoch[319] Loss: 0.53460
Epoch[320] Loss: 0.55463
Training Results - Epoch: 320  Accuracy: 0.50477 Loss: 0.82300
Validation Results - Epoch: 320  Accuracy: 0.41843 Loss: 1.04716
Epoch[321] Loss: 0.53835
Epoch[322] Loss: 0.54789
Epoch[323] Loss: 0.54822
Epoch[324] Loss: 0.53856
Epoch[325] Loss: 0.55828
Epoch[326] Loss: 0.53879
Epoch[327] Loss: 0.53753
Epoch[328] Loss: 0.54697
Epoch[329] Loss: 0.55385
Epoch[330] Loss: 0.54931
Training Results - Epoch: 330  Accuracy: 0.67304 Loss: 0.71378
Validation Results - Epoch: 330  Accuracy: 0.53423 Loss: 1.10766
Epoch[331] Loss: 0.53325
Epoch[332] Loss: 0.55122
Epoch[333] Loss: 0.53431
Epoch[334] Loss: 0.53932
Epoch[335] Loss: 0.53788
Epoch[336] Loss: 0.55160
Epoch[337] Loss: 0.54203
Epoch[338] Loss: 0.54947
Epoch[339] Loss: 0.53738
Epoch[340] Loss: 0.54136
Training Results - Epoch: 340  Accuracy: 0.53529 Loss: 0.73522
Validation Results - Epoch: 340  Accuracy: 0.42640 Loss: 0.96062
Epoch[341] Loss: 0.52682
Epoch[342] Loss: 0.52432
Epoch[343] Loss: 0.53861
Epoch[344] Loss: 0.54908
Epoch[345] Loss: 0.54852
Epoch[346] Loss: 0.52515
Epoch[347] Loss: 0.53769
Epoch[348] Loss: 0.53158
Epoch[349] Loss: 0.54331
Epoch[350] Loss: 0.53625
Training Results - Epoch: 350  Accuracy: 0.60899 Loss: 0.80191
Validation Results - Epoch: 350  Accuracy: 0.49437 Loss: 1.12735
Epoch[351] Loss: 0.54041
Epoch[352] Loss: 0.53043
Epoch[353] Loss: 0.52979
Epoch[354] Loss: 0.51963
Epoch[355] Loss: 0.54895
Epoch[356] Loss: 0.53017
Epoch[357] Loss: 0.52781
Epoch[358] Loss: 0.52040
Epoch[359] Loss: 0.54139
Epoch[360] Loss: 0.53318
Training Results - Epoch: 360  Accuracy: 0.52860 Loss: 0.80896
Validation Results - Epoch: 360  Accuracy: 0.42344 Loss: 1.08729
Epoch[361] Loss: 0.53734
Epoch[362] Loss: 0.52700
Epoch[363] Loss: 0.55263
Epoch[364] Loss: 0.53273
Epoch[365] Loss: 0.52918
Epoch[366] Loss: 0.51841
Epoch[367] Loss: 0.54931
Epoch[368] Loss: 0.53087
Epoch[369] Loss: 0.53315
Epoch[370] Loss: 0.53861
Training Results - Epoch: 370  Accuracy: 0.56249 Loss: 0.79382
Validation Results - Epoch: 370  Accuracy: 0.45048 Loss: 1.10174
Epoch[371] Loss: 0.52006
Epoch[372] Loss: 0.53745
Epoch[373] Loss: 0.53832
Epoch[374] Loss: 0.55618
Epoch[375] Loss: 0.51799
Epoch[376] Loss: 0.54645
Epoch[377] Loss: 0.54351
Epoch[378] Loss: 0.54173
Epoch[379] Loss: 0.53030
Epoch[380] Loss: 0.52066
Training Results - Epoch: 380  Accuracy: 0.59236 Loss: 0.80524
Validation Results - Epoch: 380  Accuracy: 0.47867 Loss: 1.14343
Epoch[381] Loss: 0.55260
Epoch[382] Loss: 0.52821
Epoch[383] Loss: 0.52525
Epoch[384] Loss: 0.53186
Epoch[385] Loss: 0.52763
Epoch[386] Loss: 0.53470
Epoch[387] Loss: 0.53558
Epoch[388] Loss: 0.52074
Epoch[389] Loss: 0.53269
Epoch[390] Loss: 0.52808
Training Results - Epoch: 390  Accuracy: 0.54677 Loss: 0.86076
Validation Results - Epoch: 390  Accuracy: 0.44744 Loss: 1.15506
Epoch[391] Loss: 0.53750
Epoch[392] Loss: 0.52610
Epoch[393] Loss: 0.52426
Epoch[394] Loss: 0.53623
Epoch[395] Loss: 0.54782
Epoch[396] Loss: 0.53166
Epoch[397] Loss: 0.52822
Epoch[398] Loss: 0.54332
Epoch[399] Loss: 0.53759
Epoch[400] Loss: 0.52118
Training Results - Epoch: 400  Accuracy: 0.62932 Loss: 0.69311
Validation Results - Epoch: 400  Accuracy: 0.47325 Loss: 1.08410
Epoch[401] Loss: 0.53230
Epoch[402] Loss: 0.52427
Epoch[403] Loss: 0.53668
Epoch[404] Loss: 0.52298
Epoch[405] Loss: 0.52323
Epoch[406] Loss: 0.52319
Epoch[407] Loss: 0.52383
Epoch[408] Loss: 0.55220
Epoch[409] Loss: 0.53331
Epoch[410] Loss: 0.52974
Training Results - Epoch: 410  Accuracy: 0.54142 Loss: 0.79533
Validation Results - Epoch: 410  Accuracy: 0.43585 Loss: 1.07029
Epoch[411] Loss: 0.52403
Epoch[412] Loss: 0.52011
Epoch[413] Loss: 0.52785
Epoch[414] Loss: 0.52700
Epoch[415] Loss: 0.53218
Epoch[416] Loss: 0.51851
Epoch[417] Loss: 0.52605
Epoch[418] Loss: 0.52198
Epoch[419] Loss: 0.51689
Epoch[420] Loss: 0.51603
Training Results - Epoch: 420  Accuracy: 0.50219 Loss: 0.97640
Validation Results - Epoch: 420  Accuracy: 0.43215 Loss: 1.22514
Epoch[421] Loss: 0.53300
Epoch[422] Loss: 0.52703
Epoch[423] Loss: 0.53072
Epoch[424] Loss: 0.51274
Epoch[425] Loss: 0.54210
Epoch[426] Loss: 0.53365
Epoch[427] Loss: 0.52815
Epoch[428] Loss: 0.52068
Epoch[429] Loss: 0.51715
Epoch[430] Loss: 0.53165
Training Results - Epoch: 430  Accuracy: 0.62296 Loss: 0.82277
Validation Results - Epoch: 430  Accuracy: 0.50596 Loss: 1.19185
Epoch[431] Loss: 0.53460
Epoch[432] Loss: 0.52255
Epoch[433] Loss: 0.53812
Epoch[434] Loss: 0.51693
Epoch[435] Loss: 0.51856
Epoch[436] Loss: 0.52247
Epoch[437] Loss: 0.52676
Epoch[438] Loss: 0.54502
Epoch[439] Loss: 0.53125
Epoch[440] Loss: 0.52685
Training Results - Epoch: 440  Accuracy: 0.59397 Loss: 0.74623
Validation Results - Epoch: 440  Accuracy: 0.45738 Loss: 1.11372
Epoch[441] Loss: 0.52966
Epoch[442] Loss: 0.52988
Epoch[443] Loss: 0.51909
Epoch[444] Loss: 0.51010
Epoch[445] Loss: 0.52439
Epoch[446] Loss: 0.52175
Epoch[447] Loss: 0.52678
Epoch[448] Loss: 0.53683
Epoch[449] Loss: 0.51058
Epoch[450] Loss: 0.54396
Training Results - Epoch: 450  Accuracy: 0.52707 Loss: 1.02441
Validation Results - Epoch: 450  Accuracy: 0.45459 Loss: 1.30332
Epoch[451] Loss: 0.53611
Epoch[452] Loss: 0.52751
Epoch[453] Loss: 0.53328
Epoch[454] Loss: 0.53189
Epoch[455] Loss: 0.52889
Epoch[456] Loss: 0.56980
Epoch[457] Loss: 0.54591
Epoch[458] Loss: 0.52948
Epoch[459] Loss: 0.53381
Epoch[460] Loss: 0.52478
Training Results - Epoch: 460  Accuracy: 0.51255 Loss: 0.83148
Validation Results - Epoch: 460  Accuracy: 0.42073 Loss: 1.07812
Epoch[461] Loss: 0.52360
Epoch[462] Loss: 0.52450
Epoch[463] Loss: 0.53837
Epoch[464] Loss: 0.52039
Epoch[465] Loss: 0.52491
Epoch[466] Loss: 0.51557
Epoch[467] Loss: 0.52219
Epoch[468] Loss: 0.50854
Epoch[469] Loss: 0.52198
Epoch[470] Loss: 0.52838
Training Results - Epoch: 470  Accuracy: 0.53460 Loss: 0.87707
Validation Results - Epoch: 470  Accuracy: 0.43486 Loss: 1.19360
Epoch[471] Loss: 0.52636
Epoch[472] Loss: 0.52586
Epoch[473] Loss: 0.50172
Epoch[474] Loss: 0.51422
Epoch[475] Loss: 0.51620
Epoch[476] Loss: 0.51952
Epoch[477] Loss: 0.51493
Epoch[478] Loss: 0.53758
Epoch[479] Loss: 0.50700
Epoch[480] Loss: 0.51302
Training Results - Epoch: 480  Accuracy: 0.62425 Loss: 0.74829
Validation Results - Epoch: 480  Accuracy: 0.48492 Loss: 1.17573
Epoch[481] Loss: 0.52821
Epoch[482] Loss: 0.53154
Epoch[483] Loss: 0.51636
Epoch[484] Loss: 0.51109
Epoch[485] Loss: 0.52080
Epoch[486] Loss: 0.52475
Epoch[487] Loss: 0.52765
Epoch[488] Loss: 0.52256
Epoch[489] Loss: 0.52314
Epoch[490] Loss: 0.52110
Training Results - Epoch: 490  Accuracy: 0.58107 Loss: 0.77301
Validation Results - Epoch: 490  Accuracy: 0.44744 Loss: 1.14374
Epoch[491] Loss: 0.51514
Epoch[492] Loss: 0.51154
Epoch[493] Loss: 0.51435
Epoch[494] Loss: 0.53051
Epoch[495] Loss: 0.52972
Epoch[496] Loss: 0.52575
Epoch[497] Loss: 0.52282
Epoch[498] Loss: 0.52891
Epoch[499] Loss: 0.51177
Epoch[500] Loss: 0.52926
Training Results - Epoch: 500  Accuracy: 0.58263 Loss: 0.73012
Validation Results - Epoch: 500  Accuracy: 0.44119 Loss: 1.07306
Epoch[501] Loss: 0.51952
Epoch[502] Loss: 0.51718
Epoch[503] Loss: 0.50816
Epoch[504] Loss: 0.51623
Epoch[505] Loss: 0.52977
Epoch[506] Loss: 0.52247
Epoch[507] Loss: 0.52788
Epoch[508] Loss: 0.53329
Epoch[509] Loss: 0.52552
Epoch[510] Loss: 0.53618
Training Results - Epoch: 510  Accuracy: 0.58304 Loss: 0.85776
Validation Results - Epoch: 510  Accuracy: 0.46856 Loss: 1.23155
Epoch[511] Loss: 0.53244
Epoch[512] Loss: 0.52092
Epoch[513] Loss: 0.50973
Epoch[514] Loss: 0.51290
Epoch[515] Loss: 0.50721
Epoch[516] Loss: 0.51720
Epoch[517] Loss: 0.50987
Epoch[518] Loss: 0.52788
Epoch[519] Loss: 0.50950
Epoch[520] Loss: 0.51125
Training Results - Epoch: 520  Accuracy: 0.59455 Loss: 1.11790
Validation Results - Epoch: 520  Accuracy: 0.51130 Loss: 1.43584
Epoch[521] Loss: 0.51874
Epoch[522] Loss: 0.50442
Epoch[523] Loss: 0.51784
Epoch[524] Loss: 0.52593
Epoch[525] Loss: 0.51474
Epoch[526] Loss: 0.52484
Epoch[527] Loss: 0.51849
Epoch[528] Loss: 0.53471
Epoch[529] Loss: 0.53258
Epoch[530] Loss: 0.53524
Training Results - Epoch: 530  Accuracy: 0.66359 Loss: 0.70567
Validation Results - Epoch: 530  Accuracy: 0.49166 Loss: 1.15868
Epoch[531] Loss: 0.53139
Epoch[532] Loss: 0.51929
Epoch[533] Loss: 0.51112
Epoch[534] Loss: 0.51592
Epoch[535] Loss: 0.52500
Epoch[536] Loss: 0.52895
Epoch[537] Loss: 0.51488
Epoch[538] Loss: 0.51495
Epoch[539] Loss: 0.51567
Epoch[540] Loss: 0.52684
Training Results - Epoch: 540  Accuracy: 0.60252 Loss: 0.92883
Validation Results - Epoch: 540  Accuracy: 0.49108 Loss: 1.31763
Epoch[541] Loss: 0.50798
Epoch[542] Loss: 0.52334
Epoch[543] Loss: 0.50264
Epoch[544] Loss: 0.50500
Epoch[545] Loss: 0.51653
Epoch[546] Loss: 0.50402
Epoch[547] Loss: 0.50655
Epoch[548] Loss: 0.52260
Epoch[549] Loss: 0.50864
Epoch[550] Loss: 0.50774
Training Results - Epoch: 550  Accuracy: 0.62819 Loss: 0.91556
Validation Results - Epoch: 550  Accuracy: 0.52190 Loss: 1.33431
Epoch[551] Loss: 0.49839
Epoch[552] Loss: 0.51857
Epoch[553] Loss: 0.51495
Epoch[554] Loss: 0.51319
Epoch[555] Loss: 0.52239
Epoch[556] Loss: 0.49936
Epoch[557] Loss: 0.52292
Epoch[558] Loss: 0.47854
Epoch[559] Loss: 0.51375
Epoch[560] Loss: 0.50842
Training Results - Epoch: 560  Accuracy: 0.62890 Loss: 1.08738
Validation Results - Epoch: 560  Accuracy: 0.54837 Loss: 1.45533
Epoch[561] Loss: 0.51469
Epoch[562] Loss: 0.52188
Epoch[563] Loss: 0.51411
Epoch[564] Loss: 0.53566
Epoch[565] Loss: 0.50959
Epoch[566] Loss: 0.49862
Epoch[567] Loss: 0.52480
Epoch[568] Loss: 0.51934
Epoch[569] Loss: 0.52370
Epoch[570] Loss: 0.51986
Training Results - Epoch: 570  Accuracy: 0.62748 Loss: 1.08746
Validation Results - Epoch: 570  Accuracy: 0.53694 Loss: 1.46490
Epoch[571] Loss: 0.50542
Epoch[572] Loss: 0.51017
Epoch[573] Loss: 0.50835
Epoch[574] Loss: 0.51543
Epoch[575] Loss: 0.51316
Epoch[576] Loss: 0.51582
Epoch[577] Loss: 0.51728
Epoch[578] Loss: 0.50433
Epoch[579] Loss: 0.51465
Epoch[580] Loss: 0.50163
Training Results - Epoch: 580  Accuracy: 0.58471 Loss: 1.27626
Validation Results - Epoch: 580  Accuracy: 0.52297 Loss: 1.58844
Epoch[581] Loss: 0.52021
Epoch[582] Loss: 0.50780
Epoch[583] Loss: 0.50614
Epoch[584] Loss: 0.52780
Epoch[585] Loss: 0.49903
Epoch[586] Loss: 0.50645
Epoch[587] Loss: 0.50497
Epoch[588] Loss: 0.51440
Epoch[589] Loss: 0.51568
Epoch[590] Loss: 0.50794
Training Results - Epoch: 590  Accuracy: 0.59485 Loss: 1.03762
Validation Results - Epoch: 590  Accuracy: 0.49864 Loss: 1.42972
Epoch[591] Loss: 0.50934
Epoch[592] Loss: 0.50687
Epoch[593] Loss: 0.50835
Epoch[594] Loss: 0.51433
Epoch[595] Loss: 0.50640
Epoch[596] Loss: 0.50695
Epoch[597] Loss: 0.51054
Epoch[598] Loss: 0.52261
Epoch[599] Loss: 0.50696
Epoch[600] Loss: 0.48851
Training Results - Epoch: 600  Accuracy: 0.64233 Loss: 0.82096
Validation Results - Epoch: 600  Accuracy: 0.50571 Loss: 1.26646
Epoch[601] Loss: 0.51602
Epoch[602] Loss: 0.51141
Epoch[603] Loss: 0.50355
Epoch[604] Loss: 0.50620
Epoch[605] Loss: 0.52142
Epoch[606] Loss: 0.50292
Epoch[607] Loss: 0.50930
Epoch[608] Loss: 0.50402
Epoch[609] Loss: 0.52212
Epoch[610] Loss: 0.52825
Training Results - Epoch: 610  Accuracy: 0.61726 Loss: 0.76796
Validation Results - Epoch: 610  Accuracy: 0.46774 Loss: 1.23355
Epoch[611] Loss: 0.52239
Epoch[612] Loss: 0.52769
Epoch[613] Loss: 0.52379
Epoch[614] Loss: 0.50084
Epoch[615] Loss: 0.49744
Epoch[616] Loss: 0.50650
Epoch[617] Loss: 0.50952
Epoch[618] Loss: 0.51156
Epoch[619] Loss: 0.50957
Epoch[620] Loss: 0.50817
Training Results - Epoch: 620  Accuracy: 0.61022 Loss: 1.31009
Validation Results - Epoch: 620  Accuracy: 0.54089 Loss: 1.63882
Epoch[621] Loss: 0.50689
Epoch[622] Loss: 0.50081
Epoch[623] Loss: 0.50437
Epoch[624] Loss: 0.50066
Epoch[625] Loss: 0.51223
Epoch[626] Loss: 0.51717
Epoch[627] Loss: 0.49290
Epoch[628] Loss: 0.50906
Epoch[629] Loss: 0.50237
Epoch[630] Loss: 0.50204
Training Results - Epoch: 630  Accuracy: 0.61726 Loss: 1.18072
Validation Results - Epoch: 630  Accuracy: 0.53366 Loss: 1.53482
Epoch[631] Loss: 0.50787
Epoch[632] Loss: 0.51465
Epoch[633] Loss: 0.50935
Epoch[634] Loss: 0.49152
Epoch[635] Loss: 0.51026
Epoch[636] Loss: 0.53018
Epoch[637] Loss: 0.50619
Epoch[638] Loss: 0.49990
Epoch[639] Loss: 0.52050
Epoch[640] Loss: 0.49882
Training Results - Epoch: 640  Accuracy: 0.61658 Loss: 1.33970
Validation Results - Epoch: 640  Accuracy: 0.55897 Loss: 1.64321
Epoch[641] Loss: 0.51122
Epoch[642] Loss: 0.50874
Epoch[643] Loss: 0.51913
Epoch[644] Loss: 0.50819
Epoch[645] Loss: 0.50795
Epoch[646] Loss: 0.49127
Epoch[647] Loss: 0.50076
Epoch[648] Loss: 0.51556
Epoch[649] Loss: 0.51121
Epoch[650] Loss: 0.52147
Training Results - Epoch: 650  Accuracy: 0.56027 Loss: 1.14164
Validation Results - Epoch: 650  Accuracy: 0.47514 Loss: 1.51156
Epoch[651] Loss: 0.51166
Epoch[652] Loss: 0.50467
Epoch[653] Loss: 0.50392
Epoch[654] Loss: 0.49487
Epoch[655] Loss: 0.51017
Epoch[656] Loss: 0.51302
Epoch[657] Loss: 0.50636
Epoch[658] Loss: 0.49951
Epoch[659] Loss: 0.50766
Epoch[660] Loss: 0.51291
Training Results - Epoch: 660  Accuracy: 0.58540 Loss: 1.00450
Validation Results - Epoch: 660  Accuracy: 0.47341 Loss: 1.44753
Epoch[661] Loss: 0.49443
Epoch[662] Loss: 0.50279
Epoch[663] Loss: 0.50911
Epoch[664] Loss: 0.51898
Epoch[665] Loss: 0.48747
Epoch[666] Loss: 0.52463
Epoch[667] Loss: 0.50588
Epoch[668] Loss: 0.50332
Epoch[669] Loss: 0.48897
Epoch[670] Loss: 0.50352
Training Results - Epoch: 670  Accuracy: 0.63589 Loss: 1.16598
Validation Results - Epoch: 670  Accuracy: 0.57040 Loss: 1.53624
Epoch[671] Loss: 0.49906
Epoch[672] Loss: 0.50687
Epoch[673] Loss: 0.51216
Epoch[674] Loss: 0.51350
Epoch[675] Loss: 0.50105
Epoch[676] Loss: 0.50585
Epoch[677] Loss: 0.49117
Epoch[678] Loss: 0.49524
Epoch[679] Loss: 0.50313
Epoch[680] Loss: 0.49698
Training Results - Epoch: 680  Accuracy: 0.66573 Loss: 0.90826
Validation Results - Epoch: 680  Accuracy: 0.54590 Loss: 1.40301
Epoch[681] Loss: 0.50607
Epoch[682] Loss: 0.52425
Epoch[683] Loss: 0.48889
Epoch[684] Loss: 0.50408
Epoch[685] Loss: 0.50162
Epoch[686] Loss: 0.50601
Epoch[687] Loss: 0.50409
Epoch[688] Loss: 0.49905
Epoch[689] Loss: 0.49805
Epoch[690] Loss: 0.50224
Training Results - Epoch: 690  Accuracy: 0.61858 Loss: 1.27913
Validation Results - Epoch: 690  Accuracy: 0.54467 Loss: 1.64853
Epoch[691] Loss: 0.49900
Epoch[692] Loss: 0.51075
Epoch[693] Loss: 0.50858
Epoch[694] Loss: 0.50998
Epoch[695] Loss: 0.50998
Epoch[696] Loss: 0.51156
Epoch[697] Loss: 0.51544
Epoch[698] Loss: 0.49489
Epoch[699] Loss: 0.51197
Epoch[700] Loss: 0.51331
Training Results - Epoch: 700  Accuracy: 0.63233 Loss: 1.04697
Validation Results - Epoch: 700  Accuracy: 0.53777 Loss: 1.44039
Epoch[701] Loss: 0.49671
Epoch[702] Loss: 0.50166
Epoch[703] Loss: 0.50702
Epoch[704] Loss: 0.50211
Epoch[705] Loss: 0.50063
Epoch[706] Loss: 0.49800
Epoch[707] Loss: 0.50962
Epoch[708] Loss: 0.50847
Epoch[709] Loss: 0.50119
Epoch[710] Loss: 0.50777
Training Results - Epoch: 710  Accuracy: 0.60310 Loss: 1.10939
Validation Results - Epoch: 710  Accuracy: 0.52445 Loss: 1.47438
Epoch[711] Loss: 0.51704
Epoch[712] Loss: 0.51875
Epoch[713] Loss: 0.50186
Epoch[714] Loss: 0.51822
Epoch[715] Loss: 0.50778
Epoch[716] Loss: 0.48591
Epoch[717] Loss: 0.49055
Epoch[718] Loss: 0.49740
Epoch[719] Loss: 0.50179
Epoch[720] Loss: 0.49912
Training Results - Epoch: 720  Accuracy: 0.62019 Loss: 1.15663
Validation Results - Epoch: 720  Accuracy: 0.52659 Loss: 1.58917
Epoch[721] Loss: 0.50624
Epoch[722] Loss: 0.50631
Epoch[723] Loss: 0.51473
Epoch[724] Loss: 0.51631
Epoch[725] Loss: 0.50722
Epoch[726] Loss: 0.51453
Epoch[727] Loss: 0.50310
Epoch[728] Loss: 0.51970
Epoch[729] Loss: 0.50181
Epoch[730] Loss: 0.50396
Training Results - Epoch: 730  Accuracy: 0.64934 Loss: 0.84970
Validation Results - Epoch: 730  Accuracy: 0.51862 Loss: 1.35427
Epoch[731] Loss: 0.50116
Epoch[732] Loss: 0.50206
Epoch[733] Loss: 0.49494
Epoch[734] Loss: 0.50974
Epoch[735] Loss: 0.51845
Epoch[736] Loss: 0.50129
Epoch[737] Loss: 0.48928
Epoch[738] Loss: 0.50622
Epoch[739] Loss: 0.51515
Epoch[740] Loss: 0.49826
Training Results - Epoch: 740  Accuracy: 0.55953 Loss: 1.33072
Validation Results - Epoch: 740  Accuracy: 0.51352 Loss: 1.63008
Epoch[741] Loss: 0.49534
Epoch[742] Loss: 0.49918
Epoch[743] Loss: 0.48221
Epoch[744] Loss: 0.49372
Epoch[745] Loss: 0.49300
Epoch[746] Loss: 0.49468
Epoch[747] Loss: 0.49956
Epoch[748] Loss: 0.51103
Epoch[749] Loss: 0.50582
Epoch[750] Loss: 0.51676
Training Results - Epoch: 750  Accuracy: 0.55430 Loss: 1.02385
Validation Results - Epoch: 750  Accuracy: 0.47514 Loss: 1.37760
Epoch[751] Loss: 0.50422
Epoch[752] Loss: 0.51228
Epoch[753] Loss: 0.48951
Epoch[754] Loss: 0.51192
Epoch[755] Loss: 0.51911
Epoch[756] Loss: 0.50790
Epoch[757] Loss: 0.51932
Epoch[758] Loss: 0.50121
Epoch[759] Loss: 0.50333
Epoch[760] Loss: 0.51827
Training Results - Epoch: 760  Accuracy: 0.60241 Loss: 1.17395
Validation Results - Epoch: 760  Accuracy: 0.52190 Loss: 1.57443
Epoch[761] Loss: 0.48856
Epoch[762] Loss: 0.48765
Epoch[763] Loss: 0.49632
Epoch[764] Loss: 0.49587
Epoch[765] Loss: 0.50134
Epoch[766] Loss: 0.48457
Epoch[767] Loss: 0.50360
Epoch[768] Loss: 0.49264
Epoch[769] Loss: 0.48723
Epoch[770] Loss: 0.49672
Training Results - Epoch: 770  Accuracy: 0.62592 Loss: 1.16951
Validation Results - Epoch: 770  Accuracy: 0.52289 Loss: 1.62457
Epoch[771] Loss: 0.49641
Epoch[772] Loss: 0.49638
Epoch[773] Loss: 0.50214
Epoch[774] Loss: 0.48856
Epoch[775] Loss: 0.49274
Epoch[776] Loss: 0.49129
Epoch[777] Loss: 0.48627
Epoch[778] Loss: 0.48693
Epoch[779] Loss: 0.49634
Epoch[780] Loss: 0.49089
Training Results - Epoch: 780  Accuracy: 0.56748 Loss: 1.46583
Validation Results - Epoch: 780  Accuracy: 0.52116 Loss: 1.76456
Epoch[781] Loss: 0.49518
Epoch[782] Loss: 0.49016
Epoch[783] Loss: 0.48193
Epoch[784] Loss: 0.49867
Epoch[785] Loss: 0.49668
Epoch[786] Loss: 0.50826
Epoch[787] Loss: 0.50560
Epoch[788] Loss: 0.51228
Epoch[789] Loss: 0.49784
Epoch[790] Loss: 0.62131
Training Results - Epoch: 790  Accuracy: 0.69559 Loss: 0.71900
Validation Results - Epoch: 790  Accuracy: 0.54294 Loss: 1.24588
Epoch[791] Loss: 0.58261
Epoch[792] Loss: 0.56567
Epoch[793] Loss: 0.55589
Epoch[794] Loss: 0.53521
Epoch[795] Loss: 0.51308
Epoch[796] Loss: 0.50874
Epoch[797] Loss: 0.51720
Epoch[798] Loss: 0.49986
Epoch[799] Loss: 0.51307
Epoch[800] Loss: 0.50560
Training Results - Epoch: 800  Accuracy: 0.60211 Loss: 0.90146
Validation Results - Epoch: 800  Accuracy: 0.50448 Loss: 1.28781
Epoch[801] Loss: 0.49280
Epoch[802] Loss: 0.50638
Epoch[803] Loss: 0.52364
Epoch[804] Loss: 0.48904
Epoch[805] Loss: 0.50461
Epoch[806] Loss: 0.49992
Epoch[807] Loss: 0.49312
Epoch[808] Loss: 0.49737
Epoch[809] Loss: 0.48701
Epoch[810] Loss: 0.49654
Training Results - Epoch: 810  Accuracy: 0.50638 Loss: 1.20277
Validation Results - Epoch: 810  Accuracy: 0.43733 Loss: 1.54961
Epoch[811] Loss: 0.50364
Epoch[812] Loss: 0.50764
Epoch[813] Loss: 0.48915
Epoch[814] Loss: 0.48741
Epoch[815] Loss: 0.50774
Epoch[816] Loss: 0.52937
Epoch[817] Loss: 0.50861
Epoch[818] Loss: 0.49059
Epoch[819] Loss: 0.49959
Epoch[820] Loss: 0.48093
Training Results - Epoch: 820  Accuracy: 0.59608 Loss: 1.21793
Validation Results - Epoch: 820  Accuracy: 0.51960 Loss: 1.62133
Epoch[821] Loss: 0.50314
Epoch[822] Loss: 0.48683
Epoch[823] Loss: 0.48807
Epoch[824] Loss: 0.51640
Epoch[825] Loss: 0.50748
Epoch[826] Loss: 0.49589
Epoch[827] Loss: 0.48938
Epoch[828] Loss: 0.48261
Epoch[829] Loss: 0.49238
Epoch[830] Loss: 0.49057
Training Results - Epoch: 830  Accuracy: 0.64482 Loss: 1.09651
Validation Results - Epoch: 830  Accuracy: 0.53883 Loss: 1.60003
Epoch[831] Loss: 0.48367
Epoch[832] Loss: 0.50123
Epoch[833] Loss: 0.50028
Epoch[834] Loss: 0.51227
Epoch[835] Loss: 0.49289
Epoch[836] Loss: 0.49974
Epoch[837] Loss: 0.49195
Epoch[838] Loss: 0.49996
Epoch[839] Loss: 0.49613
Epoch[840] Loss: 0.49594
Training Results - Epoch: 840  Accuracy: 0.58310 Loss: 1.43047
Validation Results - Epoch: 840  Accuracy: 0.52716 Loss: 1.76374
Epoch[841] Loss: 0.49642
Epoch[842] Loss: 0.49954
Epoch[843] Loss: 0.48341
Epoch[844] Loss: 0.49157
Epoch[845] Loss: 0.48717
Epoch[846] Loss: 0.50607
Epoch[847] Loss: 0.47989
Epoch[848] Loss: 0.47606
Epoch[849] Loss: 0.50006
Epoch[850] Loss: 0.48898
Training Results - Epoch: 850  Accuracy: 0.62534 Loss: 1.35408
Validation Results - Epoch: 850  Accuracy: 0.55437 Loss: 1.75448
Epoch[851] Loss: 0.47105
Epoch[852] Loss: 0.49894
Epoch[853] Loss: 0.50549
Epoch[854] Loss: 0.50219
Epoch[855] Loss: 0.46807
Epoch[856] Loss: 0.48696
Epoch[857] Loss: 0.48674
Epoch[858] Loss: 0.49436
Epoch[859] Loss: 0.48897
Epoch[860] Loss: 0.48276
Training Results - Epoch: 860  Accuracy: 0.59282 Loss: 1.60105
Validation Results - Epoch: 860  Accuracy: 0.54878 Loss: 1.90840
Epoch[861] Loss: 0.47836
Epoch[862] Loss: 0.48428
Epoch[863] Loss: 0.49632
Epoch[864] Loss: 0.49330
Epoch[865] Loss: 0.50862
Epoch[866] Loss: 0.48887
Epoch[867] Loss: 0.47950
Epoch[868] Loss: 0.47866
Epoch[869] Loss: 0.48736
Epoch[870] Loss: 0.51154
Training Results - Epoch: 870  Accuracy: 0.63726 Loss: 1.37852
Validation Results - Epoch: 870  Accuracy: 0.57122 Loss: 1.78436
Epoch[871] Loss: 0.48822
Epoch[872] Loss: 0.48779
Epoch[873] Loss: 0.49036
Epoch[874] Loss: 0.49663
Epoch[875] Loss: 0.48594
Epoch[876] Loss: 0.48903
Epoch[877] Loss: 0.48822
Epoch[878] Loss: 0.49447
Epoch[879] Loss: 0.48060
Epoch[880] Loss: 0.49746
Training Results - Epoch: 880  Accuracy: 0.62603 Loss: 1.45468
Validation Results - Epoch: 880  Accuracy: 0.56966 Loss: 1.79908
Epoch[881] Loss: 0.48942
Epoch[882] Loss: 0.50301
Epoch[883] Loss: 0.47654
Epoch[884] Loss: 0.48969
Epoch[885] Loss: 0.50439
Epoch[886] Loss: 0.49433
Epoch[887] Loss: 0.49754
Epoch[888] Loss: 0.49586
Epoch[889] Loss: 0.49823
Epoch[890] Loss: 0.49191
Training Results - Epoch: 890  Accuracy: 0.67690 Loss: 0.98450
Validation Results - Epoch: 890  Accuracy: 0.54245 Loss: 1.53082
Epoch[891] Loss: 0.49715
Epoch[892] Loss: 0.49566
Epoch[893] Loss: 0.49377
Epoch[894] Loss: 0.49091
Epoch[895] Loss: 0.48607
Epoch[896] Loss: 0.49128
Epoch[897] Loss: 0.49861
Epoch[898] Loss: 0.49206
Epoch[899] Loss: 0.50170
Epoch[900] Loss: 0.48290
Training Results - Epoch: 900  Accuracy: 0.58762 Loss: 1.48498
Validation Results - Epoch: 900  Accuracy: 0.53826 Loss: 1.81726
Epoch[901] Loss: 0.49738
Epoch[902] Loss: 0.49788
Epoch[903] Loss: 0.49817
Epoch[904] Loss: 0.48341
Epoch[905] Loss: 0.50329
Epoch[906] Loss: 0.47278
Epoch[907] Loss: 0.48134
Epoch[908] Loss: 0.50431
Epoch[909] Loss: 0.48084
Epoch[910] Loss: 0.49952
Training Results - Epoch: 910  Accuracy: 0.68458 Loss: 0.89993
Validation Results - Epoch: 910  Accuracy: 0.55092 Loss: 1.46342
Epoch[911] Loss: 0.49275
Epoch[912] Loss: 0.51184
Epoch[913] Loss: 0.48772
Epoch[914] Loss: 0.48432
Epoch[915] Loss: 0.48989
Epoch[916] Loss: 0.48454
Epoch[917] Loss: 0.50987
Epoch[918] Loss: 0.48720
Epoch[919] Loss: 0.50386
Epoch[920] Loss: 0.47560
Training Results - Epoch: 920  Accuracy: 0.59797 Loss: 1.26819
Validation Results - Epoch: 920  Accuracy: 0.51303 Loss: 1.71740
Epoch[921] Loss: 0.49247
Epoch[922] Loss: 0.47656
Epoch[923] Loss: 0.48616
Epoch[924] Loss: 0.48455
Epoch[925] Loss: 0.50336
Epoch[926] Loss: 0.47863
Epoch[927] Loss: 0.47975
Epoch[928] Loss: 0.49835
Epoch[929] Loss: 0.48841
Epoch[930] Loss: 0.47829
Training Results - Epoch: 930  Accuracy: 0.60649 Loss: 1.37809
Validation Results - Epoch: 930  Accuracy: 0.52741 Loss: 1.81816
Epoch[931] Loss: 0.49824
Epoch[932] Loss: 0.47972
Epoch[933] Loss: 0.49608
Epoch[934] Loss: 0.47841
Epoch[935] Loss: 0.49703
Epoch[936] Loss: 0.49475
Epoch[937] Loss: 0.48623
Epoch[938] Loss: 0.48703
Epoch[939] Loss: 0.49842
Epoch[940] Loss: 0.49157
Training Results - Epoch: 940  Accuracy: 0.60074 Loss: 1.20603
Validation Results - Epoch: 940  Accuracy: 0.50785 Loss: 1.68681
Epoch[941] Loss: 0.49045
Epoch[942] Loss: 0.48757
Epoch[943] Loss: 0.49474
Epoch[944] Loss: 0.47460
Epoch[945] Loss: 0.48900
Epoch[946] Loss: 0.47893
Epoch[947] Loss: 0.47891
Epoch[948] Loss: 0.48445
Epoch[949] Loss: 0.48090
Epoch[950] Loss: 0.47864
Training Results - Epoch: 950  Accuracy: 0.60479 Loss: 1.35449
Validation Results - Epoch: 950  Accuracy: 0.53218 Loss: 1.78433
Epoch[951] Loss: 0.49259
Epoch[952] Loss: 0.48427
Epoch[953] Loss: 0.48913
Epoch[954] Loss: 0.47993
Epoch[955] Loss: 0.47515
Epoch[956] Loss: 0.48654
Epoch[957] Loss: 0.47834
Epoch[958] Loss: 0.47023
Epoch[959] Loss: 0.48415
Epoch[960] Loss: 0.48556
Training Results - Epoch: 960  Accuracy: 0.59849 Loss: 1.49949
Validation Results - Epoch: 960  Accuracy: 0.54327 Loss: 1.85809
Epoch[961] Loss: 0.47674
Epoch[962] Loss: 0.48823
Epoch[963] Loss: 0.49136
Epoch[964] Loss: 0.48586
Epoch[965] Loss: 0.48636
Epoch[966] Loss: 0.47751
Epoch[967] Loss: 0.47955
Epoch[968] Loss: 0.49896
Epoch[969] Loss: 0.48520
Epoch[970] Loss: 0.50119
Training Results - Epoch: 970  Accuracy: 0.57551 Loss: 1.68588
Validation Results - Epoch: 970  Accuracy: 0.55108 Loss: 1.91567
Epoch[971] Loss: 0.47513
Epoch[972] Loss: 0.48841
Epoch[973] Loss: 0.49148
Epoch[974] Loss: 0.49033
Epoch[975] Loss: 0.49357
Epoch[976] Loss: 0.49702
Epoch[977] Loss: 0.50047
Epoch[978] Loss: 0.48139
Epoch[979] Loss: 0.47644
Epoch[980] Loss: 0.48873
Training Results - Epoch: 980  Accuracy: 0.65384 Loss: 1.15223
Validation Results - Epoch: 980  Accuracy: 0.57270 Loss: 1.61318
Epoch[981] Loss: 0.47756
Epoch[982] Loss: 0.49029
Epoch[983] Loss: 0.48887
Epoch[984] Loss: 0.50124
Epoch[985] Loss: 0.47115
Epoch[986] Loss: 0.46816
Epoch[987] Loss: 0.47441
Epoch[988] Loss: 0.48430
Epoch[989] Loss: 0.48066
Epoch[990] Loss: 0.48686
Training Results - Epoch: 990  Accuracy: 0.58652 Loss: 1.26614
Validation Results - Epoch: 990  Accuracy: 0.49437 Loss: 1.73156
Epoch[991] Loss: 0.46783
Epoch[992] Loss: 0.47322
Epoch[993] Loss: 0.48672
Epoch[994] Loss: 0.48604
Epoch[995] Loss: 0.47518
Epoch[996] Loss: 0.48066
Epoch[997] Loss: 0.47802
Epoch[998] Loss: 0.47945
Epoch[999] Loss: 0.49143
Epoch[1000] Loss: 0.48722
Training Results - Epoch: 1000  Accuracy: 0.61285 Loss: 1.37812
Validation Results - Epoch: 1000  Accuracy: 0.52815 Loss: 1.83059
done
