0.0 1.0000000000000036
train data shape (292002, 4096, 1)
test data shape (97334, 4096, 1)
Epoch[1] Loss: 0.62647
Epoch[2] Loss: 0.65254
Epoch[3] Loss: 0.62803
Epoch[4] Loss: 0.66987
Epoch[5] Loss: 0.63878
Epoch[6] Loss: 0.63727
Epoch[7] Loss: 0.62826
Epoch[8] Loss: 0.64158
Epoch[9] Loss: 0.65959
Epoch[10] Loss: 0.66284
Training Results - Epoch: 10  Accuracy: 0.64126 Loss: 0.65271
Validation Results - Epoch: 10  Accuracy: 0.64220 Loss: 0.65217
Epoch[11] Loss: 0.66630
Epoch[12] Loss: 0.59996
Epoch[13] Loss: 0.61992
Epoch[14] Loss: 0.70352
Epoch[15] Loss: 0.66622
Epoch[16] Loss: 0.66622
Epoch[17] Loss: 0.64877
Epoch[18] Loss: 0.66332
Epoch[19] Loss: 0.66997
Epoch[20] Loss: 0.67050
Training Results - Epoch: 20  Accuracy: 0.64126 Loss: 0.65270
Validation Results - Epoch: 20  Accuracy: 0.64220 Loss: 0.65214
Epoch[21] Loss: 0.67713
Epoch[22] Loss: 0.65941
Epoch[23] Loss: 0.67692
Epoch[24] Loss: 0.69642
Epoch[25] Loss: 0.60487
Epoch[26] Loss: 0.65228
Epoch[27] Loss: 0.66316
Epoch[28] Loss: 0.61645
Epoch[29] Loss: 0.64873
Epoch[30] Loss: 0.66991
Training Results - Epoch: 30  Accuracy: 0.64126 Loss: 0.65271
Validation Results - Epoch: 30  Accuracy: 0.64220 Loss: 0.65217
Epoch[31] Loss: 0.64870
Epoch[32] Loss: 0.67364
Epoch[33] Loss: 0.66651
Epoch[34] Loss: 0.63818
Epoch[35] Loss: 0.62004
Epoch[36] Loss: 0.67705
Epoch[37] Loss: 0.63446
Epoch[38] Loss: 0.61705
Epoch[39] Loss: 0.65585
Epoch[40] Loss: 0.65944
Training Results - Epoch: 40  Accuracy: 0.64126 Loss: 0.65269
Validation Results - Epoch: 40  Accuracy: 0.64220 Loss: 0.65214
Epoch[41] Loss: 0.65941
Epoch[42] Loss: 0.68446
Epoch[43] Loss: 0.65930
Epoch[44] Loss: 0.68423
Epoch[45] Loss: 0.63828
Epoch[46] Loss: 0.66996
Epoch[47] Loss: 0.64522
Epoch[48] Loss: 0.64872
Epoch[49] Loss: 0.63090
Epoch[50] Loss: 0.62760
Training Results - Epoch: 50  Accuracy: 0.64126 Loss: 0.65270
Validation Results - Epoch: 50  Accuracy: 0.64220 Loss: 0.65216
Epoch[51] Loss: 0.63454
Epoch[52] Loss: 0.66998
Epoch[53] Loss: 0.60976
Epoch[54] Loss: 0.65230
Epoch[55] Loss: 0.67020
Epoch[56] Loss: 0.66656
Epoch[57] Loss: 0.64881
Epoch[58] Loss: 0.68799
Epoch[59] Loss: 0.67371
Epoch[60] Loss: 0.65586
Training Results - Epoch: 60  Accuracy: 0.64126 Loss: 0.65269
Validation Results - Epoch: 60  Accuracy: 0.64220 Loss: 0.65214
Epoch[61] Loss: 0.59163
Epoch[62] Loss: 0.64873
Epoch[63] Loss: 0.63429
Epoch[64] Loss: 0.65229
Epoch[65] Loss: 0.68394
Epoch[66] Loss: 0.64874
Epoch[67] Loss: 0.65584
Epoch[68] Loss: 0.68802
Epoch[69] Loss: 0.66302
Epoch[70] Loss: 0.63789
Training Results - Epoch: 70  Accuracy: 0.64126 Loss: 0.65269
Validation Results - Epoch: 70  Accuracy: 0.64220 Loss: 0.65214
Epoch[71] Loss: 0.68783
Epoch[72] Loss: 0.65585
Epoch[73] Loss: 0.65228
Epoch[74] Loss: 0.66296
Epoch[75] Loss: 0.70842
Epoch[76] Loss: 0.65585
Epoch[77] Loss: 0.62743
Epoch[78] Loss: 0.62760
Epoch[79] Loss: 0.70996
Epoch[80] Loss: 0.62385
Training Results - Epoch: 80  Accuracy: 0.64126 Loss: 0.65270
Validation Results - Epoch: 80  Accuracy: 0.64220 Loss: 0.65215
Epoch[81] Loss: 0.65228
Epoch[82] Loss: 0.61327
Epoch[83] Loss: 0.65934
Epoch[84] Loss: 0.70200
Epoch[85] Loss: 0.67359
Epoch[86] Loss: 0.64872
Epoch[87] Loss: 0.63437
Epoch[88] Loss: 0.63123
Epoch[89] Loss: 0.67363
Epoch[90] Loss: 0.63073
Training Results - Epoch: 90  Accuracy: 0.64126 Loss: 0.65269
Validation Results - Epoch: 90  Accuracy: 0.64220 Loss: 0.65214
Epoch[91] Loss: 0.66294
Epoch[92] Loss: 0.62388
Epoch[93] Loss: 0.66300
Epoch[94] Loss: 0.63457
Epoch[95] Loss: 0.66290
Epoch[96] Loss: 0.65937
Epoch[97] Loss: 0.67010
Epoch[98] Loss: 0.64511
Epoch[99] Loss: 0.65584
Epoch[100] Loss: 0.63468
Training Results - Epoch: 100  Accuracy: 0.64126 Loss: 0.65270
Validation Results - Epoch: 100  Accuracy: 0.64220 Loss: 0.65216
Epoch[101] Loss: 0.66300
Epoch[102] Loss: 0.63804
Epoch[103] Loss: 0.59142
Epoch[104] Loss: 0.67001
Epoch[105] Loss: 0.62748
Epoch[106] Loss: 0.67007
Epoch[107] Loss: 0.65583
Epoch[108] Loss: 0.65585
Epoch[109] Loss: 0.65940
Epoch[110] Loss: 0.62411
Training Results - Epoch: 110  Accuracy: 0.64126 Loss: 0.65270
Validation Results - Epoch: 110  Accuracy: 0.64220 Loss: 0.65216
Epoch[111] Loss: 0.65229
Epoch[112] Loss: 0.65586
Epoch[113] Loss: 0.67359
Epoch[114] Loss: 0.67721
Epoch[115] Loss: 0.67692
Epoch[116] Loss: 0.64515
Epoch[117] Loss: 0.62358
Epoch[118] Loss: 0.62392
Epoch[119] Loss: 0.69167
Epoch[120] Loss: 0.67032
Training Results - Epoch: 120  Accuracy: 0.64126 Loss: 0.65269
Validation Results - Epoch: 120  Accuracy: 0.64220 Loss: 0.65214
Epoch[121] Loss: 0.65941
Epoch[122] Loss: 0.64171
Epoch[123] Loss: 0.62057
Epoch[124] Loss: 0.68400
Epoch[125] Loss: 0.65228
Epoch[126] Loss: 0.67007
Epoch[127] Loss: 0.64527
Epoch[128] Loss: 0.65936
Epoch[129] Loss: 0.66310
Epoch[130] Loss: 0.62389
Training Results - Epoch: 130  Accuracy: 0.64126 Loss: 0.65270
Validation Results - Epoch: 130  Accuracy: 0.64220 Loss: 0.65215
Epoch[131] Loss: 0.65587
Epoch[132] Loss: 0.64523
Epoch[133] Loss: 0.67718
Epoch[134] Loss: 0.61312
Epoch[135] Loss: 0.62736
Epoch[136] Loss: 0.64518
Epoch[137] Loss: 0.64869
Epoch[138] Loss: 0.64514
Epoch[139] Loss: 0.63424
Epoch[140] Loss: 0.64520
Training Results - Epoch: 140  Accuracy: 0.64126 Loss: 0.65270
Validation Results - Epoch: 140  Accuracy: 0.64220 Loss: 0.65216
Epoch[141] Loss: 0.64870
Epoch[142] Loss: 0.71300
Epoch[143] Loss: 0.64510
Epoch[144] Loss: 0.64875
Epoch[145] Loss: 0.65228
Epoch[146] Loss: 0.64512
Epoch[147] Loss: 0.64867
Epoch[148] Loss: 0.68048
Epoch[149] Loss: 0.63473
Epoch[150] Loss: 0.64165
Training Results - Epoch: 150  Accuracy: 0.64126 Loss: 0.65270
Validation Results - Epoch: 150  Accuracy: 0.64220 Loss: 0.65215
Epoch[151] Loss: 0.68051
Epoch[152] Loss: 0.61673
Epoch[153] Loss: 0.70262
Epoch[154] Loss: 0.68091
Epoch[155] Loss: 0.69168
Epoch[156] Loss: 0.64871
Epoch[157] Loss: 0.66642
Epoch[158] Loss: 0.64175
Epoch[159] Loss: 0.68723
Epoch[160] Loss: 0.66645
Training Results - Epoch: 160  Accuracy: 0.64126 Loss: 0.65270
Validation Results - Epoch: 160  Accuracy: 0.64220 Loss: 0.65216
Epoch[161] Loss: 0.67717
Epoch[162] Loss: 0.65934
Epoch[163] Loss: 0.65582
Epoch[164] Loss: 0.63456
Epoch[165] Loss: 0.66290
Epoch[166] Loss: 0.63082
Epoch[167] Loss: 0.63790
Epoch[168] Loss: 0.68053
Epoch[169] Loss: 0.62372
Epoch[170] Loss: 0.67351
Training Results - Epoch: 170  Accuracy: 0.64126 Loss: 0.65270
Validation Results - Epoch: 170  Accuracy: 0.64220 Loss: 0.65216
Epoch[171] Loss: 0.63075
Epoch[172] Loss: 0.67722
Epoch[173] Loss: 0.66655
Epoch[174] Loss: 0.66659
Epoch[175] Loss: 0.64174
Epoch[176] Loss: 0.66637
Epoch[177] Loss: 0.63437
Epoch[178] Loss: 0.65581
Epoch[179] Loss: 0.63464
Epoch[180] Loss: 0.63466
Training Results - Epoch: 180  Accuracy: 0.64126 Loss: 0.65270
Validation Results - Epoch: 180  Accuracy: 0.64220 Loss: 0.65216
Epoch[181] Loss: 0.65584
Epoch[182] Loss: 0.61597
Epoch[183] Loss: 0.62396
Epoch[184] Loss: 0.68435
Epoch[185] Loss: 0.64864
Epoch[186] Loss: 0.67697
Epoch[187] Loss: 0.65228
Epoch[188] Loss: 0.62388
Epoch[189] Loss: 0.65229
Epoch[190] Loss: 0.70898
Training Results - Epoch: 190  Accuracy: 0.64126 Loss: 0.65270
Validation Results - Epoch: 190  Accuracy: 0.64220 Loss: 0.65216
Epoch[191] Loss: 0.65930
Epoch[192] Loss: 0.65943
Epoch[193] Loss: 0.60320
Epoch[194] Loss: 0.66649
Epoch[195] Loss: 0.64520
Epoch[196] Loss: 0.65228
Epoch[197] Loss: 0.68047
Epoch[198] Loss: 0.63797
Epoch[199] Loss: 0.65943
Epoch[200] Loss: 0.65227
Training Results - Epoch: 200  Accuracy: 0.64126 Loss: 0.65269
Validation Results - Epoch: 200  Accuracy: 0.64220 Loss: 0.65214
