starting
starting imports
done with imports
0.0 1.0000000000000036
train data shape (36500, 4096, 8)
test data shape (12167, 4096, 8)
Epoch[1] Loss: 0.68099
Epoch[2] Loss: 0.66699
Epoch[3] Loss: 0.66484
Epoch[4] Loss: 0.65088
Epoch[5] Loss: 0.65409
Epoch[6] Loss: 0.65503
Epoch[7] Loss: 0.65553
Epoch[8] Loss: 0.64451
Epoch[9] Loss: 0.65157
Epoch[10] Loss: 0.64970
Training Results - Epoch: 10  Accuracy: 0.64151 Loss: 0.65216
Validation Results - Epoch: 10  Accuracy: 0.64198 Loss: 0.65228
Epoch[11] Loss: 0.65572
Epoch[12] Loss: 0.65174
Epoch[13] Loss: 0.65258
Epoch[14] Loss: 0.64700
Epoch[15] Loss: 0.65140
Epoch[16] Loss: 0.65298
Epoch[17] Loss: 0.64687
Epoch[18] Loss: 0.65417
Epoch[19] Loss: 0.65040
Epoch[20] Loss: 0.65360
Training Results - Epoch: 20  Accuracy: 0.64151 Loss: 0.65043
Validation Results - Epoch: 20  Accuracy: 0.64198 Loss: 0.65238
Epoch[21] Loss: 0.64859
Epoch[22] Loss: 0.64964
Epoch[23] Loss: 0.64314
Epoch[24] Loss: 0.64556
Epoch[25] Loss: 0.65288
Epoch[26] Loss: 0.64925
Epoch[27] Loss: 0.65113
Epoch[28] Loss: 0.64107
Epoch[29] Loss: 0.64421
Epoch[30] Loss: 0.64230
Training Results - Epoch: 30  Accuracy: 0.64151 Loss: 0.65972
Validation Results - Epoch: 30  Accuracy: 0.64198 Loss: 0.67168
Epoch[31] Loss: 0.64253
Epoch[32] Loss: 0.63538
Epoch[33] Loss: 0.63786
Epoch[34] Loss: 0.63010
Epoch[35] Loss: 0.62560
Epoch[36] Loss: 0.63785
Epoch[37] Loss: 0.63082
Epoch[38] Loss: 0.62274
Epoch[39] Loss: 0.61900
Epoch[40] Loss: 0.62816
Training Results - Epoch: 40  Accuracy: 0.66074 Loss: 0.61643
Validation Results - Epoch: 40  Accuracy: 0.61807 Loss: 0.67335
Epoch[41] Loss: 0.63380
Epoch[42] Loss: 0.62447
Epoch[43] Loss: 0.61745
Epoch[44] Loss: 0.62256
Epoch[45] Loss: 0.62265
Epoch[46] Loss: 0.62361
Epoch[47] Loss: 0.61119
Epoch[48] Loss: 0.62222
Epoch[49] Loss: 0.61753
Epoch[50] Loss: 0.61852
Training Results - Epoch: 50  Accuracy: 0.66586 Loss: 0.60827
Validation Results - Epoch: 50  Accuracy: 0.62267 Loss: 0.68098
Epoch[51] Loss: 0.61110
Epoch[52] Loss: 0.61136
Epoch[53] Loss: 0.61738
Epoch[54] Loss: 0.60288
Epoch[55] Loss: 0.60717
Epoch[56] Loss: 0.61082
Epoch[57] Loss: 0.62535
Epoch[58] Loss: 0.62478
Epoch[59] Loss: 0.60199
Epoch[60] Loss: 0.60327
Training Results - Epoch: 60  Accuracy: 0.68485 Loss: 0.59727
Validation Results - Epoch: 60  Accuracy: 0.59045 Loss: 0.68869
Epoch[61] Loss: 0.62133
Epoch[62] Loss: 0.60873
Epoch[63] Loss: 0.60968
Epoch[64] Loss: 0.60935
Epoch[65] Loss: 0.61506
Epoch[66] Loss: 0.60926
Epoch[67] Loss: 0.61178
Epoch[68] Loss: 0.61667
Epoch[69] Loss: 0.59982
Epoch[70] Loss: 0.60430
Training Results - Epoch: 70  Accuracy: 0.66668 Loss: 0.60502
Validation Results - Epoch: 70  Accuracy: 0.62694 Loss: 0.70843
Epoch[71] Loss: 0.59779
Epoch[72] Loss: 0.61469
Epoch[73] Loss: 0.59746
Epoch[74] Loss: 0.59843
Epoch[75] Loss: 0.60111
Epoch[76] Loss: 0.60236
Epoch[77] Loss: 0.59265
Epoch[78] Loss: 0.60062
Epoch[79] Loss: 0.60687
Epoch[80] Loss: 0.60089
Training Results - Epoch: 80  Accuracy: 0.68803 Loss: 0.59246
Validation Results - Epoch: 80  Accuracy: 0.59061 Loss: 0.69436
Epoch[81] Loss: 0.59113
Epoch[82] Loss: 0.61058
Epoch[83] Loss: 0.59982
Epoch[84] Loss: 0.59251
Epoch[85] Loss: 0.62306
Epoch[86] Loss: 0.60758
Epoch[87] Loss: 0.61110
Epoch[88] Loss: 0.59921
Epoch[89] Loss: 0.60163
Epoch[90] Loss: 0.59528
Training Results - Epoch: 90  Accuracy: 0.69638 Loss: 0.58009
Validation Results - Epoch: 90  Accuracy: 0.58503 Loss: 0.70627
Epoch[91] Loss: 0.59650
Epoch[92] Loss: 0.58549
Epoch[93] Loss: 0.59577
Epoch[94] Loss: 0.60062
Epoch[95] Loss: 0.59134
Epoch[96] Loss: 0.58317
Epoch[97] Loss: 0.59481
Epoch[98] Loss: 0.59211
Epoch[99] Loss: 0.59617
Epoch[100] Loss: 0.59185
Training Results - Epoch: 100  Accuracy: 0.69134 Loss: 0.58067
Validation Results - Epoch: 100  Accuracy: 0.60434 Loss: 0.71685
Epoch[101] Loss: 0.59570
Epoch[102] Loss: 0.59837
Epoch[103] Loss: 0.59303
Epoch[104] Loss: 0.59819
Epoch[105] Loss: 0.59722
Epoch[106] Loss: 0.58918
Epoch[107] Loss: 0.59183
Epoch[108] Loss: 0.59758
Epoch[109] Loss: 0.60574
Epoch[110] Loss: 0.60348
Training Results - Epoch: 110  Accuracy: 0.70458 Loss: 0.57470
Validation Results - Epoch: 110  Accuracy: 0.57409 Loss: 0.71076
Epoch[111] Loss: 0.59272
Epoch[112] Loss: 0.59515
Epoch[113] Loss: 0.59320
Epoch[114] Loss: 0.58599
Epoch[115] Loss: 0.58143
Epoch[116] Loss: 0.57497
Epoch[117] Loss: 0.59691
Epoch[118] Loss: 0.58557
Epoch[119] Loss: 0.58292
Epoch[120] Loss: 0.58543
Training Results - Epoch: 120  Accuracy: 0.69948 Loss: 0.57385
Validation Results - Epoch: 120  Accuracy: 0.59275 Loss: 0.71692
Epoch[121] Loss: 0.57925
Epoch[122] Loss: 0.59802
Epoch[123] Loss: 0.58126
Epoch[124] Loss: 0.58982
Epoch[125] Loss: 0.58911
Epoch[126] Loss: 0.58767
Epoch[127] Loss: 0.59923
Epoch[128] Loss: 0.60488
Epoch[129] Loss: 0.57570
Epoch[130] Loss: 0.58905
Training Results - Epoch: 130  Accuracy: 0.69597 Loss: 0.58373
Validation Results - Epoch: 130  Accuracy: 0.54944 Loss: 0.72459
Epoch[131] Loss: 0.58619
Epoch[132] Loss: 0.58347
Epoch[133] Loss: 0.58845
Epoch[134] Loss: 0.57548
Epoch[135] Loss: 0.58599
Epoch[136] Loss: 0.60175
Epoch[137] Loss: 0.59354
Epoch[138] Loss: 0.58315
Epoch[139] Loss: 0.58805
Epoch[140] Loss: 0.58023
Training Results - Epoch: 140  Accuracy: 0.69142 Loss: 0.58195
Validation Results - Epoch: 140  Accuracy: 0.60771 Loss: 0.72964
Epoch[141] Loss: 0.59977
Epoch[142] Loss: 0.57657
Epoch[143] Loss: 0.58642
Epoch[144] Loss: 0.57622
Epoch[145] Loss: 0.58945
Epoch[146] Loss: 0.57569
Epoch[147] Loss: 0.58298
Epoch[148] Loss: 0.58278
Epoch[149] Loss: 0.59426
Epoch[150] Loss: 0.57813
Training Results - Epoch: 150  Accuracy: 0.68586 Loss: 0.58871
Validation Results - Epoch: 150  Accuracy: 0.52264 Loss: 0.73749
Epoch[151] Loss: 0.56477
Epoch[152] Loss: 0.58094
Epoch[153] Loss: 0.58911
Epoch[154] Loss: 0.57833
Epoch[155] Loss: 0.57658
Epoch[156] Loss: 0.58842
Epoch[157] Loss: 0.57375
Epoch[158] Loss: 0.57720
Epoch[159] Loss: 0.58494
Epoch[160] Loss: 0.56556
Training Results - Epoch: 160  Accuracy: 0.71910 Loss: 0.56343
Validation Results - Epoch: 160  Accuracy: 0.55215 Loss: 0.72722
Epoch[161] Loss: 0.57744
Epoch[162] Loss: 0.57868
Epoch[163] Loss: 0.58397
Epoch[164] Loss: 0.58092
Epoch[165] Loss: 0.57305
Epoch[166] Loss: 0.57741
Epoch[167] Loss: 0.57316
Epoch[168] Loss: 0.58011
Epoch[169] Loss: 0.57825
Epoch[170] Loss: 0.57107
Training Results - Epoch: 170  Accuracy: 0.70825 Loss: 0.56493
Validation Results - Epoch: 170  Accuracy: 0.59283 Loss: 0.73992
Epoch[171] Loss: 0.57076
Epoch[172] Loss: 0.56700
Epoch[173] Loss: 0.56868
Epoch[174] Loss: 0.57640
Epoch[175] Loss: 0.57377
Epoch[176] Loss: 0.57013
Epoch[177] Loss: 0.57863
Epoch[178] Loss: 0.57420
Epoch[179] Loss: 0.56475
Epoch[180] Loss: 0.57087
Training Results - Epoch: 180  Accuracy: 0.69740 Loss: 0.57349
Validation Results - Epoch: 180  Accuracy: 0.60648 Loss: 0.74323
Epoch[181] Loss: 0.57728
Epoch[182] Loss: 0.56928
Epoch[183] Loss: 0.58490
Epoch[184] Loss: 0.55334
Epoch[185] Loss: 0.57307
Epoch[186] Loss: 0.56581
Epoch[187] Loss: 0.56356
Epoch[188] Loss: 0.56831
Epoch[189] Loss: 0.57992
Epoch[190] Loss: 0.55856
Training Results - Epoch: 190  Accuracy: 0.70756 Loss: 0.56636
Validation Results - Epoch: 190  Accuracy: 0.54146 Loss: 0.74832
Epoch[191] Loss: 0.55753
Epoch[192] Loss: 0.57989
Epoch[193] Loss: 0.56935
Epoch[194] Loss: 0.57075
Epoch[195] Loss: 0.56487
Epoch[196] Loss: 0.56280
Epoch[197] Loss: 0.56090
Epoch[198] Loss: 0.56736
Epoch[199] Loss: 0.56845
Epoch[200] Loss: 0.56986
Training Results - Epoch: 200  Accuracy: 0.72707 Loss: 0.54942
Validation Results - Epoch: 200  Accuracy: 0.54722 Loss: 0.74358
Epoch[201] Loss: 0.56874
Epoch[202] Loss: 0.57053
Epoch[203] Loss: 0.56030
Epoch[204] Loss: 0.56771
Epoch[205] Loss: 0.57189
Epoch[206] Loss: 0.56599
Epoch[207] Loss: 0.56259
Epoch[208] Loss: 0.57238
Epoch[209] Loss: 0.56302
Epoch[210] Loss: 0.56858
Training Results - Epoch: 210  Accuracy: 0.72249 Loss: 0.54964
Validation Results - Epoch: 210  Accuracy: 0.57722 Loss: 0.75612
Epoch[211] Loss: 0.56772
Epoch[212] Loss: 0.57257
Epoch[213] Loss: 0.55963
Epoch[214] Loss: 0.55748
Epoch[215] Loss: 0.55791
Epoch[216] Loss: 0.57061
Epoch[217] Loss: 0.54807
Epoch[218] Loss: 0.56752
Epoch[219] Loss: 0.57879
Epoch[220] Loss: 0.56224
Training Results - Epoch: 220  Accuracy: 0.73334 Loss: 0.54215
Validation Results - Epoch: 220  Accuracy: 0.55626 Loss: 0.75075
Epoch[221] Loss: 0.57183
Epoch[222] Loss: 0.56724
Epoch[223] Loss: 0.56192
Epoch[224] Loss: 0.55230
Epoch[225] Loss: 0.56323
Epoch[226] Loss: 0.57485
Epoch[227] Loss: 0.55840
Epoch[228] Loss: 0.54676
Epoch[229] Loss: 0.55674
Epoch[230] Loss: 0.55788
Training Results - Epoch: 230  Accuracy: 0.69841 Loss: 0.57755
Validation Results - Epoch: 230  Accuracy: 0.60294 Loss: 0.76306
Epoch[231] Loss: 0.55991
Epoch[232] Loss: 0.56428
Epoch[233] Loss: 0.55654
Epoch[234] Loss: 0.56894
Epoch[235] Loss: 0.57081
Epoch[236] Loss: 0.57813
Epoch[237] Loss: 0.56762
Epoch[238] Loss: 0.56256
Epoch[239] Loss: 0.55982
Epoch[240] Loss: 0.56975
Training Results - Epoch: 240  Accuracy: 0.74129 Loss: 0.53386
Validation Results - Epoch: 240  Accuracy: 0.54779 Loss: 0.75840
Epoch[241] Loss: 0.57125
Epoch[242] Loss: 0.56208
Epoch[243] Loss: 0.56842
Epoch[244] Loss: 0.56007
Epoch[245] Loss: 0.56621
Epoch[246] Loss: 0.55131
Epoch[247] Loss: 0.56267
Epoch[248] Loss: 0.55159
Epoch[249] Loss: 0.55051
Epoch[250] Loss: 0.54933
Training Results - Epoch: 250  Accuracy: 0.73444 Loss: 0.53628
Validation Results - Epoch: 250  Accuracy: 0.57319 Loss: 0.75703
Epoch[251] Loss: 0.54570
Epoch[252] Loss: 0.55700
Epoch[253] Loss: 0.56640
Epoch[254] Loss: 0.55998
Epoch[255] Loss: 0.56734
Epoch[256] Loss: 0.56329
Epoch[257] Loss: 0.55045
Epoch[258] Loss: 0.55479
Epoch[259] Loss: 0.55422
Epoch[260] Loss: 0.56198
Training Results - Epoch: 260  Accuracy: 0.74252 Loss: 0.52963
Validation Results - Epoch: 260  Accuracy: 0.56760 Loss: 0.76528
Epoch[261] Loss: 0.55688
Epoch[262] Loss: 0.56327
Epoch[263] Loss: 0.55996
Epoch[264] Loss: 0.55765
Epoch[265] Loss: 0.56381
Epoch[266] Loss: 0.54985
Epoch[267] Loss: 0.54966
Epoch[268] Loss: 0.54673
Epoch[269] Loss: 0.55462
Epoch[270] Loss: 0.54712
Training Results - Epoch: 270  Accuracy: 0.70693 Loss: 0.56650
Validation Results - Epoch: 270  Accuracy: 0.59752 Loss: 0.77195
Epoch[271] Loss: 0.56922
Epoch[272] Loss: 0.55073
Epoch[273] Loss: 0.56271
Epoch[274] Loss: 0.53214
Epoch[275] Loss: 0.54138
Epoch[276] Loss: 0.54735
Epoch[277] Loss: 0.53753
Epoch[278] Loss: 0.54905
Epoch[279] Loss: 0.54347
Epoch[280] Loss: 0.56669
Training Results - Epoch: 280  Accuracy: 0.69901 Loss: 0.58735
Validation Results - Epoch: 280  Accuracy: 0.59719 Loss: 0.78081
Epoch[281] Loss: 0.54581
Epoch[282] Loss: 0.54687
Epoch[283] Loss: 0.55389
Epoch[284] Loss: 0.55432
Epoch[285] Loss: 0.57363
Epoch[286] Loss: 0.55878
Epoch[287] Loss: 0.55281
Epoch[288] Loss: 0.54922
Epoch[289] Loss: 0.54727
Epoch[290] Loss: 0.55637
Training Results - Epoch: 290  Accuracy: 0.74142 Loss: 0.52850
Validation Results - Epoch: 290  Accuracy: 0.54886 Loss: 0.77384
Epoch[291] Loss: 0.55051
Epoch[292] Loss: 0.55659
Epoch[293] Loss: 0.53830
Epoch[294] Loss: 0.54336
Epoch[295] Loss: 0.54141
Epoch[296] Loss: 0.54864
Epoch[297] Loss: 0.54317
Epoch[298] Loss: 0.55330
Epoch[299] Loss: 0.55936
Epoch[300] Loss: 0.53891
Training Results - Epoch: 300  Accuracy: 0.72915 Loss: 0.53987
Validation Results - Epoch: 300  Accuracy: 0.58544 Loss: 0.77983
Epoch[301] Loss: 0.55152
Epoch[302] Loss: 0.55428
Epoch[303] Loss: 0.53755
Epoch[304] Loss: 0.54689
Epoch[305] Loss: 0.53786
Epoch[306] Loss: 0.53406
Epoch[307] Loss: 0.55425
Epoch[308] Loss: 0.55200
Epoch[309] Loss: 0.55063
Epoch[310] Loss: 0.55149
Training Results - Epoch: 310  Accuracy: 0.73266 Loss: 0.53732
Validation Results - Epoch: 310  Accuracy: 0.57040 Loss: 0.78487
Epoch[311] Loss: 0.54231
Epoch[312] Loss: 0.54809
Epoch[313] Loss: 0.54755
Epoch[314] Loss: 0.54164
Epoch[315] Loss: 0.53960
Epoch[316] Loss: 0.54143
Epoch[317] Loss: 0.54191
Epoch[318] Loss: 0.54702
Epoch[319] Loss: 0.55452
Epoch[320] Loss: 0.55256
Training Results - Epoch: 320  Accuracy: 0.75515 Loss: 0.51411
Validation Results - Epoch: 320  Accuracy: 0.55330 Loss: 0.78572
Epoch[321] Loss: 0.54772
Epoch[322] Loss: 0.54964
Epoch[323] Loss: 0.54335
Epoch[324] Loss: 0.53650
Epoch[325] Loss: 0.54574
Epoch[326] Loss: 0.54039
Epoch[327] Loss: 0.54919
Epoch[328] Loss: 0.54985
Epoch[329] Loss: 0.54546
Epoch[330] Loss: 0.54245
Training Results - Epoch: 330  Accuracy: 0.74775 Loss: 0.51747
Validation Results - Epoch: 330  Accuracy: 0.57179 Loss: 0.78973
Epoch[331] Loss: 0.52765
Epoch[332] Loss: 0.55098
Epoch[333] Loss: 0.54445
Epoch[334] Loss: 0.55536
Epoch[335] Loss: 0.54074
Epoch[336] Loss: 0.54586
Epoch[337] Loss: 0.52852
Epoch[338] Loss: 0.55503
Epoch[339] Loss: 0.54436
Epoch[340] Loss: 0.54991
Training Results - Epoch: 340  Accuracy: 0.72526 Loss: 0.54734
Validation Results - Epoch: 340  Accuracy: 0.58839 Loss: 0.80207
Epoch[341] Loss: 0.55283
Epoch[342] Loss: 0.52713
Epoch[343] Loss: 0.54266
Epoch[344] Loss: 0.54709
Epoch[345] Loss: 0.53030
Epoch[346] Loss: 0.53988
Epoch[347] Loss: 0.53630
Epoch[348] Loss: 0.52640
Epoch[349] Loss: 0.53191
Epoch[350] Loss: 0.55096
Training Results - Epoch: 350  Accuracy: 0.76066 Loss: 0.50616
Validation Results - Epoch: 350  Accuracy: 0.55798 Loss: 0.79711
Epoch[351] Loss: 0.54034
Epoch[352] Loss: 0.53903
Epoch[353] Loss: 0.54452
Epoch[354] Loss: 0.53892
Epoch[355] Loss: 0.53410
Epoch[356] Loss: 0.54596
Epoch[357] Loss: 0.52936
Epoch[358] Loss: 0.54156
Epoch[359] Loss: 0.53654
Epoch[360] Loss: 0.53756
Training Results - Epoch: 360  Accuracy: 0.72159 Loss: 0.55171
Validation Results - Epoch: 360  Accuracy: 0.52741 Loss: 0.80492
Epoch[361] Loss: 0.53685
Epoch[362] Loss: 0.53684
Epoch[363] Loss: 0.54278
Epoch[364] Loss: 0.52694
Epoch[365] Loss: 0.54595
Epoch[366] Loss: 0.53562
Epoch[367] Loss: 0.55210
Epoch[368] Loss: 0.54397
Epoch[369] Loss: 0.53409
Epoch[370] Loss: 0.52750
Training Results - Epoch: 370  Accuracy: 0.75795 Loss: 0.50792
Validation Results - Epoch: 370  Accuracy: 0.56086 Loss: 0.79465
Epoch[371] Loss: 0.52982
Epoch[372] Loss: 0.54141
Epoch[373] Loss: 0.53831
Epoch[374] Loss: 0.54318
Epoch[375] Loss: 0.53540
Epoch[376] Loss: 0.53789
Epoch[377] Loss: 0.53793
Epoch[378] Loss: 0.53971
Epoch[379] Loss: 0.53732
Epoch[380] Loss: 0.53806
Training Results - Epoch: 380  Accuracy: 0.75063 Loss: 0.51369
Validation Results - Epoch: 380  Accuracy: 0.56826 Loss: 0.80536
Epoch[381] Loss: 0.53819
Epoch[382] Loss: 0.52965
Epoch[383] Loss: 0.52878
Epoch[384] Loss: 0.52376
Epoch[385] Loss: 0.53514
Epoch[386] Loss: 0.52497
Epoch[387] Loss: 0.52603
Epoch[388] Loss: 0.52643
Epoch[389] Loss: 0.54022
Epoch[390] Loss: 0.53080
Training Results - Epoch: 390  Accuracy: 0.75241 Loss: 0.51490
Validation Results - Epoch: 390  Accuracy: 0.56267 Loss: 0.79811
Epoch[391] Loss: 0.52526
Epoch[392] Loss: 0.54423
Epoch[393] Loss: 0.53505
Epoch[394] Loss: 0.54696
Epoch[395] Loss: 0.54753
Epoch[396] Loss: 0.53199
Epoch[397] Loss: 0.52905
Epoch[398] Loss: 0.53554
Epoch[399] Loss: 0.53369
Epoch[400] Loss: 0.53855
Training Results - Epoch: 400  Accuracy: 0.76740 Loss: 0.49836
Validation Results - Epoch: 400  Accuracy: 0.54262 Loss: 0.81563
Epoch[401] Loss: 0.53441
Epoch[402] Loss: 0.53533
Epoch[403] Loss: 0.54247
Epoch[404] Loss: 0.52195
Epoch[405] Loss: 0.52733
Epoch[406] Loss: 0.52899
Epoch[407] Loss: 0.53374
Epoch[408] Loss: 0.53145
Epoch[409] Loss: 0.53394
Epoch[410] Loss: 0.53210
Training Results - Epoch: 410  Accuracy: 0.76364 Loss: 0.49973
Validation Results - Epoch: 410  Accuracy: 0.55437 Loss: 0.81831
Epoch[411] Loss: 0.52627
Epoch[412] Loss: 0.52601
Epoch[413] Loss: 0.53274
Epoch[414] Loss: 0.52897
Epoch[415] Loss: 0.51911
Epoch[416] Loss: 0.53727
Epoch[417] Loss: 0.52510
Epoch[418] Loss: 0.52904
Epoch[419] Loss: 0.51612
Epoch[420] Loss: 0.51864
Training Results - Epoch: 420  Accuracy: 0.76836 Loss: 0.49356
Validation Results - Epoch: 420  Accuracy: 0.56094 Loss: 0.82688
Epoch[421] Loss: 0.52921
Epoch[422] Loss: 0.52254
Epoch[423] Loss: 0.51113
Epoch[424] Loss: 0.53044
Epoch[425] Loss: 0.52347
Epoch[426] Loss: 0.53062
Epoch[427] Loss: 0.51717
Epoch[428] Loss: 0.51435
Epoch[429] Loss: 0.53921
Epoch[430] Loss: 0.52332
Training Results - Epoch: 430  Accuracy: 0.74375 Loss: 0.52500
Validation Results - Epoch: 430  Accuracy: 0.58404 Loss: 0.82189
Epoch[431] Loss: 0.52941
Epoch[432] Loss: 0.52162
Epoch[433] Loss: 0.54186
Epoch[434] Loss: 0.53126
Epoch[435] Loss: 0.52678
Epoch[436] Loss: 0.52297
Epoch[437] Loss: 0.52517
Epoch[438] Loss: 0.51196
Epoch[439] Loss: 0.52718
Epoch[440] Loss: 0.52449
Training Results - Epoch: 440  Accuracy: 0.75940 Loss: 0.50746
Validation Results - Epoch: 440  Accuracy: 0.53489 Loss: 0.82236
Epoch[441] Loss: 0.51811
Epoch[442] Loss: 0.53426
Epoch[443] Loss: 0.54154
Epoch[444] Loss: 0.53850
Epoch[445] Loss: 0.53250
Epoch[446] Loss: 0.52324
Epoch[447] Loss: 0.53549
Epoch[448] Loss: 0.52977
Epoch[449] Loss: 0.51110
Epoch[450] Loss: 0.52261
Training Results - Epoch: 450  Accuracy: 0.77940 Loss: 0.47923
Validation Results - Epoch: 450  Accuracy: 0.56645 Loss: 0.81888
Epoch[451] Loss: 0.51652
Epoch[452] Loss: 0.51478
Epoch[453] Loss: 0.52544
Epoch[454] Loss: 0.52400
Epoch[455] Loss: 0.52228
Epoch[456] Loss: 0.51346
Epoch[457] Loss: 0.51806
Epoch[458] Loss: 0.51800
Epoch[459] Loss: 0.52950
Epoch[460] Loss: 0.53108
Training Results - Epoch: 460  Accuracy: 0.74660 Loss: 0.52375
Validation Results - Epoch: 460  Accuracy: 0.58248 Loss: 0.82658
Epoch[461] Loss: 0.52856
Epoch[462] Loss: 0.50513
Epoch[463] Loss: 0.51114
Epoch[464] Loss: 0.51818
Epoch[465] Loss: 0.53291
Epoch[466] Loss: 0.51875
Epoch[467] Loss: 0.51463
Epoch[468] Loss: 0.50773
Epoch[469] Loss: 0.51714
Epoch[470] Loss: 0.52822
Training Results - Epoch: 470  Accuracy: 0.76712 Loss: 0.49484
Validation Results - Epoch: 470  Accuracy: 0.54697 Loss: 0.82945
Epoch[471] Loss: 0.52028
Epoch[472] Loss: 0.51535
Epoch[473] Loss: 0.52716
Epoch[474] Loss: 0.52253
Epoch[475] Loss: 0.53187
Epoch[476] Loss: 0.51555
Epoch[477] Loss: 0.51716
Epoch[478] Loss: 0.50426
Epoch[479] Loss: 0.51064
Epoch[480] Loss: 0.50879
Training Results - Epoch: 480  Accuracy: 0.76847 Loss: 0.49292
Validation Results - Epoch: 480  Accuracy: 0.54220 Loss: 0.84794
Epoch[481] Loss: 0.51689
Epoch[482] Loss: 0.53016
Epoch[483] Loss: 0.52788
Epoch[484] Loss: 0.51772
Epoch[485] Loss: 0.51541
Epoch[486] Loss: 0.50799
Epoch[487] Loss: 0.50946
Epoch[488] Loss: 0.51505
Epoch[489] Loss: 0.52110
Epoch[490] Loss: 0.52301
Training Results - Epoch: 490  Accuracy: 0.76803 Loss: 0.49269
Validation Results - Epoch: 490  Accuracy: 0.55527 Loss: 0.85291
Epoch[491] Loss: 0.51845
Epoch[492] Loss: 0.50350
Epoch[493] Loss: 0.52370
Epoch[494] Loss: 0.52145
Epoch[495] Loss: 0.51971
Epoch[496] Loss: 0.52085
Epoch[497] Loss: 0.50501
Epoch[498] Loss: 0.49967
Epoch[499] Loss: 0.51545
Epoch[500] Loss: 0.51796
Training Results - Epoch: 500  Accuracy: 0.78501 Loss: 0.46956
Validation Results - Epoch: 500  Accuracy: 0.55527 Loss: 0.85230
Epoch[501] Loss: 0.51625
Epoch[502] Loss: 0.53601
Epoch[503] Loss: 0.50148
Epoch[504] Loss: 0.53251
Epoch[505] Loss: 0.51885
Epoch[506] Loss: 0.52727
Epoch[507] Loss: 0.51299
Epoch[508] Loss: 0.51892
Epoch[509] Loss: 0.50727
Epoch[510] Loss: 0.49282
Training Results - Epoch: 510  Accuracy: 0.78970 Loss: 0.46872
Validation Results - Epoch: 510  Accuracy: 0.54763 Loss: 0.83713
Epoch[511] Loss: 0.52087
Epoch[512] Loss: 0.53156
Epoch[513] Loss: 0.52284
Epoch[514] Loss: 0.50761
Epoch[515] Loss: 0.51977
Epoch[516] Loss: 0.50838
Epoch[517] Loss: 0.50145
Epoch[518] Loss: 0.51214
Epoch[519] Loss: 0.51428
Epoch[520] Loss: 0.51486
Training Results - Epoch: 520  Accuracy: 0.77570 Loss: 0.48072
Validation Results - Epoch: 520  Accuracy: 0.55560 Loss: 0.84942
Epoch[521] Loss: 0.50930
Epoch[522] Loss: 0.51888
Epoch[523] Loss: 0.52200
Epoch[524] Loss: 0.52266
Epoch[525] Loss: 0.51068
Epoch[526] Loss: 0.51396
Epoch[527] Loss: 0.49828
Epoch[528] Loss: 0.48824
Epoch[529] Loss: 0.51296
Epoch[530] Loss: 0.51484
Training Results - Epoch: 530  Accuracy: 0.78121 Loss: 0.47267
Validation Results - Epoch: 530  Accuracy: 0.56670 Loss: 0.84934
Epoch[531] Loss: 0.51677
Epoch[532] Loss: 0.51094
Epoch[533] Loss: 0.51201
Epoch[534] Loss: 0.50971
Epoch[535] Loss: 0.51385
Epoch[536] Loss: 0.51157
Epoch[537] Loss: 0.50733
Epoch[538] Loss: 0.49172
Epoch[539] Loss: 0.50971
Epoch[540] Loss: 0.50837
Training Results - Epoch: 540  Accuracy: 0.77370 Loss: 0.48439
Validation Results - Epoch: 540  Accuracy: 0.56777 Loss: 0.84092
Epoch[541] Loss: 0.50977
Epoch[542] Loss: 0.51788
Epoch[543] Loss: 0.53021
Epoch[544] Loss: 0.51344
Epoch[545] Loss: 0.49626
Epoch[546] Loss: 0.51599
Epoch[547] Loss: 0.51005
Epoch[548] Loss: 0.52282
Epoch[549] Loss: 0.51170
Epoch[550] Loss: 0.51487
Training Results - Epoch: 550  Accuracy: 0.80181 Loss: 0.45112
Validation Results - Epoch: 550  Accuracy: 0.56119 Loss: 0.83905
Epoch[551] Loss: 0.50773
Epoch[552] Loss: 0.50325
Epoch[553] Loss: 0.53003
Epoch[554] Loss: 0.51627
Epoch[555] Loss: 0.51435
Epoch[556] Loss: 0.50066
Epoch[557] Loss: 0.50962
Epoch[558] Loss: 0.50840
Epoch[559] Loss: 0.51697
Epoch[560] Loss: 0.50169
Training Results - Epoch: 560  Accuracy: 0.78693 Loss: 0.46519
Validation Results - Epoch: 560  Accuracy: 0.54393 Loss: 0.86123
Epoch[561] Loss: 0.49941
Epoch[562] Loss: 0.50450
Epoch[563] Loss: 0.49495
Epoch[564] Loss: 0.50995
Epoch[565] Loss: 0.51992
Epoch[566] Loss: 0.50929
Epoch[567] Loss: 0.51456
Epoch[568] Loss: 0.49962
Epoch[569] Loss: 0.51863
Epoch[570] Loss: 0.50301
Training Results - Epoch: 570  Accuracy: 0.78923 Loss: 0.45989
Validation Results - Epoch: 570  Accuracy: 0.56768 Loss: 0.86879
Epoch[571] Loss: 0.50467
Epoch[572] Loss: 0.49605
Epoch[573] Loss: 0.50780
Epoch[574] Loss: 0.49670
Epoch[575] Loss: 0.50955
Epoch[576] Loss: 0.48776
Epoch[577] Loss: 0.51976
Epoch[578] Loss: 0.50582
Epoch[579] Loss: 0.51612
Epoch[580] Loss: 0.50007
Training Results - Epoch: 580  Accuracy: 0.73197 Loss: 0.54853
Validation Results - Epoch: 580  Accuracy: 0.59201 Loss: 0.86320
Epoch[581] Loss: 0.50569
Epoch[582] Loss: 0.50692
Epoch[583] Loss: 0.49680
Epoch[584] Loss: 0.48891
Epoch[585] Loss: 0.49391
Epoch[586] Loss: 0.50361
Epoch[587] Loss: 0.51514
Epoch[588] Loss: 0.49117
Epoch[589] Loss: 0.50097
Epoch[590] Loss: 0.51392
Training Results - Epoch: 590  Accuracy: 0.76701 Loss: 0.49422
Validation Results - Epoch: 590  Accuracy: 0.55725 Loss: 0.86733
Epoch[591] Loss: 0.51300
Epoch[592] Loss: 0.49447
Epoch[593] Loss: 0.50124
Epoch[594] Loss: 0.49964
Epoch[595] Loss: 0.50724
Epoch[596] Loss: 0.50025
Epoch[597] Loss: 0.50891
Epoch[598] Loss: 0.50362
Epoch[599] Loss: 0.50233
Epoch[600] Loss: 0.49110
Training Results - Epoch: 600  Accuracy: 0.78140 Loss: 0.47274
Validation Results - Epoch: 600  Accuracy: 0.56456 Loss: 0.85870
Epoch[601] Loss: 0.49400
Epoch[602] Loss: 0.49652
Epoch[603] Loss: 0.50592
Epoch[604] Loss: 0.48061
Epoch[605] Loss: 0.49842
Epoch[606] Loss: 0.50296
Epoch[607] Loss: 0.49870
Epoch[608] Loss: 0.51371
Epoch[609] Loss: 0.50281
Epoch[610] Loss: 0.50226
Training Results - Epoch: 610  Accuracy: 0.79641 Loss: 0.45108
Validation Results - Epoch: 610  Accuracy: 0.55388 Loss: 0.86246
Epoch[611] Loss: 0.48654
Epoch[612] Loss: 0.49694
Epoch[613] Loss: 0.49613
Epoch[614] Loss: 0.50927
Epoch[615] Loss: 0.51333
Epoch[616] Loss: 0.51610
Epoch[617] Loss: 0.50634
Epoch[618] Loss: 0.49906
Epoch[619] Loss: 0.49735
Epoch[620] Loss: 0.49062
Training Results - Epoch: 620  Accuracy: 0.80079 Loss: 0.44950
Validation Results - Epoch: 620  Accuracy: 0.55289 Loss: 0.85727
Epoch[621] Loss: 0.49832
Epoch[622] Loss: 0.48555
Epoch[623] Loss: 0.51371
Epoch[624] Loss: 0.50585
Epoch[625] Loss: 0.49989
Epoch[626] Loss: 0.48558
Epoch[627] Loss: 0.48511
Epoch[628] Loss: 0.50466
Epoch[629] Loss: 0.49960
Epoch[630] Loss: 0.50069
Training Results - Epoch: 630  Accuracy: 0.79814 Loss: 0.44473
Validation Results - Epoch: 630  Accuracy: 0.57450 Loss: 0.86990
Epoch[631] Loss: 0.50242
Epoch[632] Loss: 0.49173
Epoch[633] Loss: 0.50971
Epoch[634] Loss: 0.48544
Epoch[635] Loss: 0.50102
Epoch[636] Loss: 0.47799
Epoch[637] Loss: 0.48990
Epoch[638] Loss: 0.49070
Epoch[639] Loss: 0.48141
Epoch[640] Loss: 0.49086
Training Results - Epoch: 640  Accuracy: 0.78871 Loss: 0.46120
Validation Results - Epoch: 640  Accuracy: 0.57483 Loss: 0.88027
Epoch[641] Loss: 0.49300
Epoch[642] Loss: 0.50168
Epoch[643] Loss: 0.50036
Epoch[644] Loss: 0.48894
Epoch[645] Loss: 0.48724
Epoch[646] Loss: 0.50638
Epoch[647] Loss: 0.47426
Epoch[648] Loss: 0.49632
Epoch[649] Loss: 0.50148
Epoch[650] Loss: 0.49216
Training Results - Epoch: 650  Accuracy: 0.80060 Loss: 0.44614
Validation Results - Epoch: 650  Accuracy: 0.55289 Loss: 0.87923
Epoch[651] Loss: 0.48451
Epoch[652] Loss: 0.48522
Epoch[653] Loss: 0.48525
Epoch[654] Loss: 0.49261
Epoch[655] Loss: 0.48185
Epoch[656] Loss: 0.49442
Epoch[657] Loss: 0.48494
Epoch[658] Loss: 0.47906
Epoch[659] Loss: 0.49751
Epoch[660] Loss: 0.49007
Training Results - Epoch: 660  Accuracy: 0.80271 Loss: 0.43930
Validation Results - Epoch: 660  Accuracy: 0.57204 Loss: 0.86619
Epoch[661] Loss: 0.48198
Epoch[662] Loss: 0.48292
Epoch[663] Loss: 0.48630
Epoch[664] Loss: 0.48369
Epoch[665] Loss: 0.48879
Epoch[666] Loss: 0.48832
Epoch[667] Loss: 0.49253
Epoch[668] Loss: 0.48009
Epoch[669] Loss: 0.48887
Epoch[670] Loss: 0.48349
Training Results - Epoch: 670  Accuracy: 0.77962 Loss: 0.46778
Validation Results - Epoch: 670  Accuracy: 0.58240 Loss: 0.88254
Epoch[671] Loss: 0.49475
Epoch[672] Loss: 0.49262
Epoch[673] Loss: 0.49283
Epoch[674] Loss: 0.49257
Epoch[675] Loss: 0.50224
Epoch[676] Loss: 0.48377
Epoch[677] Loss: 0.48748
Epoch[678] Loss: 0.47588
Epoch[679] Loss: 0.47987
Epoch[680] Loss: 0.47631
Training Results - Epoch: 680  Accuracy: 0.81608 Loss: 0.42826
Validation Results - Epoch: 680  Accuracy: 0.54804 Loss: 0.86968
Epoch[681] Loss: 0.49674
Epoch[682] Loss: 0.48230
Epoch[683] Loss: 0.49210
Epoch[684] Loss: 0.49287
Epoch[685] Loss: 0.47966
Epoch[686] Loss: 0.49103
Epoch[687] Loss: 0.49070
Epoch[688] Loss: 0.48207
Epoch[689] Loss: 0.47261
Epoch[690] Loss: 0.48864
Training Results - Epoch: 690  Accuracy: 0.81345 Loss: 0.42849
Validation Results - Epoch: 690  Accuracy: 0.54886 Loss: 0.88023
Epoch[691] Loss: 0.49015
Epoch[692] Loss: 0.48292
Epoch[693] Loss: 0.48967
Epoch[694] Loss: 0.48099
Epoch[695] Loss: 0.49415
Epoch[696] Loss: 0.48468
Epoch[697] Loss: 0.48942
Epoch[698] Loss: 0.47915
Epoch[699] Loss: 0.47271
Epoch[700] Loss: 0.48690
Training Results - Epoch: 700  Accuracy: 0.80036 Loss: 0.44311
Validation Results - Epoch: 700  Accuracy: 0.57303 Loss: 0.89115
Epoch[701] Loss: 0.48792
Epoch[702] Loss: 0.47762
Epoch[703] Loss: 0.48907
Epoch[704] Loss: 0.48190
Epoch[705] Loss: 0.47807
Epoch[706] Loss: 0.47841
Epoch[707] Loss: 0.48106
Epoch[708] Loss: 0.48636
Epoch[709] Loss: 0.46991
Epoch[710] Loss: 0.49634
Training Results - Epoch: 710  Accuracy: 0.80170 Loss: 0.44190
Validation Results - Epoch: 710  Accuracy: 0.56678 Loss: 0.88902
Epoch[711] Loss: 0.48760
Epoch[712] Loss: 0.47326
Epoch[713] Loss: 0.48720
Epoch[714] Loss: 0.47990
Epoch[715] Loss: 0.50896
Epoch[716] Loss: 0.48517
Epoch[717] Loss: 0.47669
Epoch[718] Loss: 0.49227
Epoch[719] Loss: 0.47127
Epoch[720] Loss: 0.48885
Training Results - Epoch: 720  Accuracy: 0.81184 Loss: 0.42810
Validation Results - Epoch: 720  Accuracy: 0.55774 Loss: 0.87945
Epoch[721] Loss: 0.47748
Epoch[722] Loss: 0.46687
Epoch[723] Loss: 0.48640
Epoch[724] Loss: 0.48585
Epoch[725] Loss: 0.49437
Epoch[726] Loss: 0.47290
Epoch[727] Loss: 0.47558
Epoch[728] Loss: 0.48225
Epoch[729] Loss: 0.48593
Epoch[730] Loss: 0.48720
Training Results - Epoch: 730  Accuracy: 0.81005 Loss: 0.42348
Validation Results - Epoch: 730  Accuracy: 0.57278 Loss: 0.90149
Epoch[731] Loss: 0.46752
Epoch[732] Loss: 0.48764
Epoch[733] Loss: 0.48763
Epoch[734] Loss: 0.47102
Epoch[735] Loss: 0.47271
Epoch[736] Loss: 0.47919
Epoch[737] Loss: 0.48298
Epoch[738] Loss: 0.47378
Epoch[739] Loss: 0.46928
Epoch[740] Loss: 0.47868
Training Results - Epoch: 740  Accuracy: 0.80337 Loss: 0.43434
Validation Results - Epoch: 740  Accuracy: 0.57023 Loss: 0.90596
Epoch[741] Loss: 0.48443
Epoch[742] Loss: 0.48116
Epoch[743] Loss: 0.47417
Epoch[744] Loss: 0.46630
Epoch[745] Loss: 0.47118
Epoch[746] Loss: 0.47592
Epoch[747] Loss: 0.46569
Epoch[748] Loss: 0.46053
Epoch[749] Loss: 0.48403
Epoch[750] Loss: 0.48390
Training Results - Epoch: 750  Accuracy: 0.82564 Loss: 0.40608
Validation Results - Epoch: 750  Accuracy: 0.56448 Loss: 0.89584
Epoch[751] Loss: 0.49372
Epoch[752] Loss: 0.48542
Epoch[753] Loss: 0.47873
Epoch[754] Loss: 0.47944
Epoch[755] Loss: 0.47337
Epoch[756] Loss: 0.49273
Epoch[757] Loss: 0.47467
Epoch[758] Loss: 0.48766
Epoch[759] Loss: 0.46532
Epoch[760] Loss: 0.47987
Training Results - Epoch: 760  Accuracy: 0.82025 Loss: 0.41405
Validation Results - Epoch: 760  Accuracy: 0.56694 Loss: 0.91907
Epoch[761] Loss: 0.47624
Epoch[762] Loss: 0.47771
Epoch[763] Loss: 0.47045
Epoch[764] Loss: 0.48672
Epoch[765] Loss: 0.48041
Epoch[766] Loss: 0.46266
Epoch[767] Loss: 0.46835
Epoch[768] Loss: 0.46462
Epoch[769] Loss: 0.47322
Epoch[770] Loss: 0.48453
Training Results - Epoch: 770  Accuracy: 0.82868 Loss: 0.40082
Validation Results - Epoch: 770  Accuracy: 0.56135 Loss: 0.90446
Epoch[771] Loss: 0.47041
Epoch[772] Loss: 0.47617
Epoch[773] Loss: 0.46729
Epoch[774] Loss: 0.46594
Epoch[775] Loss: 0.47470
Epoch[776] Loss: 0.46113
Epoch[777] Loss: 0.47618
Epoch[778] Loss: 0.46328
Epoch[779] Loss: 0.47981
Epoch[780] Loss: 0.47818
Training Results - Epoch: 780  Accuracy: 0.82444 Loss: 0.40721
Validation Results - Epoch: 780  Accuracy: 0.56053 Loss: 0.91892
Epoch[781] Loss: 0.49347
Epoch[782] Loss: 0.46807
Epoch[783] Loss: 0.47715
Epoch[784] Loss: 0.48186
Epoch[785] Loss: 0.47577
Epoch[786] Loss: 0.47076
Epoch[787] Loss: 0.47348
Epoch[788] Loss: 0.45948
Epoch[789] Loss: 0.46568
Epoch[790] Loss: 0.46765
Training Results - Epoch: 790  Accuracy: 0.81633 Loss: 0.41857
Validation Results - Epoch: 790  Accuracy: 0.56004 Loss: 0.92170
Epoch[791] Loss: 0.47030
Epoch[792] Loss: 0.46511
Epoch[793] Loss: 0.47703
Epoch[794] Loss: 0.45511
Epoch[795] Loss: 0.46598
Epoch[796] Loss: 0.47897
Epoch[797] Loss: 0.45850
Epoch[798] Loss: 0.47072
Epoch[799] Loss: 0.49435
Epoch[800] Loss: 0.46783
Training Results - Epoch: 800  Accuracy: 0.83134 Loss: 0.39507
Validation Results - Epoch: 800  Accuracy: 0.56423 Loss: 0.91303
Epoch[801] Loss: 0.48445
Epoch[802] Loss: 0.47701
Epoch[803] Loss: 0.47951
Epoch[804] Loss: 0.46363
Epoch[805] Loss: 0.46884
Epoch[806] Loss: 0.46747
Epoch[807] Loss: 0.46869
Epoch[808] Loss: 0.47479
Epoch[809] Loss: 0.47117
Epoch[810] Loss: 0.46789
Training Results - Epoch: 810  Accuracy: 0.79463 Loss: 0.44857
Validation Results - Epoch: 810  Accuracy: 0.58092 Loss: 0.91506
Epoch[811] Loss: 0.45877
Epoch[812] Loss: 0.47348
Epoch[813] Loss: 0.46570
Epoch[814] Loss: 0.46585
Epoch[815] Loss: 0.48424
Epoch[816] Loss: 0.46793
Epoch[817] Loss: 0.46987
Epoch[818] Loss: 0.45890
Epoch[819] Loss: 0.48242
Epoch[820] Loss: 0.47462
Training Results - Epoch: 820  Accuracy: 0.79674 Loss: 0.44401
Validation Results - Epoch: 820  Accuracy: 0.58092 Loss: 0.92863
Epoch[821] Loss: 0.46389
Epoch[822] Loss: 0.48377
Epoch[823] Loss: 0.47367
Epoch[824] Loss: 0.46089
Epoch[825] Loss: 0.47206
Epoch[826] Loss: 0.45052
Epoch[827] Loss: 0.47927
Epoch[828] Loss: 0.48780
Epoch[829] Loss: 0.46773
Epoch[830] Loss: 0.47228
Training Results - Epoch: 830  Accuracy: 0.83077 Loss: 0.39713
Validation Results - Epoch: 830  Accuracy: 0.53900 Loss: 0.94995
Epoch[831] Loss: 0.47593
Epoch[832] Loss: 0.47506
Epoch[833] Loss: 0.46130
Epoch[834] Loss: 0.47511
Epoch[835] Loss: 0.47028
Epoch[836] Loss: 0.47457
Epoch[837] Loss: 0.48204
Epoch[838] Loss: 0.48205
Epoch[839] Loss: 0.46646
Epoch[840] Loss: 0.47478
Training Results - Epoch: 840  Accuracy: 0.83899 Loss: 0.37983
Validation Results - Epoch: 840  Accuracy: 0.55692 Loss: 0.93587
Epoch[841] Loss: 0.46759
Epoch[842] Loss: 0.45710
Epoch[843] Loss: 0.47009
Epoch[844] Loss: 0.46315
Epoch[845] Loss: 0.46007
Epoch[846] Loss: 0.47457
Epoch[847] Loss: 0.47313
Epoch[848] Loss: 0.44858
Epoch[849] Loss: 0.46608
Epoch[850] Loss: 0.44660
Training Results - Epoch: 850  Accuracy: 0.81490 Loss: 0.41255
Validation Results - Epoch: 850  Accuracy: 0.56859 Loss: 0.92982
Epoch[851] Loss: 0.46345
Epoch[852] Loss: 0.46964
Epoch[853] Loss: 0.45825
Epoch[854] Loss: 0.46770
Epoch[855] Loss: 0.47698
Epoch[856] Loss: 0.45755
Epoch[857] Loss: 0.46404
Epoch[858] Loss: 0.45788
Epoch[859] Loss: 0.47007
Epoch[860] Loss: 0.45406
Training Results - Epoch: 860  Accuracy: 0.82899 Loss: 0.39614
Validation Results - Epoch: 860  Accuracy: 0.56464 Loss: 0.93071
Epoch[861] Loss: 0.45716
Epoch[862] Loss: 0.46576
Epoch[863] Loss: 0.47290
Epoch[864] Loss: 0.45558
Epoch[865] Loss: 0.46365
Epoch[866] Loss: 0.46245
Epoch[867] Loss: 0.46803
Epoch[868] Loss: 0.45758
Epoch[869] Loss: 0.46327
Epoch[870] Loss: 0.47173
Training Results - Epoch: 870  Accuracy: 0.84466 Loss: 0.37520
Validation Results - Epoch: 870  Accuracy: 0.55141 Loss: 0.94023
Epoch[871] Loss: 0.45401
Epoch[872] Loss: 0.45112
Epoch[873] Loss: 0.46980
Epoch[874] Loss: 0.45472
Epoch[875] Loss: 0.47941
Epoch[876] Loss: 0.47783
Epoch[877] Loss: 0.45566
Epoch[878] Loss: 0.45582
Epoch[879] Loss: 0.45305
Epoch[880] Loss: 0.47685
Training Results - Epoch: 880  Accuracy: 0.84066 Loss: 0.37824
Validation Results - Epoch: 880  Accuracy: 0.55215 Loss: 0.94534
Epoch[881] Loss: 0.45212
Epoch[882] Loss: 0.45665
Epoch[883] Loss: 0.47808
Epoch[884] Loss: 0.48067
Epoch[885] Loss: 0.46123
Epoch[886] Loss: 0.46378
Epoch[887] Loss: 0.46152
Epoch[888] Loss: 0.44710
Epoch[889] Loss: 0.46283
Epoch[890] Loss: 0.46673
Training Results - Epoch: 890  Accuracy: 0.81811 Loss: 0.41087
Validation Results - Epoch: 890  Accuracy: 0.57771 Loss: 0.90558
Epoch[891] Loss: 0.46419
Epoch[892] Loss: 0.46491
Epoch[893] Loss: 0.44910
Epoch[894] Loss: 0.46393
Epoch[895] Loss: 0.45746
Epoch[896] Loss: 0.46022
Epoch[897] Loss: 0.47176
Epoch[898] Loss: 0.45972
Epoch[899] Loss: 0.45472
Epoch[900] Loss: 0.46111
Training Results - Epoch: 900  Accuracy: 0.84337 Loss: 0.37747
Validation Results - Epoch: 900  Accuracy: 0.55445 Loss: 0.92866
Epoch[901] Loss: 0.45712
Epoch[902] Loss: 0.45240
Epoch[903] Loss: 0.46450
Epoch[904] Loss: 0.45425
Epoch[905] Loss: 0.44872
Epoch[906] Loss: 0.46481
Epoch[907] Loss: 0.47237
Epoch[908] Loss: 0.46336
Epoch[909] Loss: 0.46783
Epoch[910] Loss: 0.45409
Training Results - Epoch: 910  Accuracy: 0.83290 Loss: 0.38379
Validation Results - Epoch: 910  Accuracy: 0.57450 Loss: 0.95004
Epoch[911] Loss: 0.45532
Epoch[912] Loss: 0.45794
Epoch[913] Loss: 0.45665
Epoch[914] Loss: 0.45915
Epoch[915] Loss: 0.45308
Epoch[916] Loss: 0.46845
Epoch[917] Loss: 0.44457
Epoch[918] Loss: 0.46303
Epoch[919] Loss: 0.45454
Epoch[920] Loss: 0.44615
Training Results - Epoch: 920  Accuracy: 0.83893 Loss: 0.37887
Validation Results - Epoch: 920  Accuracy: 0.55157 Loss: 0.97088
Epoch[921] Loss: 0.46057
Epoch[922] Loss: 0.44998
Epoch[923] Loss: 0.46592
Epoch[924] Loss: 0.44116
Epoch[925] Loss: 0.45235
Epoch[926] Loss: 0.45090
Epoch[927] Loss: 0.47905
Epoch[928] Loss: 0.46522
Epoch[929] Loss: 0.44931
Epoch[930] Loss: 0.46505
Training Results - Epoch: 930  Accuracy: 0.82778 Loss: 0.40160
Validation Results - Epoch: 930  Accuracy: 0.54360 Loss: 0.92319
Epoch[931] Loss: 0.47238
Epoch[932] Loss: 0.45548
Epoch[933] Loss: 0.46245
Epoch[934] Loss: 0.45023
Epoch[935] Loss: 0.46015
Epoch[936] Loss: 0.45203
Epoch[937] Loss: 0.45709
Epoch[938] Loss: 0.44230
Epoch[939] Loss: 0.45463
Epoch[940] Loss: 0.46610
Training Results - Epoch: 940  Accuracy: 0.83121 Loss: 0.39081
Validation Results - Epoch: 940  Accuracy: 0.56916 Loss: 0.93791
Epoch[941] Loss: 0.44771
Epoch[942] Loss: 0.45725
Epoch[943] Loss: 0.45313
Epoch[944] Loss: 0.43549
Epoch[945] Loss: 0.44573
Epoch[946] Loss: 0.44992
Epoch[947] Loss: 0.44582
Epoch[948] Loss: 0.44941
Epoch[949] Loss: 0.45948
Epoch[950] Loss: 0.44813
Training Results - Epoch: 950  Accuracy: 0.83173 Loss: 0.39069
Validation Results - Epoch: 950  Accuracy: 0.53349 Loss: 0.96850
Epoch[951] Loss: 0.45447
Epoch[952] Loss: 0.45079
Epoch[953] Loss: 0.45831
Epoch[954] Loss: 0.45673
Epoch[955] Loss: 0.43984
Epoch[956] Loss: 0.45582
Epoch[957] Loss: 0.45743
Epoch[958] Loss: 0.44226
Epoch[959] Loss: 0.44426
Epoch[960] Loss: 0.44643
Training Results - Epoch: 960  Accuracy: 0.85871 Loss: 0.35178
Validation Results - Epoch: 960  Accuracy: 0.55429 Loss: 0.94905
Epoch[961] Loss: 0.44445
Epoch[962] Loss: 0.45164
Epoch[963] Loss: 0.45923
Epoch[964] Loss: 0.47024
Epoch[965] Loss: 0.44150
Epoch[966] Loss: 0.45315
Epoch[967] Loss: 0.44738
Epoch[968] Loss: 0.45366
Epoch[969] Loss: 0.46446
Epoch[970] Loss: 0.45313
Training Results - Epoch: 970  Accuracy: 0.84888 Loss: 0.36571
Validation Results - Epoch: 970  Accuracy: 0.55897 Loss: 0.94980
Epoch[971] Loss: 0.46000
Epoch[972] Loss: 0.44310
Epoch[973] Loss: 0.46802
Epoch[974] Loss: 0.45302
Epoch[975] Loss: 0.45108
Epoch[976] Loss: 0.45484
Epoch[977] Loss: 0.45072
Epoch[978] Loss: 0.43483
Epoch[979] Loss: 0.45133
Epoch[980] Loss: 0.45137
Training Results - Epoch: 980  Accuracy: 0.82800 Loss: 0.39353
Validation Results - Epoch: 980  Accuracy: 0.56127 Loss: 0.95677
Epoch[981] Loss: 0.44997
Epoch[982] Loss: 0.45540
Epoch[983] Loss: 0.46477
Epoch[984] Loss: 0.44546
Epoch[985] Loss: 0.45238
Epoch[986] Loss: 0.44843
Epoch[987] Loss: 0.44364
Epoch[988] Loss: 0.44008
Epoch[989] Loss: 0.44727
Epoch[990] Loss: 0.46075
Training Results - Epoch: 990  Accuracy: 0.84482 Loss: 0.37029
Validation Results - Epoch: 990  Accuracy: 0.55338 Loss: 0.95472
Epoch[991] Loss: 0.45432
Epoch[992] Loss: 0.45057
Epoch[993] Loss: 0.46062
Epoch[994] Loss: 0.45063
Epoch[995] Loss: 0.45264
Epoch[996] Loss: 0.45195
Epoch[997] Loss: 0.44882
Epoch[998] Loss: 0.45363
Epoch[999] Loss: 0.45664
Epoch[1000] Loss: 0.44987
Training Results - Epoch: 1000  Accuracy: 0.84422 Loss: 0.37476
Validation Results - Epoch: 1000  Accuracy: 0.54294 Loss: 0.95201
done
