train data shape (292002, 4096, 1)
test data shape (97334, 4096, 1)
Epoch[1] Loss: 0.67047
Epoch[2] Loss: 0.65841
Epoch[3] Loss: 0.64861
Epoch[4] Loss: 0.66004
Epoch[5] Loss: 0.64260
Epoch[6] Loss: 0.66495
Epoch[7] Loss: 0.63406
Epoch[8] Loss: 0.64984
Epoch[9] Loss: 0.63118
Epoch[10] Loss: 0.65344
Epoch[11] Loss: 0.66948
Epoch[12] Loss: 0.64549
Epoch[13] Loss: 0.65486
Epoch[14] Loss: 0.65731
Epoch[15] Loss: 0.63911
Epoch[16] Loss: 0.66498
Epoch[17] Loss: 0.66010
Epoch[18] Loss: 0.66017
Epoch[19] Loss: 0.63795
Epoch[20] Loss: 0.65891
Epoch[21] Loss: 0.64633
Epoch[22] Loss: 0.64272
Epoch[23] Loss: 0.64685
Epoch[24] Loss: 0.68200
Epoch[25] Loss: 0.65789
Epoch[26] Loss: 0.64618
Epoch[27] Loss: 0.64970
Epoch[28] Loss: 0.66284
Epoch[29] Loss: 0.65313
Epoch[30] Loss: 0.63653
Epoch[31] Loss: 0.65832
Epoch[32] Loss: 0.64167
Epoch[33] Loss: 0.66201
Epoch[34] Loss: 0.66123
Epoch[35] Loss: 0.65773
Epoch[36] Loss: 0.64935
Epoch[37] Loss: 0.69232
Epoch[38] Loss: 0.64779
Epoch[39] Loss: 0.64829
Epoch[40] Loss: 0.66731
Epoch[41] Loss: 0.64888
Epoch[42] Loss: 0.64948
Epoch[43] Loss: 0.64329
Epoch[44] Loss: 0.66001
Epoch[45] Loss: 0.67632
Epoch[46] Loss: 0.63778
Epoch[47] Loss: 0.65376
Epoch[48] Loss: 0.63906
Epoch[49] Loss: 0.67596
Epoch[50] Loss: 0.63318
Training Results - Epoch: 50  Accuracy: 0.64205 Loss: 0.65226
Validation Results - Epoch: 50  Accuracy: 0.63981 Loss: 0.65362
Epoch[51] Loss: 0.63658
Epoch[52] Loss: 0.64126
Epoch[53] Loss: 0.65573
Epoch[54] Loss: 0.63483
Epoch[55] Loss: 0.64705
Epoch[56] Loss: 0.64917
Epoch[57] Loss: 0.66038
Epoch[58] Loss: 0.66920
Epoch[59] Loss: 0.64658
Epoch[60] Loss: 0.65012
Epoch[61] Loss: 0.63877
Epoch[62] Loss: 0.65684
Epoch[63] Loss: 0.63833
Epoch[64] Loss: 0.65979
Epoch[65] Loss: 0.65084
Epoch[66] Loss: 0.64777
Epoch[67] Loss: 0.66200
Epoch[68] Loss: 0.62880
Epoch[69] Loss: 0.62634
Epoch[70] Loss: 0.66196
Epoch[71] Loss: 0.64021
Epoch[72] Loss: 0.66500
Epoch[73] Loss: 0.65924
Epoch[74] Loss: 0.66742
Epoch[75] Loss: 0.66434
Epoch[76] Loss: 0.63282
Epoch[77] Loss: 0.64114
Epoch[78] Loss: 0.63088
Epoch[79] Loss: 0.65240
Epoch[80] Loss: 0.63102
Epoch[81] Loss: 0.64375
Epoch[82] Loss: 0.64661
Epoch[83] Loss: 0.65377
Epoch[84] Loss: 0.64627
Epoch[85] Loss: 0.63587
Epoch[86] Loss: 0.67701
Epoch[87] Loss: 0.67153
Epoch[88] Loss: 0.65366
Epoch[89] Loss: 0.63253
Epoch[90] Loss: 0.64660
Epoch[91] Loss: 0.64487
Epoch[92] Loss: 0.63519
Epoch[93] Loss: 0.64544
Epoch[94] Loss: 0.65425
Epoch[95] Loss: 0.64189
Epoch[96] Loss: 0.67008
Epoch[97] Loss: 0.63842
Epoch[98] Loss: 0.66731
Epoch[99] Loss: 0.62864
Epoch[100] Loss: 0.66525
Training Results - Epoch: 100  Accuracy: 0.64205 Loss: 0.65225
Validation Results - Epoch: 100  Accuracy: 0.63981 Loss: 0.65353
Epoch[101] Loss: 0.64639
Epoch[102] Loss: 0.63701
Epoch[103] Loss: 0.64785
Epoch[104] Loss: 0.65097
Epoch[105] Loss: 0.65794
Epoch[106] Loss: 0.64759
Epoch[107] Loss: 0.66160
Epoch[108] Loss: 0.64953
Epoch[109] Loss: 0.63463
Epoch[110] Loss: 0.66503
Epoch[111] Loss: 0.67516
Epoch[112] Loss: 0.67356
Epoch[113] Loss: 0.64220
Epoch[114] Loss: 0.66172
