starting
starting imports
done with imports
0.0 1.0000000000000036
train data shape (36500, 4096, 8)
test data shape (12167, 4096, 8)
Epoch[1] Loss: 0.67961
Epoch[2] Loss: 0.64843
Epoch[3] Loss: 0.63277
Epoch[4] Loss: 0.65691
Epoch[5] Loss: 0.69281
Epoch[6] Loss: 0.67428
Epoch[7] Loss: 0.64886
Epoch[8] Loss: 0.67176
Epoch[9] Loss: 0.67150
Epoch[10] Loss: 0.67927
Training Results - Epoch: 10  Accuracy: 0.64153 Loss: 0.65256
Validation Results - Epoch: 10  Accuracy: 0.64190 Loss: 0.65235
Epoch[11] Loss: 0.68447
Epoch[12] Loss: 0.67558
Epoch[13] Loss: 0.64547
Epoch[14] Loss: 0.62617
Epoch[15] Loss: 0.69077
Epoch[16] Loss: 0.67713
Epoch[17] Loss: 0.65630
Epoch[18] Loss: 0.65236
Epoch[19] Loss: 0.67672
Epoch[20] Loss: 0.63717
Training Results - Epoch: 20  Accuracy: 0.64153 Loss: 0.65257
Validation Results - Epoch: 20  Accuracy: 0.64190 Loss: 0.65236
Epoch[21] Loss: 0.68109
Epoch[22] Loss: 0.62027
Epoch[23] Loss: 0.65229
Epoch[24] Loss: 0.63308
Epoch[25] Loss: 0.66025
Epoch[26] Loss: 0.66047
Epoch[27] Loss: 0.64425
Epoch[28] Loss: 0.65232
Epoch[29] Loss: 0.60400
Epoch[30] Loss: 0.67810
Training Results - Epoch: 30  Accuracy: 0.64153 Loss: 0.65291
Validation Results - Epoch: 30  Accuracy: 0.64190 Loss: 0.65271
Epoch[31] Loss: 0.66005
Epoch[32] Loss: 0.67314
Epoch[33] Loss: 0.63862
Epoch[34] Loss: 0.64579
Epoch[35] Loss: 0.64065
Epoch[36] Loss: 0.62298
Epoch[37] Loss: 0.66434
Epoch[38] Loss: 0.66451
Epoch[39] Loss: 0.69897
Epoch[40] Loss: 0.69156
Training Results - Epoch: 40  Accuracy: 0.64153 Loss: 0.65253
Validation Results - Epoch: 40  Accuracy: 0.64190 Loss: 0.65232
Epoch[41] Loss: 0.65243
Epoch[42] Loss: 0.67495
Epoch[43] Loss: 0.63041
Epoch[44] Loss: 0.64871
Epoch[45] Loss: 0.68060
Epoch[46] Loss: 0.63024
Epoch[47] Loss: 0.65620
Epoch[48] Loss: 0.68049
Epoch[49] Loss: 0.64084
Epoch[50] Loss: 0.68855
Training Results - Epoch: 50  Accuracy: 0.64153 Loss: 0.65256
Validation Results - Epoch: 50  Accuracy: 0.64190 Loss: 0.65234
Epoch[51] Loss: 0.65220
Epoch[52] Loss: 0.60920
Epoch[53] Loss: 0.66501
Epoch[54] Loss: 0.67914
Epoch[55] Loss: 0.67912
Epoch[56] Loss: 0.63443
Epoch[57] Loss: 0.65627
Epoch[58] Loss: 0.68083
Epoch[59] Loss: 0.69846
Epoch[60] Loss: 0.64868
Training Results - Epoch: 60  Accuracy: 0.64153 Loss: 0.65254
Validation Results - Epoch: 60  Accuracy: 0.64190 Loss: 0.65233
Epoch[61] Loss: 0.67172
Epoch[62] Loss: 0.62399
Epoch[63] Loss: 0.65227
Epoch[64] Loss: 0.65215
Epoch[65] Loss: 0.60782
Epoch[66] Loss: 0.67394
Epoch[67] Loss: 0.66801
Epoch[68] Loss: 0.64041
Epoch[69] Loss: 0.67992
Epoch[70] Loss: 0.66764
Training Results - Epoch: 70  Accuracy: 0.64153 Loss: 0.65255
Validation Results - Epoch: 70  Accuracy: 0.64190 Loss: 0.65234
Epoch[71] Loss: 0.60869
Epoch[72] Loss: 0.64024
Epoch[73] Loss: 0.64025
Epoch[74] Loss: 0.67860
Epoch[75] Loss: 0.63285
Epoch[76] Loss: 0.66007
Epoch[77] Loss: 0.65231
Epoch[78] Loss: 0.66029
Epoch[79] Loss: 0.62778
Epoch[80] Loss: 0.64847
Training Results - Epoch: 80  Accuracy: 0.64153 Loss: 0.65259
Validation Results - Epoch: 80  Accuracy: 0.64190 Loss: 0.65239
Epoch[81] Loss: 0.63331
Epoch[82] Loss: 0.63589
Epoch[83] Loss: 0.68268
Epoch[84] Loss: 0.61196
Epoch[85] Loss: 0.68717
Epoch[86] Loss: 0.64445
Epoch[87] Loss: 0.67158
Epoch[88] Loss: 0.70890
Epoch[89] Loss: 0.66428
Epoch[90] Loss: 0.62611
Training Results - Epoch: 90  Accuracy: 0.64153 Loss: 0.65257
Validation Results - Epoch: 90  Accuracy: 0.64190 Loss: 0.65237
Epoch[91] Loss: 0.64832
Epoch[92] Loss: 0.64460
Epoch[93] Loss: 0.66459
Epoch[94] Loss: 0.61647
Epoch[95] Loss: 0.64002
Epoch[96] Loss: 0.65124
Epoch[97] Loss: 0.68754
Epoch[98] Loss: 0.69844
Epoch[99] Loss: 0.64021
Epoch[100] Loss: 0.62545
Training Results - Epoch: 100  Accuracy: 0.64153 Loss: 0.65253
Validation Results - Epoch: 100  Accuracy: 0.64190 Loss: 0.65232
Epoch[101] Loss: 0.67061
Epoch[102] Loss: 0.62863
Epoch[103] Loss: 0.66463
Epoch[104] Loss: 0.62081
Epoch[105] Loss: 0.70151
Epoch[106] Loss: 0.62095
Epoch[107] Loss: 0.62837
Epoch[108] Loss: 0.71239
Epoch[109] Loss: 0.65709
Epoch[110] Loss: 0.68635
Training Results - Epoch: 110  Accuracy: 0.64153 Loss: 0.65266
Validation Results - Epoch: 110  Accuracy: 0.64190 Loss: 0.65243
Epoch[111] Loss: 0.59626
Epoch[112] Loss: 0.62430
Epoch[113] Loss: 0.63998
Epoch[114] Loss: 0.64120
Epoch[115] Loss: 0.63985
Epoch[116] Loss: 0.63993
Epoch[117] Loss: 0.68428
Epoch[118] Loss: 0.66405
Epoch[119] Loss: 0.62557
Epoch[120] Loss: 0.68296
Training Results - Epoch: 120  Accuracy: 0.64153 Loss: 0.65256
Validation Results - Epoch: 120  Accuracy: 0.64190 Loss: 0.65236
Epoch[121] Loss: 0.61686
Epoch[122] Loss: 0.67182
Epoch[123] Loss: 0.66882
Epoch[124] Loss: 0.66401
Epoch[125] Loss: 0.63288
Epoch[126] Loss: 0.64880
Epoch[127] Loss: 0.64527
Epoch[128] Loss: 0.63645
Epoch[129] Loss: 0.69818
Epoch[130] Loss: 0.62202
Training Results - Epoch: 130  Accuracy: 0.64153 Loss: 0.65255
Validation Results - Epoch: 130  Accuracy: 0.64190 Loss: 0.65234
Epoch[131] Loss: 0.68894
Epoch[132] Loss: 0.64532
Epoch[133] Loss: 0.68380
Epoch[134] Loss: 0.64475
Epoch[135] Loss: 0.64100
Epoch[136] Loss: 0.66760
Epoch[137] Loss: 0.68422
Epoch[138] Loss: 0.62854
Epoch[139] Loss: 0.68002
Epoch[140] Loss: 0.66038
Training Results - Epoch: 140  Accuracy: 0.64153 Loss: 0.65256
Validation Results - Epoch: 140  Accuracy: 0.64190 Loss: 0.65234
Epoch[141] Loss: 0.66403
Epoch[142] Loss: 0.68329
Epoch[143] Loss: 0.64143
Epoch[144] Loss: 0.68027
Epoch[145] Loss: 0.63349
Epoch[146] Loss: 0.63649
Epoch[147] Loss: 0.64009
Epoch[148] Loss: 0.66786
Epoch[149] Loss: 0.63703
Epoch[150] Loss: 0.65256
Training Results - Epoch: 150  Accuracy: 0.64153 Loss: 0.65253
Validation Results - Epoch: 150  Accuracy: 0.64190 Loss: 0.65232
Epoch[151] Loss: 0.64107
Epoch[152] Loss: 0.72685
Epoch[153] Loss: 0.67411
Epoch[154] Loss: 0.66710
Epoch[155] Loss: 0.66021
Epoch[156] Loss: 0.64015
Epoch[157] Loss: 0.64430
Epoch[158] Loss: 0.62866
Epoch[159] Loss: 0.64098
Epoch[160] Loss: 0.64490
Training Results - Epoch: 160  Accuracy: 0.64153 Loss: 0.65257
Validation Results - Epoch: 160  Accuracy: 0.64190 Loss: 0.65237
Epoch[161] Loss: 0.67106
Epoch[162] Loss: 0.65611
Epoch[163] Loss: 0.68262
Epoch[164] Loss: 0.64837
Epoch[165] Loss: 0.66026
Epoch[166] Loss: 0.62913
Epoch[167] Loss: 0.64202
Epoch[168] Loss: 0.63621
Epoch[169] Loss: 0.60766
Epoch[170] Loss: 0.68472
Training Results - Epoch: 170  Accuracy: 0.64153 Loss: 0.65254
Validation Results - Epoch: 170  Accuracy: 0.64190 Loss: 0.65232
Epoch[171] Loss: 0.66428
Epoch[172] Loss: 0.61553
Epoch[173] Loss: 0.63002
Epoch[174] Loss: 0.66386
Epoch[175] Loss: 0.70162
Epoch[176] Loss: 0.66488
Epoch[177] Loss: 0.64424
Epoch[178] Loss: 0.69446
Epoch[179] Loss: 0.64833
Epoch[180] Loss: 0.64438
Training Results - Epoch: 180  Accuracy: 0.64153 Loss: 0.65254
Validation Results - Epoch: 180  Accuracy: 0.64190 Loss: 0.65232
Epoch[181] Loss: 0.61017
Epoch[182] Loss: 0.68885
Epoch[183] Loss: 0.62957
Epoch[184] Loss: 0.64824
Epoch[185] Loss: 0.68146
Epoch[186] Loss: 0.62170
Epoch[187] Loss: 0.65238
Epoch[188] Loss: 0.63008
Epoch[189] Loss: 0.65625
Epoch[190] Loss: 0.64491
Training Results - Epoch: 190  Accuracy: 0.64153 Loss: 0.65263
Validation Results - Epoch: 190  Accuracy: 0.64190 Loss: 0.65243
Epoch[191] Loss: 0.61861
Epoch[192] Loss: 0.62147
Epoch[193] Loss: 0.59670
Epoch[194] Loss: 0.65644
Epoch[195] Loss: 0.63844
Epoch[196] Loss: 0.68573
Epoch[197] Loss: 0.62045
Epoch[198] Loss: 0.67208
Epoch[199] Loss: 0.66010
Epoch[200] Loss: 0.63712
Training Results - Epoch: 200  Accuracy: 0.64153 Loss: 0.65258
Validation Results - Epoch: 200  Accuracy: 0.64190 Loss: 0.65237
Epoch[201] Loss: 0.66047
Epoch[202] Loss: 0.63688
Epoch[203] Loss: 0.64487
Epoch[204] Loss: 0.64051
Epoch[205] Loss: 0.66333
Epoch[206] Loss: 0.68975
Epoch[207] Loss: 0.63622
Epoch[208] Loss: 0.66842
Epoch[209] Loss: 0.62501
Epoch[210] Loss: 0.62470
Training Results - Epoch: 210  Accuracy: 0.64153 Loss: 0.65254
Validation Results - Epoch: 210  Accuracy: 0.64190 Loss: 0.65233
Epoch[211] Loss: 0.66056
Epoch[212] Loss: 0.65632
Epoch[213] Loss: 0.64067
Epoch[214] Loss: 0.60776
Epoch[215] Loss: 0.61700
Epoch[216] Loss: 0.60668
Epoch[217] Loss: 0.66786
Epoch[218] Loss: 0.65236
Epoch[219] Loss: 0.67482
Epoch[220] Loss: 0.62546
Training Results - Epoch: 220  Accuracy: 0.64153 Loss: 0.65255
Validation Results - Epoch: 220  Accuracy: 0.64190 Loss: 0.65235
Epoch[221] Loss: 0.70351
Epoch[222] Loss: 0.64937
Epoch[223] Loss: 0.67269
Epoch[224] Loss: 0.63061
Epoch[225] Loss: 0.65606
Epoch[226] Loss: 0.65221
Epoch[227] Loss: 0.64446
Epoch[228] Loss: 0.68926
Epoch[229] Loss: 0.60116
Epoch[230] Loss: 0.64475
Training Results - Epoch: 230  Accuracy: 0.64153 Loss: 0.65269
Validation Results - Epoch: 230  Accuracy: 0.64190 Loss: 0.65249
Epoch[231] Loss: 0.65265
Epoch[232] Loss: 0.67590
Epoch[233] Loss: 0.64826
Epoch[234] Loss: 0.68464
Epoch[235] Loss: 0.64141
Epoch[236] Loss: 0.63650
Epoch[237] Loss: 0.63279
Epoch[238] Loss: 0.69764
Epoch[239] Loss: 0.67528
Epoch[240] Loss: 0.65995
Training Results - Epoch: 240  Accuracy: 0.64153 Loss: 0.65262
Validation Results - Epoch: 240  Accuracy: 0.64190 Loss: 0.65242
Epoch[241] Loss: 0.68117
Epoch[242] Loss: 0.62825
Epoch[243] Loss: 0.64064
Epoch[244] Loss: 0.69873
Epoch[245] Loss: 0.66393
Epoch[246] Loss: 0.63273
Epoch[247] Loss: 0.67337
Epoch[248] Loss: 0.66791
Epoch[249] Loss: 0.67667
Epoch[250] Loss: 0.64854
Training Results - Epoch: 250  Accuracy: 0.64153 Loss: 0.65279
Validation Results - Epoch: 250  Accuracy: 0.64190 Loss: 0.65256
Epoch[251] Loss: 0.66780
Epoch[252] Loss: 0.66784
Epoch[253] Loss: 0.65232
Epoch[254] Loss: 0.64409
Epoch[255] Loss: 0.63299
Epoch[256] Loss: 0.63685
Epoch[257] Loss: 0.64424
Epoch[258] Loss: 0.63269
Epoch[259] Loss: 0.65616
Epoch[260] Loss: 0.60770
Training Results - Epoch: 260  Accuracy: 0.64153 Loss: 0.65265
Validation Results - Epoch: 260  Accuracy: 0.64190 Loss: 0.65242
Epoch[261] Loss: 0.68543
Epoch[262] Loss: 0.65630
Epoch[263] Loss: 0.66021
Epoch[264] Loss: 0.64429
Epoch[265] Loss: 0.63451
Epoch[266] Loss: 0.60420
Epoch[267] Loss: 0.64885
Epoch[268] Loss: 0.67140
Epoch[269] Loss: 0.62991
Epoch[270] Loss: 0.62860
Training Results - Epoch: 270  Accuracy: 0.64153 Loss: 0.65255
Validation Results - Epoch: 270  Accuracy: 0.64190 Loss: 0.65233
Epoch[271] Loss: 0.67272
Epoch[272] Loss: 0.68555
Epoch[273] Loss: 0.67425
Epoch[274] Loss: 0.64393
Epoch[275] Loss: 0.64824
Epoch[276] Loss: 0.63992
Epoch[277] Loss: 0.67232
Epoch[278] Loss: 0.62295
Epoch[279] Loss: 0.69916
Epoch[280] Loss: 0.66744
Training Results - Epoch: 280  Accuracy: 0.64153 Loss: 0.65257
Validation Results - Epoch: 280  Accuracy: 0.64190 Loss: 0.65236
Epoch[281] Loss: 0.63418
Epoch[282] Loss: 0.68847
Epoch[283] Loss: 0.68332
Epoch[284] Loss: 0.70880
Epoch[285] Loss: 0.65250
Epoch[286] Loss: 0.66816
Epoch[287] Loss: 0.66002
Epoch[288] Loss: 0.71327
Epoch[289] Loss: 0.65614
Epoch[290] Loss: 0.68751
Training Results - Epoch: 290  Accuracy: 0.64153 Loss: 0.65255
Validation Results - Epoch: 290  Accuracy: 0.64190 Loss: 0.65234
Epoch[291] Loss: 0.65232
Epoch[292] Loss: 0.63261
Epoch[293] Loss: 0.65631
Epoch[294] Loss: 0.64420
Epoch[295] Loss: 0.63646
Epoch[296] Loss: 0.63626
Epoch[297] Loss: 0.65235
Epoch[298] Loss: 0.64834
Epoch[299] Loss: 0.67208
Epoch[300] Loss: 0.68423
Training Results - Epoch: 300  Accuracy: 0.64153 Loss: 0.65253
Validation Results - Epoch: 300  Accuracy: 0.64190 Loss: 0.65232
Epoch[301] Loss: 0.67275
Epoch[302] Loss: 0.66365
Epoch[303] Loss: 0.70067
Epoch[304] Loss: 0.67067
Epoch[305] Loss: 0.65279
Epoch[306] Loss: 0.62952
Epoch[307] Loss: 0.63202
Epoch[308] Loss: 0.66037
Epoch[309] Loss: 0.64028
Epoch[310] Loss: 0.62271
Training Results - Epoch: 310  Accuracy: 0.64153 Loss: 0.65256
Validation Results - Epoch: 310  Accuracy: 0.64190 Loss: 0.65236
Epoch[311] Loss: 0.63006
Epoch[312] Loss: 0.60874
Epoch[313] Loss: 0.64857
Epoch[314] Loss: 0.64413
Epoch[315] Loss: 0.64042
Epoch[316] Loss: 0.65242
Epoch[317] Loss: 0.68829
Epoch[318] Loss: 0.65647
Epoch[319] Loss: 0.65989
Epoch[320] Loss: 0.64831
Training Results - Epoch: 320  Accuracy: 0.64153 Loss: 0.65263
Validation Results - Epoch: 320  Accuracy: 0.64190 Loss: 0.65240
Epoch[321] Loss: 0.59359
Epoch[322] Loss: 0.60687
Epoch[323] Loss: 0.65234
Epoch[324] Loss: 0.70974
Epoch[325] Loss: 0.63639
Epoch[326] Loss: 0.66056
Epoch[327] Loss: 0.62829
Epoch[328] Loss: 0.62336
Epoch[329] Loss: 0.62737
Epoch[330] Loss: 0.64440
Training Results - Epoch: 330  Accuracy: 0.64153 Loss: 0.65255
Validation Results - Epoch: 330  Accuracy: 0.64190 Loss: 0.65233
Epoch[331] Loss: 0.67123
Epoch[332] Loss: 0.65606
Epoch[333] Loss: 0.62844
Epoch[334] Loss: 0.64048
Epoch[335] Loss: 0.66430
Epoch[336] Loss: 0.66009
Epoch[337] Loss: 0.68434
Epoch[338] Loss: 0.64555
Epoch[339] Loss: 0.68121
Epoch[340] Loss: 0.66704
Training Results - Epoch: 340  Accuracy: 0.64153 Loss: 0.65601
Validation Results - Epoch: 340  Accuracy: 0.64190 Loss: 0.65587
Epoch[341] Loss: 0.66784
Epoch[342] Loss: 0.66079
Epoch[343] Loss: 0.67012
Epoch[344] Loss: 0.67649
Epoch[345] Loss: 0.64087
Epoch[346] Loss: 0.63674
Epoch[347] Loss: 0.63467
Epoch[348] Loss: 0.64726
Epoch[349] Loss: 0.65283
Epoch[350] Loss: 0.69306
Training Results - Epoch: 350  Accuracy: 0.64153 Loss: 0.65257
Validation Results - Epoch: 350  Accuracy: 0.64190 Loss: 0.65235
Epoch[351] Loss: 0.64413
Epoch[352] Loss: 0.65585
Epoch[353] Loss: 0.62056
Epoch[354] Loss: 0.62624
Epoch[355] Loss: 0.63762
Epoch[356] Loss: 0.63705
Epoch[357] Loss: 0.62634
Epoch[358] Loss: 0.62818
Epoch[359] Loss: 0.58684
Epoch[360] Loss: 0.66788
Training Results - Epoch: 360  Accuracy: 0.64153 Loss: 0.65256
Validation Results - Epoch: 360  Accuracy: 0.64190 Loss: 0.65235
Epoch[361] Loss: 0.64487
Epoch[362] Loss: 0.65243
Epoch[363] Loss: 0.66545
Epoch[364] Loss: 0.66429
Epoch[365] Loss: 0.67467
Epoch[366] Loss: 0.59497
Epoch[367] Loss: 0.64076
Epoch[368] Loss: 0.63660
Epoch[369] Loss: 0.62880
Epoch[370] Loss: 0.66026
Training Results - Epoch: 370  Accuracy: 0.64153 Loss: 0.65253
Validation Results - Epoch: 370  Accuracy: 0.64190 Loss: 0.65232
Epoch[371] Loss: 0.66342
Epoch[372] Loss: 0.57585
Epoch[373] Loss: 0.61321
Epoch[374] Loss: 0.67742
Epoch[375] Loss: 0.65691
Epoch[376] Loss: 0.63162
Epoch[377] Loss: 0.63018
Epoch[378] Loss: 0.68647
Epoch[379] Loss: 0.64431
Epoch[380] Loss: 0.66026
Training Results - Epoch: 380  Accuracy: 0.64153 Loss: 0.65253
Validation Results - Epoch: 380  Accuracy: 0.64190 Loss: 0.65232
Epoch[381] Loss: 0.62556
Epoch[382] Loss: 0.66827
Epoch[383] Loss: 0.65231
Epoch[384] Loss: 0.66890
Epoch[385] Loss: 0.62454
Epoch[386] Loss: 0.68300
Epoch[387] Loss: 0.62451
Epoch[388] Loss: 0.65204
Epoch[389] Loss: 0.65233
Epoch[390] Loss: 0.61534
Training Results - Epoch: 390  Accuracy: 0.64153 Loss: 0.65260
Validation Results - Epoch: 390  Accuracy: 0.64190 Loss: 0.65238
Epoch[391] Loss: 0.66016
Epoch[392] Loss: 0.65973
Epoch[393] Loss: 0.66798
Epoch[394] Loss: 0.68644
Epoch[395] Loss: 0.65243
Epoch[396] Loss: 0.67251
Epoch[397] Loss: 0.69661
Epoch[398] Loss: 0.66034
Epoch[399] Loss: 0.66050
Epoch[400] Loss: 0.67980
Training Results - Epoch: 400  Accuracy: 0.64153 Loss: 0.65255
Validation Results - Epoch: 400  Accuracy: 0.64190 Loss: 0.65234
Epoch[401] Loss: 0.63634
Epoch[402] Loss: 0.63699
Epoch[403] Loss: 0.66925
Epoch[404] Loss: 0.64085
Epoch[405] Loss: 0.65235
Epoch[406] Loss: 0.66087
Epoch[407] Loss: 0.64428
Epoch[408] Loss: 0.64339
Epoch[409] Loss: 0.58634
Epoch[410] Loss: 0.61457
Training Results - Epoch: 410  Accuracy: 0.64153 Loss: 0.65258
Validation Results - Epoch: 410  Accuracy: 0.64190 Loss: 0.65238
Epoch[411] Loss: 0.66027
Epoch[412] Loss: 0.68179
Epoch[413] Loss: 0.64014
Epoch[414] Loss: 0.64847
Epoch[415] Loss: 0.62578
Epoch[416] Loss: 0.64052
Epoch[417] Loss: 0.68358
Epoch[418] Loss: 0.64418
Epoch[419] Loss: 0.66122
Epoch[420] Loss: 0.63218
Training Results - Epoch: 420  Accuracy: 0.64153 Loss: 0.65257
Validation Results - Epoch: 420  Accuracy: 0.64190 Loss: 0.65236
Epoch[421] Loss: 0.64419
Epoch[422] Loss: 0.65238
Epoch[423] Loss: 0.68375
Epoch[424] Loss: 0.64843
Epoch[425] Loss: 0.65247
Epoch[426] Loss: 0.62498
Epoch[427] Loss: 0.64027
Epoch[428] Loss: 0.67271
Epoch[429] Loss: 0.66024
Epoch[430] Loss: 0.64153
Training Results - Epoch: 430  Accuracy: 0.64153 Loss: 0.65267
Validation Results - Epoch: 430  Accuracy: 0.64190 Loss: 0.65247
Epoch[431] Loss: 0.64836
Epoch[432] Loss: 0.67600
Epoch[433] Loss: 0.64220
Epoch[434] Loss: 0.60598
Epoch[435] Loss: 0.66907
Epoch[436] Loss: 0.61778
Epoch[437] Loss: 0.62400
Epoch[438] Loss: 0.65983
Epoch[439] Loss: 0.64854
Epoch[440] Loss: 0.62014
Training Results - Epoch: 440  Accuracy: 0.64153 Loss: 0.65259
Validation Results - Epoch: 440  Accuracy: 0.64190 Loss: 0.65237
Epoch[441] Loss: 0.63331
Epoch[442] Loss: 0.62409
Epoch[443] Loss: 0.66757
Epoch[444] Loss: 0.64144
Epoch[445] Loss: 0.68144
Epoch[446] Loss: 0.69354
Epoch[447] Loss: 0.67248
Epoch[448] Loss: 0.66382
Epoch[449] Loss: 0.61980
Epoch[450] Loss: 0.69915
Training Results - Epoch: 450  Accuracy: 0.64153 Loss: 0.65254
Validation Results - Epoch: 450  Accuracy: 0.64190 Loss: 0.65232
Epoch[451] Loss: 0.66649
Epoch[452] Loss: 0.67458
Epoch[453] Loss: 0.63936
Epoch[454] Loss: 0.64835
Epoch[455] Loss: 0.67611
Epoch[456] Loss: 0.66410
Epoch[457] Loss: 0.65622
Epoch[458] Loss: 0.67277
Epoch[459] Loss: 0.65999
Epoch[460] Loss: 0.69443
Training Results - Epoch: 460  Accuracy: 0.64153 Loss: 0.65261
Validation Results - Epoch: 460  Accuracy: 0.64190 Loss: 0.65241
Epoch[461] Loss: 0.70752
Epoch[462] Loss: 0.63651
Epoch[463] Loss: 0.64407
Epoch[464] Loss: 0.66453
Epoch[465] Loss: 0.63265
Epoch[466] Loss: 0.66365
Epoch[467] Loss: 0.65605
Epoch[468] Loss: 0.64842
Epoch[469] Loss: 0.63977
Epoch[470] Loss: 0.63463
Training Results - Epoch: 470  Accuracy: 0.64153 Loss: 0.65280
Validation Results - Epoch: 470  Accuracy: 0.64190 Loss: 0.65260
Epoch[471] Loss: 0.67257
Epoch[472] Loss: 0.66046
Epoch[473] Loss: 0.65599
Epoch[474] Loss: 0.63378
Epoch[475] Loss: 0.63303
Epoch[476] Loss: 0.60948
Epoch[477] Loss: 0.60510
Epoch[478] Loss: 0.65239
Epoch[479] Loss: 0.64430
Epoch[480] Loss: 0.62109
Training Results - Epoch: 480  Accuracy: 0.64153 Loss: 0.65253
Validation Results - Epoch: 480  Accuracy: 0.64190 Loss: 0.65232
Epoch[481] Loss: 0.64843
Epoch[482] Loss: 0.66770
Epoch[483] Loss: 0.64803
Epoch[484] Loss: 0.66067
Epoch[485] Loss: 0.65982
Epoch[486] Loss: 0.67368
Epoch[487] Loss: 0.64376
Epoch[488] Loss: 0.66588
Epoch[489] Loss: 0.67913
Epoch[490] Loss: 0.67810
Training Results - Epoch: 490  Accuracy: 0.64153 Loss: 0.65276
Validation Results - Epoch: 490  Accuracy: 0.64190 Loss: 0.65256
Epoch[491] Loss: 0.66085
Epoch[492] Loss: 0.66364
Epoch[493] Loss: 0.64455
Epoch[494] Loss: 0.69308
Epoch[495] Loss: 0.66011
Epoch[496] Loss: 0.63452
Epoch[497] Loss: 0.61000
Epoch[498] Loss: 0.63182
Epoch[499] Loss: 0.65242
Epoch[500] Loss: 0.68945
Training Results - Epoch: 500  Accuracy: 0.64153 Loss: 0.65260
Validation Results - Epoch: 500  Accuracy: 0.64190 Loss: 0.65238
done
