train data shape (292002, 4096, 1)
test data shape (97334, 4096, 1)
Epoch[1] Loss: 0.66156
Epoch[2] Loss: 0.64245
Epoch[3] Loss: 0.63709
Epoch[4] Loss: 0.65325
Epoch[5] Loss: 0.62932
Epoch[6] Loss: 0.63685
Epoch[7] Loss: 0.68191
Epoch[8] Loss: 0.64702
Epoch[9] Loss: 0.62989
Epoch[10] Loss: 0.62938
Epoch[11] Loss: 0.66793
Epoch[12] Loss: 0.64205
Epoch[13] Loss: 0.63704
Epoch[14] Loss: 0.67271
Epoch[15] Loss: 0.65683
Epoch[16] Loss: 0.64844
Epoch[17] Loss: 0.65263
Epoch[18] Loss: 0.66988
Epoch[19] Loss: 0.63862
Epoch[20] Loss: 0.63842
Epoch[21] Loss: 0.66980
Epoch[22] Loss: 0.66011
Epoch[23] Loss: 0.67736
Epoch[24] Loss: 0.66505
Epoch[25] Loss: 0.66438
Training Results - Epoch: 25  Accuracy: 0.64111 Loss: 0.65281
Validation Results - Epoch: 25  Accuracy: 0.64265 Loss: 0.65194
Epoch[26] Loss: 0.62238
Epoch[27] Loss: 0.64262
Epoch[28] Loss: 0.63170
Epoch[29] Loss: 0.62446
Epoch[30] Loss: 0.67548
Epoch[31] Loss: 0.64663
Epoch[32] Loss: 0.60747
Epoch[33] Loss: 0.62805
Epoch[34] Loss: 0.63279
Epoch[35] Loss: 0.59616
Epoch[36] Loss: 0.63869
Epoch[37] Loss: 0.67585
Epoch[38] Loss: 0.66064
Epoch[39] Loss: 0.62401
Epoch[40] Loss: 0.60682
Epoch[41] Loss: 0.69685
Epoch[42] Loss: 0.68632
Epoch[43] Loss: 0.63503
Epoch[44] Loss: 0.67197
Epoch[45] Loss: 0.65693
Epoch[46] Loss: 0.67605
Epoch[47] Loss: 0.65520
Epoch[48] Loss: 0.63999
Epoch[49] Loss: 0.62955
Epoch[50] Loss: 0.64879
Training Results - Epoch: 50  Accuracy: 0.64111 Loss: 0.65286
Validation Results - Epoch: 50  Accuracy: 0.64265 Loss: 0.65200
Epoch[51] Loss: 0.64921
Epoch[52] Loss: 0.68340
Epoch[53] Loss: 0.62960
Epoch[54] Loss: 0.65109
Epoch[55] Loss: 0.64395
Epoch[56] Loss: 0.64446
Epoch[57] Loss: 0.68408
Epoch[58] Loss: 0.63507
Epoch[59] Loss: 0.65762
Epoch[60] Loss: 0.67177
Epoch[61] Loss: 0.64503
Epoch[62] Loss: 0.65753
Epoch[63] Loss: 0.65161
Epoch[64] Loss: 0.60751
Epoch[65] Loss: 0.69935
Epoch[66] Loss: 0.64788
Epoch[67] Loss: 0.67276
Epoch[68] Loss: 0.67869
Epoch[69] Loss: 0.69112
Epoch[70] Loss: 0.65879
Epoch[71] Loss: 0.62926
Epoch[72] Loss: 0.66558
Epoch[73] Loss: 0.63372
Epoch[74] Loss: 0.67410
Epoch[75] Loss: 0.69447
Training Results - Epoch: 75  Accuracy: 0.64111 Loss: 0.65319
Validation Results - Epoch: 75  Accuracy: 0.64265 Loss: 0.65220
Epoch[76] Loss: 0.65195
Epoch[77] Loss: 0.65426
Epoch[78] Loss: 0.64942
Epoch[79] Loss: 0.64894
Epoch[80] Loss: 0.71075
Epoch[81] Loss: 0.66321
Epoch[82] Loss: 0.70116
Epoch[83] Loss: 0.64490
Epoch[84] Loss: 0.65121
Epoch[85] Loss: 0.66355
Epoch[86] Loss: 0.62807
Epoch[87] Loss: 0.65643
Epoch[88] Loss: 0.65529
Epoch[89] Loss: 0.67035
Epoch[90] Loss: 0.65665
Epoch[91] Loss: 0.69492
Epoch[92] Loss: 0.65980
Epoch[93] Loss: 0.66931
Epoch[94] Loss: 0.70126
Epoch[95] Loss: 0.67226
Epoch[96] Loss: 0.62920
Epoch[97] Loss: 0.64853
Epoch[98] Loss: 0.62237
Epoch[99] Loss: 0.67569
Epoch[100] Loss: 0.65683
Training Results - Epoch: 100  Accuracy: 0.64111 Loss: 0.65320
Validation Results - Epoch: 100  Accuracy: 0.64265 Loss: 0.65221
Epoch[101] Loss: 0.65024
Epoch[102] Loss: 0.63971
Epoch[103] Loss: 0.63519
Epoch[104] Loss: 0.69554
Epoch[105] Loss: 0.63300
Epoch[106] Loss: 0.67160
Epoch[107] Loss: 0.62485
Epoch[108] Loss: 0.63034
Epoch[109] Loss: 0.65222
Epoch[110] Loss: 0.65288
Epoch[111] Loss: 0.62367
Epoch[112] Loss: 0.66972
Epoch[113] Loss: 0.64611
Epoch[114] Loss: 0.65269
Epoch[115] Loss: 0.64539
Epoch[116] Loss: 0.67541
Epoch[117] Loss: 0.63966
Epoch[118] Loss: 0.65641
Epoch[119] Loss: 0.63872
Epoch[120] Loss: 0.65242
Epoch[121] Loss: 0.63366
Epoch[122] Loss: 0.67092
Epoch[123] Loss: 0.68000
Epoch[124] Loss: 0.65895
Epoch[125] Loss: 0.62631
Training Results - Epoch: 125  Accuracy: 0.64111 Loss: 0.65624
Validation Results - Epoch: 125  Accuracy: 0.64265 Loss: 0.65507
Epoch[126] Loss: 0.62777
Epoch[127] Loss: 0.63733
Epoch[128] Loss: 0.65304
Epoch[129] Loss: 0.60375
Epoch[130] Loss: 0.63999
Epoch[131] Loss: 0.65823
Epoch[132] Loss: 0.65017
Epoch[133] Loss: 0.63408
Epoch[134] Loss: 0.66324
Epoch[135] Loss: 0.65193
Epoch[136] Loss: 0.66305
Epoch[137] Loss: 0.62827
Epoch[138] Loss: 0.67161
Epoch[139] Loss: 0.63554
Epoch[140] Loss: 0.67180
Epoch[141] Loss: 0.63649
Epoch[142] Loss: 0.67393
Epoch[143] Loss: 0.61792
Epoch[144] Loss: 0.62284
Epoch[145] Loss: 0.69515
Epoch[146] Loss: 0.64908
Epoch[147] Loss: 0.66943
Epoch[148] Loss: 0.68267
Epoch[149] Loss: 0.66283
Epoch[150] Loss: 0.68325
Training Results - Epoch: 150  Accuracy: 0.64111 Loss: 0.65385
Validation Results - Epoch: 150  Accuracy: 0.64265 Loss: 0.65310
Epoch[151] Loss: 0.69174
Epoch[152] Loss: 0.66245
Epoch[153] Loss: 0.65683
Epoch[154] Loss: 0.63634
Epoch[155] Loss: 0.63381
Epoch[156] Loss: 0.65173
Epoch[157] Loss: 0.67405
Epoch[158] Loss: 0.62540
Epoch[159] Loss: 0.68222
Epoch[160] Loss: 0.67761
Epoch[161] Loss: 0.67872
Epoch[162] Loss: 0.64302
Epoch[163] Loss: 0.66368
Epoch[164] Loss: 0.63116
Epoch[165] Loss: 0.62617
Epoch[166] Loss: 0.64997
Epoch[167] Loss: 0.69926
Epoch[168] Loss: 0.65274
Epoch[169] Loss: 0.67353
Epoch[170] Loss: 0.67790
Epoch[171] Loss: 0.65274
Epoch[172] Loss: 0.63594
Epoch[173] Loss: 0.62233
Epoch[174] Loss: 0.63711
Epoch[175] Loss: 0.64484
Training Results - Epoch: 175  Accuracy: 0.64111 Loss: 0.65283
Validation Results - Epoch: 175  Accuracy: 0.64265 Loss: 0.65190
Epoch[176] Loss: 0.67984
Epoch[177] Loss: 0.61796
Epoch[178] Loss: 0.65080
Epoch[179] Loss: 0.65724
Epoch[180] Loss: 0.65248
Epoch[181] Loss: 0.64884
Epoch[182] Loss: 0.66618
Epoch[183] Loss: 0.66995
Epoch[184] Loss: 0.64862
Epoch[185] Loss: 0.68287
Epoch[186] Loss: 0.62057
Epoch[187] Loss: 0.70324
Epoch[188] Loss: 0.65258
Epoch[189] Loss: 0.67345
Epoch[190] Loss: 0.69834
Epoch[191] Loss: 0.65604
Epoch[192] Loss: 0.64130
Epoch[193] Loss: 0.65694
Epoch[194] Loss: 0.60972
Epoch[195] Loss: 0.69863
Epoch[196] Loss: 0.64192
Epoch[197] Loss: 0.63040
Epoch[198] Loss: 0.64721
Epoch[199] Loss: 0.63811
Epoch[200] Loss: 0.65792
Training Results - Epoch: 200  Accuracy: 0.64111 Loss: 0.65278
Validation Results - Epoch: 200  Accuracy: 0.64265 Loss: 0.65189
Epoch[201] Loss: 0.64355
Epoch[202] Loss: 0.61375
Epoch[203] Loss: 0.65696
Epoch[204] Loss: 0.65135
Epoch[205] Loss: 0.63610
Epoch[206] Loss: 0.67181
Epoch[207] Loss: 0.63582
Epoch[208] Loss: 0.62340
Epoch[209] Loss: 0.65746
Epoch[210] Loss: 0.67742
Epoch[211] Loss: 0.68345
Epoch[212] Loss: 0.63197
Epoch[213] Loss: 0.67618
Epoch[214] Loss: 0.65231
Epoch[215] Loss: 0.64823
Epoch[216] Loss: 0.64589
Epoch[217] Loss: 0.64662
Epoch[218] Loss: 0.62003
Epoch[219] Loss: 0.66405
Epoch[220] Loss: 0.70397
Epoch[221] Loss: 0.66351
Epoch[222] Loss: 0.67168
Epoch[223] Loss: 0.67781
Epoch[224] Loss: 0.64108
Epoch[225] Loss: 0.67764
Training Results - Epoch: 225  Accuracy: 0.64111 Loss: 0.65278
Validation Results - Epoch: 225  Accuracy: 0.64265 Loss: 0.65189
Epoch[226] Loss: 0.63315
Epoch[227] Loss: 0.65663
Epoch[228] Loss: 0.65958
Epoch[229] Loss: 0.64906
Epoch[230] Loss: 0.66324
Epoch[231] Loss: 0.67994
Epoch[232] Loss: 0.66442
Epoch[233] Loss: 0.61865
Epoch[234] Loss: 0.62661
Epoch[235] Loss: 0.62597
Epoch[236] Loss: 0.66340
Epoch[237] Loss: 0.63894
Epoch[238] Loss: 0.66759
Epoch[239] Loss: 0.66531
Epoch[240] Loss: 0.67152
Epoch[241] Loss: 0.62508
Epoch[242] Loss: 0.63001
Epoch[243] Loss: 0.64870
Epoch[244] Loss: 0.65381
Epoch[245] Loss: 0.65069
Epoch[246] Loss: 0.65033
Epoch[247] Loss: 0.70048
Epoch[248] Loss: 0.65743
Epoch[249] Loss: 0.66421
Epoch[250] Loss: 0.68156
Training Results - Epoch: 250  Accuracy: 0.64111 Loss: 0.65335
Validation Results - Epoch: 250  Accuracy: 0.64265 Loss: 0.65234
Epoch[251] Loss: 0.67474
Epoch[252] Loss: 0.65533
Epoch[253] Loss: 0.64584
Epoch[254] Loss: 0.63356
Epoch[255] Loss: 0.64177
Epoch[256] Loss: 0.63744
Epoch[257] Loss: 0.68070
Epoch[258] Loss: 0.66301
Epoch[259] Loss: 0.61027
Epoch[260] Loss: 0.66861
Epoch[261] Loss: 0.67609
Epoch[262] Loss: 0.64409
Epoch[263] Loss: 0.65252
Epoch[264] Loss: 0.62677
Epoch[265] Loss: 0.65648
Epoch[266] Loss: 0.67497
Epoch[267] Loss: 0.64258
Epoch[268] Loss: 0.67660
Epoch[269] Loss: 0.66655
Epoch[270] Loss: 0.65691
Epoch[271] Loss: 0.65062
Epoch[272] Loss: 0.72509
Epoch[273] Loss: 0.63079
Epoch[274] Loss: 0.67403
Epoch[275] Loss: 0.65905
Training Results - Epoch: 275  Accuracy: 0.64111 Loss: 0.65278
Validation Results - Epoch: 275  Accuracy: 0.64265 Loss: 0.65188
Epoch[276] Loss: 0.58860
Epoch[277] Loss: 0.67021
Epoch[278] Loss: 0.65473
Epoch[279] Loss: 0.65989
Epoch[280] Loss: 0.65836
Epoch[281] Loss: 0.68320
Epoch[282] Loss: 0.63474
Epoch[283] Loss: 0.64329
Epoch[284] Loss: 0.61985
Epoch[285] Loss: 0.62892
Epoch[286] Loss: 0.65377
Epoch[287] Loss: 0.60985
Epoch[288] Loss: 0.68084
Epoch[289] Loss: 0.65382
Epoch[290] Loss: 0.66358
Epoch[291] Loss: 0.64776
Epoch[292] Loss: 0.64185
Epoch[293] Loss: 0.68171
Epoch[294] Loss: 0.64438
Epoch[295] Loss: 0.66576
Epoch[296] Loss: 0.67751
Epoch[297] Loss: 0.65314
Epoch[298] Loss: 0.64268
Epoch[299] Loss: 0.66800
Epoch[300] Loss: 0.64912
Training Results - Epoch: 300  Accuracy: 0.64111 Loss: 0.66312
Validation Results - Epoch: 300  Accuracy: 0.64265 Loss: 0.66175
Epoch[301] Loss: 0.63658
Epoch[302] Loss: 0.66639
Epoch[303] Loss: 0.65072
