train data shape (292002, 4096, 1)
test data shape (97334, 4096, 1)
Epoch[1] Loss: 0.69299
Epoch[2] Loss: 0.64134
Epoch[3] Loss: 0.67966
Epoch[4] Loss: 0.60958
Epoch[5] Loss: 0.70062
Epoch[6] Loss: 0.66034
Epoch[7] Loss: 0.67168
Epoch[8] Loss: 0.65605
Epoch[9] Loss: 0.66989
Epoch[10] Loss: 0.66963
Epoch[11] Loss: 0.65014
Epoch[12] Loss: 0.65755
Epoch[13] Loss: 0.68086
Epoch[14] Loss: 0.73293
Epoch[15] Loss: 0.62382
Epoch[16] Loss: 0.77051
Epoch[17] Loss: 0.57153
Epoch[18] Loss: 0.67507
Epoch[19] Loss: 0.64739
Epoch[20] Loss: 0.59301
Epoch[21] Loss: 0.59310
Epoch[22] Loss: 0.66733
Epoch[23] Loss: 0.70087
Epoch[24] Loss: 0.55352
Epoch[25] Loss: 0.66866
Training Results - Epoch: 25  Accuracy: 0.64220 Loss: 0.65224
Validation Results - Epoch: 25  Accuracy: 0.63936 Loss: 0.65382
Epoch[26] Loss: 0.65637
Epoch[27] Loss: 0.62795
Epoch[28] Loss: 0.61373
Epoch[29] Loss: 0.61318
Epoch[30] Loss: 0.64189
Epoch[31] Loss: 0.65248
Epoch[32] Loss: 0.73287
Epoch[33] Loss: 0.65427
Epoch[34] Loss: 0.70141
Epoch[35] Loss: 0.76789
Epoch[36] Loss: 0.54621
Epoch[37] Loss: 0.66180
Epoch[38] Loss: 0.67724
Epoch[39] Loss: 0.67924
Epoch[40] Loss: 0.62445
Epoch[41] Loss: 0.63257
Epoch[42] Loss: 0.62539
Epoch[43] Loss: 0.71009
Epoch[44] Loss: 0.69080
Epoch[45] Loss: 0.60730
Epoch[46] Loss: 0.63347
Epoch[47] Loss: 0.66275
Epoch[48] Loss: 0.63019
Epoch[49] Loss: 0.62995
Epoch[50] Loss: 0.64160
Training Results - Epoch: 50  Accuracy: 0.64220 Loss: 0.65577
Validation Results - Epoch: 50  Accuracy: 0.63936 Loss: 0.65795
Epoch[51] Loss: 0.67355
Epoch[52] Loss: 0.66593
Epoch[53] Loss: 0.63710
Epoch[54] Loss: 0.53483
Epoch[55] Loss: 0.73219
Epoch[56] Loss: 0.63566
Epoch[57] Loss: 0.67167
Epoch[58] Loss: 0.60388
Epoch[59] Loss: 0.71890
Epoch[60] Loss: 0.75163
Epoch[61] Loss: 0.63241
Epoch[62] Loss: 0.61499
Epoch[63] Loss: 0.65615
Epoch[64] Loss: 0.74291
Epoch[65] Loss: 0.66417
Epoch[66] Loss: 0.65728
Epoch[67] Loss: 0.68362
Epoch[68] Loss: 0.64192
Epoch[69] Loss: 0.67821
Epoch[70] Loss: 0.61563
Epoch[71] Loss: 0.64695
Epoch[72] Loss: 0.64309
Epoch[73] Loss: 0.64712
Epoch[74] Loss: 0.61062
Epoch[75] Loss: 0.69707
Training Results - Epoch: 75  Accuracy: 0.35780 Loss: 0.71514
Validation Results - Epoch: 75  Accuracy: 0.36064 Loss: 0.71475
Epoch[76] Loss: 0.69319
Epoch[77] Loss: 0.60748
Epoch[78] Loss: 0.63269
Epoch[79] Loss: 0.66687
Epoch[80] Loss: 0.64696
Epoch[81] Loss: 0.68151
Epoch[82] Loss: 0.63296
Epoch[83] Loss: 0.61923
Epoch[84] Loss: 0.65377
Epoch[85] Loss: 0.64215
Epoch[86] Loss: 0.67683
Epoch[87] Loss: 0.62744
Epoch[88] Loss: 0.61731
Epoch[89] Loss: 0.63326
Epoch[90] Loss: 0.64014
Epoch[91] Loss: 0.57428
Epoch[92] Loss: 0.64734
Epoch[93] Loss: 0.76102
Epoch[94] Loss: 0.69201
Epoch[95] Loss: 0.57921
Epoch[96] Loss: 0.72002
Epoch[97] Loss: 0.67001
Epoch[98] Loss: 0.79144
Epoch[99] Loss: 0.75237
Epoch[100] Loss: 0.60428
Training Results - Epoch: 100  Accuracy: 0.64220 Loss: 0.65808
Validation Results - Epoch: 100  Accuracy: 0.63936 Loss: 0.66041
Epoch[101] Loss: 0.69139
Epoch[102] Loss: 0.61262
Epoch[103] Loss: 0.65858
Epoch[104] Loss: 0.70675
Epoch[105] Loss: 0.62709
Epoch[106] Loss: 0.62554
Epoch[107] Loss: 0.64998
Epoch[108] Loss: 0.62023
Epoch[109] Loss: 0.67852
Epoch[110] Loss: 0.70812
Epoch[111] Loss: 0.64082
Epoch[112] Loss: 0.62889
Epoch[113] Loss: 0.63208
Epoch[114] Loss: 0.67294
Epoch[115] Loss: 0.65316
Epoch[116] Loss: 0.68891
Epoch[117] Loss: 0.58565
Epoch[118] Loss: 0.66665
Epoch[119] Loss: 0.59635
Epoch[120] Loss: 0.66653
Epoch[121] Loss: 0.67312
Epoch[122] Loss: 0.59150
Epoch[123] Loss: 0.70634
Epoch[124] Loss: 0.65868
Epoch[125] Loss: 0.60736
Training Results - Epoch: 125  Accuracy: 0.64220 Loss: 0.68021
Validation Results - Epoch: 125  Accuracy: 0.63936 Loss: 0.68333
Epoch[126] Loss: 0.67938
Epoch[127] Loss: 0.65047
Epoch[128] Loss: 0.67070
Epoch[129] Loss: 0.63526
Epoch[130] Loss: 0.53735
Epoch[131] Loss: 0.68512
Epoch[132] Loss: 0.69663
Epoch[133] Loss: 0.68205
Epoch[134] Loss: 0.61996
Epoch[135] Loss: 0.73111
Epoch[136] Loss: 0.61645
Epoch[137] Loss: 0.64822
Epoch[138] Loss: 0.63251
Epoch[139] Loss: 0.66827
Epoch[140] Loss: 0.63306
Epoch[141] Loss: 0.67944
Epoch[142] Loss: 0.65619
Epoch[143] Loss: 0.68074
Epoch[144] Loss: 0.66437
Epoch[145] Loss: 0.61190
Epoch[146] Loss: 0.78532
Epoch[147] Loss: 0.63592
Epoch[148] Loss: 0.67320
Epoch[149] Loss: 0.71783
Epoch[150] Loss: 0.64442
Training Results - Epoch: 150  Accuracy: 0.64220 Loss: 0.65215
Validation Results - Epoch: 150  Accuracy: 0.63936 Loss: 0.65379
Epoch[151] Loss: 0.69174
Epoch[152] Loss: 0.63017
Epoch[153] Loss: 0.67117
Epoch[154] Loss: 0.65319
Epoch[155] Loss: 0.63124
Epoch[156] Loss: 0.66782
Epoch[157] Loss: 0.65890
Epoch[158] Loss: 0.71856
Epoch[159] Loss: 0.61352
Epoch[160] Loss: 0.64723
Epoch[161] Loss: 0.61618
Epoch[162] Loss: 0.67881
Epoch[163] Loss: 0.66052
Epoch[164] Loss: 0.64252
Epoch[165] Loss: 0.60487
Epoch[166] Loss: 0.66478
Epoch[167] Loss: 0.58552
Epoch[168] Loss: 0.65565
Epoch[169] Loss: 0.64265
Epoch[170] Loss: 0.67175
Epoch[171] Loss: 0.71168
Epoch[172] Loss: 0.66112
Epoch[173] Loss: 0.62836
Epoch[174] Loss: 0.62304
Epoch[175] Loss: 0.68643
Training Results - Epoch: 175  Accuracy: 0.64220 Loss: 0.65651
Validation Results - Epoch: 175  Accuracy: 0.63936 Loss: 0.65763
Epoch[176] Loss: 0.61853
Epoch[177] Loss: 0.71009
Epoch[178] Loss: 0.60719
Epoch[179] Loss: 0.71098
Epoch[180] Loss: 0.66039
Epoch[181] Loss: 0.65242
Epoch[182] Loss: 0.57687
Epoch[183] Loss: 0.65716
Epoch[184] Loss: 0.69212
Epoch[185] Loss: 0.64632
Epoch[186] Loss: 0.60708
Epoch[187] Loss: 0.63979
Epoch[188] Loss: 0.63340
Epoch[189] Loss: 0.63161
Epoch[190] Loss: 0.61703
Epoch[191] Loss: 0.66785
Epoch[192] Loss: 0.69261
Epoch[193] Loss: 0.62815
Epoch[194] Loss: 0.65746
Epoch[195] Loss: 0.67939
Epoch[196] Loss: 0.72962
Epoch[197] Loss: 0.66488
Epoch[198] Loss: 0.65798
Epoch[199] Loss: 0.62819
Epoch[200] Loss: 0.68262
Training Results - Epoch: 200  Accuracy: 0.64220 Loss: 0.66375
Validation Results - Epoch: 200  Accuracy: 0.63936 Loss: 0.66452
Epoch[201] Loss: 0.72268
Epoch[202] Loss: 0.68654
Epoch[203] Loss: 0.65275
Epoch[204] Loss: 0.60682
Epoch[205] Loss: 0.67724
Epoch[206] Loss: 0.57223
Epoch[207] Loss: 0.62399
Epoch[208] Loss: 0.66152
Epoch[209] Loss: 0.65270
Epoch[210] Loss: 0.59527
Epoch[211] Loss: 0.63368
Epoch[212] Loss: 0.65537
Epoch[213] Loss: 0.67273
Epoch[214] Loss: 0.68283
Epoch[215] Loss: 0.62488
Epoch[216] Loss: 0.61926
Epoch[217] Loss: 0.66789
Epoch[218] Loss: 0.82195
Epoch[219] Loss: 0.64339
Epoch[220] Loss: 0.68838
Epoch[221] Loss: 0.63616
Epoch[222] Loss: 0.67379
Epoch[223] Loss: 0.62412
Epoch[224] Loss: 0.61832
Epoch[225] Loss: 0.72030
Training Results - Epoch: 225  Accuracy: 0.64220 Loss: 0.66757
Validation Results - Epoch: 225  Accuracy: 0.63936 Loss: 0.66820
Epoch[226] Loss: 0.65418
Epoch[227] Loss: 0.63800
Epoch[228] Loss: 0.69639
Epoch[229] Loss: 0.60158
Epoch[230] Loss: 0.67626
Epoch[231] Loss: 0.64941
Epoch[232] Loss: 0.57353
Epoch[233] Loss: 0.57523
Epoch[234] Loss: 0.62703
Epoch[235] Loss: 0.61063
Epoch[236] Loss: 0.69974
Epoch[237] Loss: 0.68850
Epoch[238] Loss: 0.50694
Epoch[239] Loss: 0.71500
Epoch[240] Loss: 0.74928
Epoch[241] Loss: 0.57061
Epoch[242] Loss: 0.70746
Epoch[243] Loss: 0.64615
Epoch[244] Loss: 0.62046
Epoch[245] Loss: 0.61933
Epoch[246] Loss: 0.62548
Epoch[247] Loss: 0.60063
Epoch[248] Loss: 0.69910
Epoch[249] Loss: 0.69807
Epoch[250] Loss: 0.59364
Training Results - Epoch: 250  Accuracy: 0.64220 Loss: 0.67029
Validation Results - Epoch: 250  Accuracy: 0.63936 Loss: 0.67312
Epoch[251] Loss: 0.63928
Epoch[252] Loss: 0.69223
Epoch[253] Loss: 0.61724
Epoch[254] Loss: 0.65132
Epoch[255] Loss: 0.66650
Epoch[256] Loss: 0.64470
Epoch[257] Loss: 0.71542
Epoch[258] Loss: 0.62029
Epoch[259] Loss: 0.60448
Epoch[260] Loss: 0.65109
Epoch[261] Loss: 0.62702
Epoch[262] Loss: 0.69608
Epoch[263] Loss: 0.63623
Epoch[264] Loss: 0.64157
Epoch[265] Loss: 0.68005
Epoch[266] Loss: 0.59311
Epoch[267] Loss: 0.66521
Epoch[268] Loss: 0.67634
Epoch[269] Loss: 0.53896
Epoch[270] Loss: 0.70348
Epoch[271] Loss: 0.61186
Epoch[272] Loss: 0.66396
Epoch[273] Loss: 0.68065
Epoch[274] Loss: 0.67486
Epoch[275] Loss: 0.64325
Training Results - Epoch: 275  Accuracy: 0.64220 Loss: 0.65388
Validation Results - Epoch: 275  Accuracy: 0.63936 Loss: 0.65590
Epoch[276] Loss: 0.63907
Epoch[277] Loss: 0.63607
Epoch[278] Loss: 0.65663
Epoch[279] Loss: 0.64791
Epoch[280] Loss: 0.64888
Epoch[281] Loss: 0.64014
Epoch[282] Loss: 0.63678
Epoch[283] Loss: 0.62604
Epoch[284] Loss: 0.59264
Epoch[285] Loss: 0.67519
Epoch[286] Loss: 0.68314
Epoch[287] Loss: 0.64928
Epoch[288] Loss: 0.64977
Epoch[289] Loss: 0.70950
Epoch[290] Loss: 0.60194
