starting
starting imports
done with imports
0.0 1.0000000000000036
train data shape (36500, 4096, 8)
test data shape (12167, 4096, 8)
Epoch[1] Loss: 0.67171
Epoch[2] Loss: 0.62727
Epoch[3] Loss: 0.65605
Epoch[4] Loss: 0.67987
Epoch[5] Loss: 0.70499
Epoch[6] Loss: 0.67237
Epoch[7] Loss: 0.63626
Epoch[8] Loss: 0.66446
Epoch[9] Loss: 0.66336
Epoch[10] Loss: 0.66995
Training Results - Epoch: 10  Accuracy: 0.64099 Loss: 0.65284
Validation Results - Epoch: 10  Accuracy: 0.64354 Loss: 0.65147
Epoch[11] Loss: 0.68605
Epoch[12] Loss: 0.64331
Epoch[13] Loss: 0.62988
Epoch[14] Loss: 0.66791
Epoch[15] Loss: 0.62957
Epoch[16] Loss: 0.63166
Epoch[17] Loss: 0.69033
Epoch[18] Loss: 0.65977
Epoch[19] Loss: 0.64210
Epoch[20] Loss: 0.65488
Training Results - Epoch: 20  Accuracy: 0.64099 Loss: 0.65284
Validation Results - Epoch: 20  Accuracy: 0.64354 Loss: 0.65143
Epoch[21] Loss: 0.64487
Epoch[22] Loss: 0.63761
Epoch[23] Loss: 0.62587
Epoch[24] Loss: 0.64464
Epoch[25] Loss: 0.62866
Epoch[26] Loss: 0.62057
Epoch[27] Loss: 0.65231
Epoch[28] Loss: 0.65618
Epoch[29] Loss: 0.65316
Epoch[30] Loss: 0.68196
Training Results - Epoch: 30  Accuracy: 0.64099 Loss: 0.65292
Validation Results - Epoch: 30  Accuracy: 0.64354 Loss: 0.65153
Epoch[31] Loss: 0.63997
Epoch[32] Loss: 0.67562
Epoch[33] Loss: 0.65618
Epoch[34] Loss: 0.62446
Epoch[35] Loss: 0.62437
Epoch[36] Loss: 0.67337
Epoch[37] Loss: 0.68792
Epoch[38] Loss: 0.66734
Epoch[39] Loss: 0.65952
Epoch[40] Loss: 0.61078
Training Results - Epoch: 40  Accuracy: 0.64099 Loss: 0.65289
Validation Results - Epoch: 40  Accuracy: 0.64354 Loss: 0.65146
Epoch[41] Loss: 0.61926
Epoch[42] Loss: 0.64876
Epoch[43] Loss: 0.68338
Epoch[44] Loss: 0.66388
Epoch[45] Loss: 0.63667
Epoch[46] Loss: 0.66108
Epoch[47] Loss: 0.67566
Epoch[48] Loss: 0.65607
Epoch[49] Loss: 0.67904
Epoch[50] Loss: 0.66778
Training Results - Epoch: 50  Accuracy: 0.64099 Loss: 0.65285
Validation Results - Epoch: 50  Accuracy: 0.64354 Loss: 0.65140
Epoch[51] Loss: 0.68671
Epoch[52] Loss: 0.59472
Epoch[53] Loss: 0.62471
Epoch[54] Loss: 0.73307
Epoch[55] Loss: 0.61517
Epoch[56] Loss: 0.66450
Epoch[57] Loss: 0.59922
Epoch[58] Loss: 0.66019
Epoch[59] Loss: 0.68535
Epoch[60] Loss: 0.64511
Training Results - Epoch: 60  Accuracy: 0.64099 Loss: 0.65296
Validation Results - Epoch: 60  Accuracy: 0.64354 Loss: 0.65156
Epoch[61] Loss: 0.64076
Epoch[62] Loss: 0.64836
Epoch[63] Loss: 0.64527
Epoch[64] Loss: 0.65618
Epoch[65] Loss: 0.67189
Epoch[66] Loss: 0.66834
Epoch[67] Loss: 0.67213
Epoch[68] Loss: 0.68068
Epoch[69] Loss: 0.69141
Epoch[70] Loss: 0.62893
Training Results - Epoch: 70  Accuracy: 0.64099 Loss: 0.65285
Validation Results - Epoch: 70  Accuracy: 0.64354 Loss: 0.65136
Epoch[71] Loss: 0.65237
Epoch[72] Loss: 0.62707
Epoch[73] Loss: 0.63744
Epoch[74] Loss: 0.66055
Epoch[75] Loss: 0.64058
Epoch[76] Loss: 0.68794
Epoch[77] Loss: 0.67201
Epoch[78] Loss: 0.66745
Epoch[79] Loss: 0.64840
Epoch[80] Loss: 0.62654
Training Results - Epoch: 80  Accuracy: 0.64099 Loss: 0.65296
Validation Results - Epoch: 80  Accuracy: 0.64354 Loss: 0.65155
Epoch[81] Loss: 0.66004
Epoch[82] Loss: 0.65621
Epoch[83] Loss: 0.66864
Epoch[84] Loss: 0.64715
Epoch[85] Loss: 0.64461
Epoch[86] Loss: 0.65238
Epoch[87] Loss: 0.66432
Epoch[88] Loss: 0.67668
Epoch[89] Loss: 0.63035
Epoch[90] Loss: 0.62215
Training Results - Epoch: 90  Accuracy: 0.64099 Loss: 0.65290
Validation Results - Epoch: 90  Accuracy: 0.64354 Loss: 0.65147
Epoch[91] Loss: 0.67579
Epoch[92] Loss: 0.64408
Epoch[93] Loss: 0.67199
Epoch[94] Loss: 0.69667
Epoch[95] Loss: 0.65619
Epoch[96] Loss: 0.62942
Epoch[97] Loss: 0.61743
Epoch[98] Loss: 0.65232
Epoch[99] Loss: 0.64447
Epoch[100] Loss: 0.64848
Training Results - Epoch: 100  Accuracy: 0.64099 Loss: 0.65285
Validation Results - Epoch: 100  Accuracy: 0.64354 Loss: 0.65139
Epoch[101] Loss: 0.63677
Epoch[102] Loss: 0.64110
Epoch[103] Loss: 0.65616
Epoch[104] Loss: 0.65625
Epoch[105] Loss: 0.66005
Epoch[106] Loss: 0.65620
Epoch[107] Loss: 0.63629
Epoch[108] Loss: 0.64452
Epoch[109] Loss: 0.67642
Epoch[110] Loss: 0.65232
Training Results - Epoch: 110  Accuracy: 0.64099 Loss: 0.65287
Validation Results - Epoch: 110  Accuracy: 0.64354 Loss: 0.65135
Epoch[111] Loss: 0.66398
Epoch[112] Loss: 0.64015
Epoch[113] Loss: 0.62478
Epoch[114] Loss: 0.66414
Epoch[115] Loss: 0.68693
Epoch[116] Loss: 0.60911
Epoch[117] Loss: 0.64835
Epoch[118] Loss: 0.69670
Epoch[119] Loss: 0.69588
Epoch[120] Loss: 0.67536
Training Results - Epoch: 120  Accuracy: 0.64099 Loss: 0.65286
Validation Results - Epoch: 120  Accuracy: 0.64354 Loss: 0.65140
Epoch[121] Loss: 0.68342
Epoch[122] Loss: 0.60178
Epoch[123] Loss: 0.63661
Epoch[124] Loss: 0.66444
Epoch[125] Loss: 0.69437
Epoch[126] Loss: 0.64442
Epoch[127] Loss: 0.66038
Epoch[128] Loss: 0.64829
Epoch[129] Loss: 0.66019
Epoch[130] Loss: 0.62630
Training Results - Epoch: 130  Accuracy: 0.64099 Loss: 0.65294
Validation Results - Epoch: 130  Accuracy: 0.64354 Loss: 0.65153
Epoch[131] Loss: 0.66776
Epoch[132] Loss: 0.65617
Epoch[133] Loss: 0.65634
Epoch[134] Loss: 0.64078
Epoch[135] Loss: 0.64852
Epoch[136] Loss: 0.67545
Epoch[137] Loss: 0.70190
Epoch[138] Loss: 0.68499
Epoch[139] Loss: 0.67581
Epoch[140] Loss: 0.67201
Training Results - Epoch: 140  Accuracy: 0.64099 Loss: 0.65285
Validation Results - Epoch: 140  Accuracy: 0.64354 Loss: 0.65136
Epoch[141] Loss: 0.66476
Epoch[142] Loss: 0.63275
Epoch[143] Loss: 0.66001
Epoch[144] Loss: 0.63687
Epoch[145] Loss: 0.64452
Epoch[146] Loss: 0.64871
Epoch[147] Loss: 0.67611
Epoch[148] Loss: 0.67558
Epoch[149] Loss: 0.66399
Epoch[150] Loss: 0.65635
Training Results - Epoch: 150  Accuracy: 0.64099 Loss: 0.65290
Validation Results - Epoch: 150  Accuracy: 0.64354 Loss: 0.65137
Epoch[151] Loss: 0.62867
Epoch[152] Loss: 0.65608
Epoch[153] Loss: 0.66016
Epoch[154] Loss: 0.68373
Epoch[155] Loss: 0.63849
Epoch[156] Loss: 0.64864
Epoch[157] Loss: 0.61336
Epoch[158] Loss: 0.65232
Epoch[159] Loss: 0.65232
Epoch[160] Loss: 0.61223
Training Results - Epoch: 160  Accuracy: 0.64099 Loss: 0.65288
Validation Results - Epoch: 160  Accuracy: 0.64354 Loss: 0.65136
Epoch[161] Loss: 0.69127
Epoch[162] Loss: 0.63684
Epoch[163] Loss: 0.64444
Epoch[164] Loss: 0.67203
Epoch[165] Loss: 0.63654
Epoch[166] Loss: 0.66008
Epoch[167] Loss: 0.65233
Epoch[168] Loss: 0.66006
Epoch[169] Loss: 0.66760
Epoch[170] Loss: 0.65244
Training Results - Epoch: 170  Accuracy: 0.64099 Loss: 0.65288
Validation Results - Epoch: 170  Accuracy: 0.64354 Loss: 0.65144
Epoch[171] Loss: 0.65230
Epoch[172] Loss: 0.63659
Epoch[173] Loss: 0.62108
Epoch[174] Loss: 0.65231
Epoch[175] Loss: 0.68830
Epoch[176] Loss: 0.67720
Epoch[177] Loss: 0.66430
Epoch[178] Loss: 0.68353
Epoch[179] Loss: 0.64451
Epoch[180] Loss: 0.64858
Training Results - Epoch: 180  Accuracy: 0.64099 Loss: 0.65287
Validation Results - Epoch: 180  Accuracy: 0.64354 Loss: 0.65143
Epoch[181] Loss: 0.67228
Epoch[182] Loss: 0.66017
Epoch[183] Loss: 0.66416
Epoch[184] Loss: 0.67491
Epoch[185] Loss: 0.65232
Epoch[186] Loss: 0.65658
Epoch[187] Loss: 0.64467
Epoch[188] Loss: 0.67576
Epoch[189] Loss: 0.66851
Epoch[190] Loss: 0.66791
Training Results - Epoch: 190  Accuracy: 0.64099 Loss: 0.65285
Validation Results - Epoch: 190  Accuracy: 0.64354 Loss: 0.65138
Epoch[191] Loss: 0.66014
Epoch[192] Loss: 0.64412
Epoch[193] Loss: 0.67617
Epoch[194] Loss: 0.63278
Epoch[195] Loss: 0.64431
Epoch[196] Loss: 0.65230
Epoch[197] Loss: 0.67222
Epoch[198] Loss: 0.68129
Epoch[199] Loss: 0.66029
Epoch[200] Loss: 0.71060
Training Results - Epoch: 200  Accuracy: 0.64099 Loss: 0.65286
Validation Results - Epoch: 200  Accuracy: 0.64354 Loss: 0.65140
Epoch[201] Loss: 0.69503
Epoch[202] Loss: 0.63604
Epoch[203] Loss: 0.67206
Epoch[204] Loss: 0.60941
Epoch[205] Loss: 0.66790
Epoch[206] Loss: 0.70305
Epoch[207] Loss: 0.65234
Epoch[208] Loss: 0.64833
Epoch[209] Loss: 0.65301
Epoch[210] Loss: 0.65217
Training Results - Epoch: 210  Accuracy: 0.64099 Loss: 0.65291
Validation Results - Epoch: 210  Accuracy: 0.64354 Loss: 0.65137
Epoch[211] Loss: 0.63311
Epoch[212] Loss: 0.67592
Epoch[213] Loss: 0.66047
Epoch[214] Loss: 0.67158
Epoch[215] Loss: 0.62523
Epoch[216] Loss: 0.67215
Epoch[217] Loss: 0.64847
Epoch[218] Loss: 0.65999
Epoch[219] Loss: 0.63266
Epoch[220] Loss: 0.66422
Training Results - Epoch: 220  Accuracy: 0.64099 Loss: 0.65285
Validation Results - Epoch: 220  Accuracy: 0.64354 Loss: 0.65135
Epoch[221] Loss: 0.64070
Epoch[222] Loss: 0.63351
Epoch[223] Loss: 0.65235
Epoch[224] Loss: 0.62113
Epoch[225] Loss: 0.69225
Epoch[226] Loss: 0.63341
Epoch[227] Loss: 0.64844
Epoch[228] Loss: 0.68097
Epoch[229] Loss: 0.66781
Epoch[230] Loss: 0.67130
Training Results - Epoch: 230  Accuracy: 0.64099 Loss: 0.65291
Validation Results - Epoch: 230  Accuracy: 0.64354 Loss: 0.65149
Epoch[231] Loss: 0.65232
Epoch[232] Loss: 0.68653
Epoch[233] Loss: 0.61333
Epoch[234] Loss: 0.65232
Epoch[235] Loss: 0.68711
Epoch[236] Loss: 0.62458
Epoch[237] Loss: 0.69345
Epoch[238] Loss: 0.65618
Epoch[239] Loss: 0.60848
Epoch[240] Loss: 0.61902
Training Results - Epoch: 240  Accuracy: 0.64099 Loss: 0.65294
Validation Results - Epoch: 240  Accuracy: 0.64354 Loss: 0.65153
Epoch[241] Loss: 0.66752
Epoch[242] Loss: 0.62574
Epoch[243] Loss: 0.69641
Epoch[244] Loss: 0.64831
Epoch[245] Loss: 0.68396
Epoch[246] Loss: 0.65616
Epoch[247] Loss: 0.63641
Epoch[248] Loss: 0.67996
Epoch[249] Loss: 0.68506
Epoch[250] Loss: 0.70154
Training Results - Epoch: 250  Accuracy: 0.64099 Loss: 0.65285
Validation Results - Epoch: 250  Accuracy: 0.64354 Loss: 0.65136
Epoch[251] Loss: 0.66916
Epoch[252] Loss: 0.68014
Epoch[253] Loss: 0.65232
Epoch[254] Loss: 0.64843
Epoch[255] Loss: 0.64438
Epoch[256] Loss: 0.67938
Epoch[257] Loss: 0.59097
Epoch[258] Loss: 0.68762
Epoch[259] Loss: 0.65240
Epoch[260] Loss: 0.69083
Training Results - Epoch: 260  Accuracy: 0.64099 Loss: 0.65287
Validation Results - Epoch: 260  Accuracy: 0.64354 Loss: 0.65142
Epoch[261] Loss: 0.67604
Epoch[262] Loss: 0.63216
Epoch[263] Loss: 0.69179
Epoch[264] Loss: 0.64100
Epoch[265] Loss: 0.66826
Epoch[266] Loss: 0.64834
Epoch[267] Loss: 0.69363
Epoch[268] Loss: 0.64465
Epoch[269] Loss: 0.64053
Epoch[270] Loss: 0.64076
Training Results - Epoch: 270  Accuracy: 0.64099 Loss: 0.65285
Validation Results - Epoch: 270  Accuracy: 0.64354 Loss: 0.65139
Epoch[271] Loss: 0.62989
Epoch[272] Loss: 0.63291
Epoch[273] Loss: 0.65232
Epoch[274] Loss: 0.63412
Epoch[275] Loss: 0.68494
Epoch[276] Loss: 0.66056
Epoch[277] Loss: 0.69502
Epoch[278] Loss: 0.66801
Epoch[279] Loss: 0.66399
Epoch[280] Loss: 0.65233
Training Results - Epoch: 280  Accuracy: 0.64099 Loss: 0.65285
Validation Results - Epoch: 280  Accuracy: 0.64354 Loss: 0.65136
Epoch[281] Loss: 0.65620
Epoch[282] Loss: 0.65230
Epoch[283] Loss: 0.64839
Epoch[284] Loss: 0.64067
Epoch[285] Loss: 0.64426
Epoch[286] Loss: 0.68424
Epoch[287] Loss: 0.63165
Epoch[288] Loss: 0.62877
Epoch[289] Loss: 0.66749
Epoch[290] Loss: 0.68680
Training Results - Epoch: 290  Accuracy: 0.64099 Loss: 0.65287
Validation Results - Epoch: 290  Accuracy: 0.64354 Loss: 0.65142
Epoch[291] Loss: 0.69140
Epoch[292] Loss: 0.64862
Epoch[293] Loss: 0.67191
Epoch[294] Loss: 0.65232
Epoch[295] Loss: 0.64433
Epoch[296] Loss: 0.67476
Epoch[297] Loss: 0.66375
Epoch[298] Loss: 0.67623
Epoch[299] Loss: 0.68705
Epoch[300] Loss: 0.65229
Training Results - Epoch: 300  Accuracy: 0.64099 Loss: 0.65285
