0.0 1.0000000000000036
train data shape (292002, 4096, 1)
test data shape (97334, 4096, 1)
Epoch[1] Loss: 0.68171
Epoch[2] Loss: 0.62869
Epoch[3] Loss: 0.65695
Epoch[4] Loss: 0.63824
Epoch[5] Loss: 0.64908
Epoch[6] Loss: 0.63883
Epoch[7] Loss: 0.67285
Epoch[8] Loss: 0.63466
Epoch[9] Loss: 0.65609
Epoch[10] Loss: 0.64118
Epoch[11] Loss: 0.67663
Epoch[12] Loss: 0.65594
Epoch[13] Loss: 0.66972
Epoch[14] Loss: 0.64878
Epoch[15] Loss: 0.66728
Epoch[16] Loss: 0.66627
Epoch[17] Loss: 0.63073
Epoch[18] Loss: 0.64872
Epoch[19] Loss: 0.61734
Epoch[20] Loss: 0.67998
Epoch[21] Loss: 0.67720
Epoch[22] Loss: 0.64260
Epoch[23] Loss: 0.68530
Epoch[24] Loss: 0.65225
Epoch[25] Loss: 0.67025
Training Results - Epoch: 25  Accuracy: 0.64181 Loss: 0.65237
Validation Results - Epoch: 25  Accuracy: 0.64055 Loss: 0.65310
Epoch[26] Loss: 0.64867
Epoch[27] Loss: 0.63383
Epoch[28] Loss: 0.65958
Epoch[29] Loss: 0.66620
Epoch[30] Loss: 0.68459
Epoch[31] Loss: 0.63711
Epoch[32] Loss: 0.67876
Epoch[33] Loss: 0.61727
Epoch[34] Loss: 0.63467
Epoch[35] Loss: 0.67735
Epoch[36] Loss: 0.66312
Epoch[37] Loss: 0.64217
Epoch[38] Loss: 0.67448
Epoch[39] Loss: 0.63827
Epoch[40] Loss: 0.63097
Epoch[41] Loss: 0.66605
Epoch[42] Loss: 0.62753
Epoch[43] Loss: 0.66324
Epoch[44] Loss: 0.62338
Epoch[45] Loss: 0.64534
Epoch[46] Loss: 0.65252
Epoch[47] Loss: 0.66324
Epoch[48] Loss: 0.63699
Epoch[49] Loss: 0.65970
Epoch[50] Loss: 0.63769
Training Results - Epoch: 50  Accuracy: 0.64181 Loss: 0.65237
Validation Results - Epoch: 50  Accuracy: 0.64055 Loss: 0.65311
Epoch[51] Loss: 0.67915
Epoch[52] Loss: 0.63914
Epoch[53] Loss: 0.64895
Epoch[54] Loss: 0.69793
Epoch[55] Loss: 0.67001
Epoch[56] Loss: 0.67336
Epoch[57] Loss: 0.65619
Epoch[58] Loss: 0.63087
Epoch[59] Loss: 0.65959
Epoch[60] Loss: 0.65206
Epoch[61] Loss: 0.67246
Epoch[62] Loss: 0.68095
Epoch[63] Loss: 0.62929
Epoch[64] Loss: 0.65983
Epoch[65] Loss: 0.65236
Epoch[66] Loss: 0.71751
Epoch[67] Loss: 0.65614
Epoch[68] Loss: 0.68149
Epoch[69] Loss: 0.68045
Epoch[70] Loss: 0.65575
Epoch[71] Loss: 0.65964
Epoch[72] Loss: 0.67037
Epoch[73] Loss: 0.63782
Epoch[74] Loss: 0.63509
Epoch[75] Loss: 0.64131
Training Results - Epoch: 75  Accuracy: 0.64181 Loss: 0.65242
Validation Results - Epoch: 75  Accuracy: 0.64055 Loss: 0.65319
Epoch[76] Loss: 0.65600
Epoch[77] Loss: 0.67389
Epoch[78] Loss: 0.65901
Epoch[79] Loss: 0.62135
Epoch[80] Loss: 0.62736
Epoch[81] Loss: 0.64872
Epoch[82] Loss: 0.63752
Epoch[83] Loss: 0.65909
Epoch[84] Loss: 0.62056
Epoch[85] Loss: 0.66304
Epoch[86] Loss: 0.65262
Epoch[87] Loss: 0.68379
Epoch[88] Loss: 0.62276
Epoch[89] Loss: 0.68189
Epoch[90] Loss: 0.68128
Epoch[91] Loss: 0.63487
Epoch[92] Loss: 0.66617
Epoch[93] Loss: 0.61909
Epoch[94] Loss: 0.64182
Epoch[95] Loss: 0.64859
Epoch[96] Loss: 0.65211
Epoch[97] Loss: 0.64489
Epoch[98] Loss: 0.64845
Epoch[99] Loss: 0.63390
Epoch[100] Loss: 0.65580
Training Results - Epoch: 100  Accuracy: 0.64181 Loss: 0.65243
Validation Results - Epoch: 100  Accuracy: 0.64055 Loss: 0.65320
Epoch[101] Loss: 0.67394
Epoch[102] Loss: 0.70126
Epoch[103] Loss: 0.61098
Epoch[104] Loss: 0.66008
Epoch[105] Loss: 0.65649
Epoch[106] Loss: 0.60649
Epoch[107] Loss: 0.65602
Epoch[108] Loss: 0.62746
Epoch[109] Loss: 0.66624
Epoch[110] Loss: 0.63098
Epoch[111] Loss: 0.61685
Epoch[112] Loss: 0.64865
Epoch[113] Loss: 0.66698
Epoch[114] Loss: 0.64518
Epoch[115] Loss: 0.67395
Epoch[116] Loss: 0.66647
Epoch[117] Loss: 0.64111
Epoch[118] Loss: 0.68138
Epoch[119] Loss: 0.66999
Epoch[120] Loss: 0.70848
Epoch[121] Loss: 0.66272
Epoch[122] Loss: 0.65532
Epoch[123] Loss: 0.61641
Epoch[124] Loss: 0.66665
Epoch[125] Loss: 0.65623
Training Results - Epoch: 125  Accuracy: 0.64181 Loss: 0.65238
Validation Results - Epoch: 125  Accuracy: 0.64055 Loss: 0.65310
Epoch[126] Loss: 0.69640
Epoch[127] Loss: 0.65251
Epoch[128] Loss: 0.68336
Epoch[129] Loss: 0.63378
Epoch[130] Loss: 0.64871
Epoch[131] Loss: 0.63767
Epoch[132] Loss: 0.64569
Epoch[133] Loss: 0.65653
Epoch[134] Loss: 0.65576
Epoch[135] Loss: 0.68409
Epoch[136] Loss: 0.66668
Epoch[137] Loss: 0.68385
Epoch[138] Loss: 0.67887
Epoch[139] Loss: 0.67802
Epoch[140] Loss: 0.65612
Epoch[141] Loss: 0.63772
Epoch[142] Loss: 0.66633
Epoch[143] Loss: 0.66306
Epoch[144] Loss: 0.65598
Epoch[145] Loss: 0.67118
Epoch[146] Loss: 0.63088
Epoch[147] Loss: 0.63519
Epoch[148] Loss: 0.62635
Epoch[149] Loss: 0.65941
Epoch[150] Loss: 0.65204
Training Results - Epoch: 150  Accuracy: 0.64181 Loss: 0.65238
Validation Results - Epoch: 150  Accuracy: 0.64055 Loss: 0.65310
Epoch[151] Loss: 0.65939
Epoch[152] Loss: 0.69682
Epoch[153] Loss: 0.66658
Epoch[154] Loss: 0.63767
Epoch[155] Loss: 0.63530
Epoch[156] Loss: 0.69996
Epoch[157] Loss: 0.65553
Epoch[158] Loss: 0.67036
Epoch[159] Loss: 0.67715
Epoch[160] Loss: 0.68730
Epoch[161] Loss: 0.65632
Epoch[162] Loss: 0.65190
Epoch[163] Loss: 0.63671
Epoch[164] Loss: 0.66662
Epoch[165] Loss: 0.69847
Epoch[166] Loss: 0.65234
Epoch[167] Loss: 0.65547
Epoch[168] Loss: 0.66706
Epoch[169] Loss: 0.65918
Epoch[170] Loss: 0.67397
Epoch[171] Loss: 0.63448
Epoch[172] Loss: 0.63092
Epoch[173] Loss: 0.67950
Epoch[174] Loss: 0.64851
Epoch[175] Loss: 0.66313
Training Results - Epoch: 175  Accuracy: 0.64181 Loss: 0.65242
Validation Results - Epoch: 175  Accuracy: 0.64055 Loss: 0.65318
Epoch[176] Loss: 0.63441
Epoch[177] Loss: 0.65214
Epoch[178] Loss: 0.67109
Epoch[179] Loss: 0.64540
Epoch[180] Loss: 0.65978
Epoch[181] Loss: 0.68615
Epoch[182] Loss: 0.68517
Epoch[183] Loss: 0.67079
Epoch[184] Loss: 0.65217
Epoch[185] Loss: 0.62711
Epoch[186] Loss: 0.65603
Epoch[187] Loss: 0.60005
Epoch[188] Loss: 0.67831
Epoch[189] Loss: 0.63855
Epoch[190] Loss: 0.63787
Epoch[191] Loss: 0.65618
Epoch[192] Loss: 0.65574
Epoch[193] Loss: 0.64481
Epoch[194] Loss: 0.66650
Epoch[195] Loss: 0.65240
Epoch[196] Loss: 0.67295
Epoch[197] Loss: 0.63778
Epoch[198] Loss: 0.65958
Epoch[199] Loss: 0.64183
Epoch[200] Loss: 0.64841
Training Results - Epoch: 200  Accuracy: 0.64181 Loss: 0.65241
Validation Results - Epoch: 200  Accuracy: 0.64055 Loss: 0.65312
Epoch[201] Loss: 0.67402
Epoch[202] Loss: 0.64108
Epoch[203] Loss: 0.65571
Epoch[204] Loss: 0.60859
Epoch[205] Loss: 0.63094
Epoch[206] Loss: 0.64511
Epoch[207] Loss: 0.61746
Epoch[208] Loss: 0.62269
Epoch[209] Loss: 0.64481
Epoch[210] Loss: 0.63893
Epoch[211] Loss: 0.64926
Epoch[212] Loss: 0.65569
Epoch[213] Loss: 0.65286
Epoch[214] Loss: 0.65597
Epoch[215] Loss: 0.64468
Epoch[216] Loss: 0.66679
Epoch[217] Loss: 0.67023
Epoch[218] Loss: 0.66301
Epoch[219] Loss: 0.66372
Epoch[220] Loss: 0.65924
Epoch[221] Loss: 0.63740
Epoch[222] Loss: 0.68091
Epoch[223] Loss: 0.65919
Epoch[224] Loss: 0.63801
Epoch[225] Loss: 0.67190
Training Results - Epoch: 225  Accuracy: 0.64181 Loss: 0.65264
Validation Results - Epoch: 225  Accuracy: 0.64055 Loss: 0.65344
Epoch[226] Loss: 0.66339
Epoch[227] Loss: 0.65613
Epoch[228] Loss: 0.68257
Epoch[229] Loss: 0.65241
Epoch[230] Loss: 0.64095
Epoch[231] Loss: 0.65907
Epoch[232] Loss: 0.65250
Epoch[233] Loss: 0.63852
Epoch[234] Loss: 0.66601
Epoch[235] Loss: 0.68197
Epoch[236] Loss: 0.63751
Epoch[237] Loss: 0.66722
Epoch[238] Loss: 0.65591
Epoch[239] Loss: 0.62995
Epoch[240] Loss: 0.65242
Epoch[241] Loss: 0.64553
Epoch[242] Loss: 0.65267
Epoch[243] Loss: 0.62240
Epoch[244] Loss: 0.64868
Epoch[245] Loss: 0.64515
Epoch[246] Loss: 0.67021
Epoch[247] Loss: 0.63727
Epoch[248] Loss: 0.64114
Epoch[249] Loss: 0.66345
Epoch[250] Loss: 0.64092
Training Results - Epoch: 250  Accuracy: 0.64181 Loss: 0.65237
Validation Results - Epoch: 250  Accuracy: 0.64055 Loss: 0.65310
Epoch[251] Loss: 0.64192
Epoch[252] Loss: 0.65965
Epoch[253] Loss: 0.63709
Epoch[254] Loss: 0.65195
Epoch[255] Loss: 0.65241
Epoch[256] Loss: 0.69071
Epoch[257] Loss: 0.63414
Epoch[258] Loss: 0.64130
Epoch[259] Loss: 0.67742
Epoch[260] Loss: 0.60453
Epoch[261] Loss: 0.63147
Epoch[262] Loss: 0.62392
Epoch[263] Loss: 0.62353
Epoch[264] Loss: 0.70411
Epoch[265] Loss: 0.68835
Epoch[266] Loss: 0.64871
Epoch[267] Loss: 0.71277
Epoch[268] Loss: 0.65557
Epoch[269] Loss: 0.64614
Epoch[270] Loss: 0.66949
Epoch[271] Loss: 0.65602
Epoch[272] Loss: 0.67203
Epoch[273] Loss: 0.61657
Epoch[274] Loss: 0.64853
Epoch[275] Loss: 0.67265
Training Results - Epoch: 275  Accuracy: 0.64181 Loss: 0.65246
Validation Results - Epoch: 275  Accuracy: 0.64055 Loss: 0.65316
Epoch[276] Loss: 0.65215
Epoch[277] Loss: 0.64871
Epoch[278] Loss: 0.62287
Epoch[279] Loss: 0.66681
Epoch[280] Loss: 0.65583
Epoch[281] Loss: 0.68679
Epoch[282] Loss: 0.69282
Epoch[283] Loss: 0.63096
Epoch[284] Loss: 0.66240
Epoch[285] Loss: 0.64552
Epoch[286] Loss: 0.65213
Epoch[287] Loss: 0.64826
Epoch[288] Loss: 0.64861
Epoch[289] Loss: 0.64550
Epoch[290] Loss: 0.65251
Epoch[291] Loss: 0.65608
Epoch[292] Loss: 0.65600
Epoch[293] Loss: 0.63813
Epoch[294] Loss: 0.65953
Epoch[295] Loss: 0.65219
Epoch[296] Loss: 0.64191
Epoch[297] Loss: 0.66303
Epoch[298] Loss: 0.67894
Epoch[299] Loss: 0.62788
Epoch[300] Loss: 0.66611
Training Results - Epoch: 300  Accuracy: 0.64181 Loss: 0.65236
Validation Results - Epoch: 300  Accuracy: 0.64055 Loss: 0.65310
Epoch[301] Loss: 0.70666
Epoch[302] Loss: 0.69244
Epoch[303] Loss: 0.65572
Epoch[304] Loss: 0.62510
Epoch[305] Loss: 0.63799
Epoch[306] Loss: 0.64874
Epoch[307] Loss: 0.63813
Epoch[308] Loss: 0.64541
Epoch[309] Loss: 0.66655
Epoch[310] Loss: 0.65615
Epoch[311] Loss: 0.67302
Epoch[312] Loss: 0.65982
Epoch[313] Loss: 0.63292
Epoch[314] Loss: 0.64493
Epoch[315] Loss: 0.63457
Epoch[316] Loss: 0.62792
Epoch[317] Loss: 0.64872
Epoch[318] Loss: 0.65637
Epoch[319] Loss: 0.64879
Epoch[320] Loss: 0.65261
Epoch[321] Loss: 0.65669
Epoch[322] Loss: 0.60389
Epoch[323] Loss: 0.63769
Epoch[324] Loss: 0.66232
Epoch[325] Loss: 0.66223
Training Results - Epoch: 325  Accuracy: 0.64181 Loss: 0.65248
Validation Results - Epoch: 325  Accuracy: 0.64055 Loss: 0.65318
Epoch[326] Loss: 0.65971
Epoch[327] Loss: 0.64876
Epoch[328] Loss: 0.65636
Epoch[329] Loss: 0.68362
Epoch[330] Loss: 0.65274
Epoch[331] Loss: 0.64853
Epoch[332] Loss: 0.68433
Epoch[333] Loss: 0.68593
Epoch[334] Loss: 0.66367
Epoch[335] Loss: 0.63060
Epoch[336] Loss: 0.66641
Epoch[337] Loss: 0.62638
Epoch[338] Loss: 0.69632
Epoch[339] Loss: 0.65936
Epoch[340] Loss: 0.64913
Epoch[341] Loss: 0.64571
Epoch[342] Loss: 0.65182
Epoch[343] Loss: 0.64133
Epoch[344] Loss: 0.63723
Epoch[345] Loss: 0.65885
Epoch[346] Loss: 0.64896
Epoch[347] Loss: 0.64123
Epoch[348] Loss: 0.65975
Epoch[349] Loss: 0.65525
Epoch[350] Loss: 0.62718
Training Results - Epoch: 350  Accuracy: 0.64181 Loss: 0.65236
Validation Results - Epoch: 350  Accuracy: 0.64055 Loss: 0.65309
Epoch[351] Loss: 0.66630
Epoch[352] Loss: 0.61029
Epoch[353] Loss: 0.63013
Epoch[354] Loss: 0.67073
Epoch[355] Loss: 0.61634
Epoch[356] Loss: 0.65990
Epoch[357] Loss: 0.67003
Epoch[358] Loss: 0.62405
Epoch[359] Loss: 0.63395
Epoch[360] Loss: 0.63109
Epoch[361] Loss: 0.62294
Epoch[362] Loss: 0.68803
Epoch[363] Loss: 0.64425
Epoch[364] Loss: 0.66727
Epoch[365] Loss: 0.64522
Epoch[366] Loss: 0.69727
Epoch[367] Loss: 0.65956
Epoch[368] Loss: 0.63773
Epoch[369] Loss: 0.66665
Epoch[370] Loss: 0.62139
Epoch[371] Loss: 0.63486
Epoch[372] Loss: 0.65240
Epoch[373] Loss: 0.68112
Epoch[374] Loss: 0.65950
Epoch[375] Loss: 0.60099
Training Results - Epoch: 375  Accuracy: 0.64181 Loss: 0.65238
Validation Results - Epoch: 375  Accuracy: 0.64055 Loss: 0.65313
Epoch[376] Loss: 0.65602
Epoch[377] Loss: 0.67075
Epoch[378] Loss: 0.64092
Epoch[379] Loss: 0.66614
Epoch[380] Loss: 0.61427
Epoch[381] Loss: 0.63095
Epoch[382] Loss: 0.64904
Epoch[383] Loss: 0.64927
Epoch[384] Loss: 0.68367
Epoch[385] Loss: 0.64156
Epoch[386] Loss: 0.68058
Epoch[387] Loss: 0.63734
Epoch[388] Loss: 0.65557
Epoch[389] Loss: 0.68626
Epoch[390] Loss: 0.66674
Epoch[391] Loss: 0.66295
Epoch[392] Loss: 0.68650
Epoch[393] Loss: 0.62832
Epoch[394] Loss: 0.60237
Epoch[395] Loss: 0.62330
Epoch[396] Loss: 0.65247
Epoch[397] Loss: 0.65594
Epoch[398] Loss: 0.67264
Epoch[399] Loss: 0.65922
Epoch[400] Loss: 0.67972
Training Results - Epoch: 400  Accuracy: 0.64181 Loss: 0.65243
Validation Results - Epoch: 400  Accuracy: 0.64055 Loss: 0.65314
Epoch[401] Loss: 0.62456
Epoch[402] Loss: 0.64850
Epoch[403] Loss: 0.66370
Epoch[404] Loss: 0.62646
Epoch[405] Loss: 0.65557
Epoch[406] Loss: 0.70822
Epoch[407] Loss: 0.66600
Epoch[408] Loss: 0.65203
Epoch[409] Loss: 0.69182
Epoch[410] Loss: 0.67262
Epoch[411] Loss: 0.67743
Epoch[412] Loss: 0.69617
Epoch[413] Loss: 0.68055
Epoch[414] Loss: 0.65251
Epoch[415] Loss: 0.68426
Epoch[416] Loss: 0.68521
Epoch[417] Loss: 0.65963
Epoch[418] Loss: 0.65936
Epoch[419] Loss: 0.69162
Epoch[420] Loss: 0.64945
Epoch[421] Loss: 0.64548
Epoch[422] Loss: 0.66945
Epoch[423] Loss: 0.67760
Epoch[424] Loss: 0.70246
Epoch[425] Loss: 0.64893
Training Results - Epoch: 425  Accuracy: 0.64181 Loss: 0.65237
Validation Results - Epoch: 425  Accuracy: 0.64055 Loss: 0.65312
Epoch[426] Loss: 0.69962
Epoch[427] Loss: 0.65234
Epoch[428] Loss: 0.65211
Epoch[429] Loss: 0.66006
Epoch[430] Loss: 0.65541
Epoch[431] Loss: 0.64466
Epoch[432] Loss: 0.68710
Epoch[433] Loss: 0.60023
Epoch[434] Loss: 0.70187
Epoch[435] Loss: 0.65614
Epoch[436] Loss: 0.65324
Epoch[437] Loss: 0.65966
Epoch[438] Loss: 0.69553
Epoch[439] Loss: 0.63127
Epoch[440] Loss: 0.65246
Epoch[441] Loss: 0.68864
Epoch[442] Loss: 0.62959
Epoch[443] Loss: 0.63146
Epoch[444] Loss: 0.69517
Epoch[445] Loss: 0.66030
Epoch[446] Loss: 0.68612
Epoch[447] Loss: 0.64542
Epoch[448] Loss: 0.70202
Epoch[449] Loss: 0.65149
Epoch[450] Loss: 0.63045
Training Results - Epoch: 450  Accuracy: 0.64181 Loss: 0.65236
Validation Results - Epoch: 450  Accuracy: 0.64055 Loss: 0.65309
Epoch[451] Loss: 0.63341
Epoch[452] Loss: 0.64532
Epoch[453] Loss: 0.63707
Epoch[454] Loss: 0.63697
Epoch[455] Loss: 0.68052
Epoch[456] Loss: 0.61930
Epoch[457] Loss: 0.61918
Epoch[458] Loss: 0.63100
Epoch[459] Loss: 0.66691
Epoch[460] Loss: 0.68406
Epoch[461] Loss: 0.62965
Epoch[462] Loss: 0.61276
Epoch[463] Loss: 0.65179
Epoch[464] Loss: 0.67343
Epoch[465] Loss: 0.66665
Epoch[466] Loss: 0.64924
Epoch[467] Loss: 0.65218
Epoch[468] Loss: 0.65194
Epoch[469] Loss: 0.65614
Epoch[470] Loss: 0.65919
Epoch[471] Loss: 0.65596
Epoch[472] Loss: 0.67581
Epoch[473] Loss: 0.61404
Epoch[474] Loss: 0.64966
Epoch[475] Loss: 0.65581
Training Results - Epoch: 475  Accuracy: 0.64181 Loss: 0.65238
Validation Results - Epoch: 475  Accuracy: 0.64055 Loss: 0.65313
Epoch[476] Loss: 0.63732
Epoch[477] Loss: 0.63908
Epoch[478] Loss: 0.65528
Epoch[479] Loss: 0.66649
Epoch[480] Loss: 0.64887
Epoch[481] Loss: 0.64545
Epoch[482] Loss: 0.64880
Epoch[483] Loss: 0.63074
Epoch[484] Loss: 0.63762
Epoch[485] Loss: 0.67075
Epoch[486] Loss: 0.65237
Epoch[487] Loss: 0.65596
Epoch[488] Loss: 0.65887
Epoch[489] Loss: 0.65179
Epoch[490] Loss: 0.65256
Epoch[491] Loss: 0.67453
Epoch[492] Loss: 0.67762
Epoch[493] Loss: 0.65601
Epoch[494] Loss: 0.67292
Epoch[495] Loss: 0.62339
Epoch[496] Loss: 0.65957
Epoch[497] Loss: 0.70836
Epoch[498] Loss: 0.65998
Epoch[499] Loss: 0.63828
Epoch[500] Loss: 0.64475
Training Results - Epoch: 500  Accuracy: 0.64181 Loss: 0.65240
Validation Results - Epoch: 500  Accuracy: 0.64055 Loss: 0.65315
Epoch[501] Loss: 0.63524
Epoch[502] Loss: 0.64180
Epoch[503] Loss: 0.62689
Epoch[504] Loss: 0.63776
Epoch[505] Loss: 0.64821
Epoch[506] Loss: 0.68539
Epoch[507] Loss: 0.65991
Epoch[508] Loss: 0.61244
Epoch[509] Loss: 0.63822
Epoch[510] Loss: 0.63208
Epoch[511] Loss: 0.64827
Epoch[512] Loss: 0.64924
Epoch[513] Loss: 0.64422
Epoch[514] Loss: 0.65578
Epoch[515] Loss: 0.64835
Epoch[516] Loss: 0.66304
Epoch[517] Loss: 0.65982
Epoch[518] Loss: 0.63791
Epoch[519] Loss: 0.67034
Epoch[520] Loss: 0.64193
Epoch[521] Loss: 0.65193
Epoch[522] Loss: 0.61972
Epoch[523] Loss: 0.65599
Epoch[524] Loss: 0.68294
Epoch[525] Loss: 0.63452
Training Results - Epoch: 525  Accuracy: 0.64181 Loss: 0.65236
Validation Results - Epoch: 525  Accuracy: 0.64055 Loss: 0.65310
Epoch[526] Loss: 0.65614
Epoch[527] Loss: 0.62049
Epoch[528] Loss: 0.65946
Epoch[529] Loss: 0.64180
Epoch[530] Loss: 0.68152
Epoch[531] Loss: 0.63466
Epoch[532] Loss: 0.62444
Epoch[533] Loss: 0.64124
Epoch[534] Loss: 0.66266
Epoch[535] Loss: 0.64167
Epoch[536] Loss: 0.62686
Epoch[537] Loss: 0.63356
Epoch[538] Loss: 0.64447
Epoch[539] Loss: 0.67784
Epoch[540] Loss: 0.69960
Epoch[541] Loss: 0.70595
Epoch[542] Loss: 0.63031
Epoch[543] Loss: 0.65568
Epoch[544] Loss: 0.66956
Epoch[545] Loss: 0.67669
Epoch[546] Loss: 0.70803
Epoch[547] Loss: 0.65224
Epoch[548] Loss: 0.66244
Epoch[549] Loss: 0.66996
Epoch[550] Loss: 0.68110
Training Results - Epoch: 550  Accuracy: 0.64181 Loss: 0.65236
Validation Results - Epoch: 550  Accuracy: 0.64055 Loss: 0.65310
Epoch[551] Loss: 0.67121
Epoch[552] Loss: 0.68750
Epoch[553] Loss: 0.65958
Epoch[554] Loss: 0.62393
Epoch[555] Loss: 0.62328
Epoch[556] Loss: 0.60861
Epoch[557] Loss: 0.66781
Epoch[558] Loss: 0.65258
Epoch[559] Loss: 0.66679
Epoch[560] Loss: 0.68452
Epoch[561] Loss: 0.67416
Epoch[562] Loss: 0.64465
Epoch[563] Loss: 0.61621
Epoch[564] Loss: 0.63796
Epoch[565] Loss: 0.67482
Epoch[566] Loss: 0.63337
Epoch[567] Loss: 0.63718
Epoch[568] Loss: 0.65923
Epoch[569] Loss: 0.64200
Epoch[570] Loss: 0.65218
Epoch[571] Loss: 0.63333
Epoch[572] Loss: 0.65642
Epoch[573] Loss: 0.65632
Epoch[574] Loss: 0.64528
Epoch[575] Loss: 0.64809
Training Results - Epoch: 575  Accuracy: 0.64181 Loss: 0.65239
Validation Results - Epoch: 575  Accuracy: 0.64055 Loss: 0.65310
Epoch[576] Loss: 0.65994
Epoch[577] Loss: 0.63483
Epoch[578] Loss: 0.63786
Epoch[579] Loss: 0.63821
Epoch[580] Loss: 0.66288
Epoch[581] Loss: 0.63820
Epoch[582] Loss: 0.64880
Epoch[583] Loss: 0.65264
Epoch[584] Loss: 0.65902
Epoch[585] Loss: 0.66689
Epoch[586] Loss: 0.62300
Epoch[587] Loss: 0.64833
Epoch[588] Loss: 0.64152
Epoch[589] Loss: 0.64175
Epoch[590] Loss: 0.65956
Epoch[591] Loss: 0.63791
Epoch[592] Loss: 0.64166
Epoch[593] Loss: 0.67041
Epoch[594] Loss: 0.64501
Epoch[595] Loss: 0.60736
Epoch[596] Loss: 0.63413
Epoch[597] Loss: 0.65248
Epoch[598] Loss: 0.69391
Epoch[599] Loss: 0.64084
Epoch[600] Loss: 0.62718
Training Results - Epoch: 600  Accuracy: 0.64181 Loss: 0.65236
Validation Results - Epoch: 600  Accuracy: 0.64055 Loss: 0.65309
Epoch[601] Loss: 0.67742
Epoch[602] Loss: 0.67400
Epoch[603] Loss: 0.70030
Epoch[604] Loss: 0.67033
Epoch[605] Loss: 0.65600
Epoch[606] Loss: 0.65238
Epoch[607] Loss: 0.65546
Epoch[608] Loss: 0.64932
Epoch[609] Loss: 0.66027
