train data shape (292002, 4096, 1)
test data shape (97334, 4096, 1)
Epoch[1] Loss: 0.64179
Epoch[2] Loss: 0.65836
Epoch[3] Loss: 0.62957
Epoch[4] Loss: 0.60561
Epoch[5] Loss: 0.61778
Epoch[6] Loss: 0.61870
Epoch[7] Loss: 0.68964
Epoch[8] Loss: 0.63002
Epoch[9] Loss: 0.63809
Epoch[10] Loss: 0.66769
Epoch[11] Loss: 0.67483
Epoch[12] Loss: 0.65519
Epoch[13] Loss: 0.66551
Epoch[14] Loss: 0.64268
Epoch[15] Loss: 0.57282
Epoch[16] Loss: 0.62455
Epoch[17] Loss: 0.61531
Epoch[18] Loss: 0.64314
Epoch[19] Loss: 0.68437
Epoch[20] Loss: 0.67455
Epoch[21] Loss: 0.63064
Epoch[22] Loss: 0.63072
Epoch[23] Loss: 0.66494
Epoch[24] Loss: 0.69859
Epoch[25] Loss: 0.60395
Training Results - Epoch: 25  Accuracy: 0.64088 Loss: 0.65319
Validation Results - Epoch: 25  Accuracy: 0.64334 Loss: 0.65189
Epoch[26] Loss: 0.64987
Epoch[27] Loss: 0.64002
Epoch[28] Loss: 0.65707
Epoch[29] Loss: 0.67446
Epoch[30] Loss: 0.58825
Epoch[31] Loss: 0.66484
Epoch[32] Loss: 0.62975
Epoch[33] Loss: 0.57771
Epoch[34] Loss: 0.64328
Epoch[35] Loss: 0.64332
Epoch[36] Loss: 0.69277
Epoch[37] Loss: 0.71699
Epoch[38] Loss: 0.67676
Epoch[39] Loss: 0.65260
Epoch[40] Loss: 0.63197
Epoch[41] Loss: 0.59835
Epoch[42] Loss: 0.63262
Epoch[43] Loss: 0.65312
Epoch[44] Loss: 0.59835
Epoch[45] Loss: 0.60353
Epoch[46] Loss: 0.66719
Epoch[47] Loss: 0.67839
Epoch[48] Loss: 0.61435
Epoch[49] Loss: 0.65231
Epoch[50] Loss: 0.65299
Training Results - Epoch: 50  Accuracy: 0.64088 Loss: 0.65294
Validation Results - Epoch: 50  Accuracy: 0.64334 Loss: 0.65155
Epoch[51] Loss: 0.61806
Epoch[52] Loss: 0.63009
Epoch[53] Loss: 0.66507
Epoch[54] Loss: 0.59350
Epoch[55] Loss: 0.67269
Epoch[56] Loss: 0.68970
Epoch[57] Loss: 0.64515
Epoch[58] Loss: 0.58751
Epoch[59] Loss: 0.65197
Epoch[60] Loss: 0.66505
Epoch[61] Loss: 0.64229
Epoch[62] Loss: 0.61647
Epoch[63] Loss: 0.65195
Epoch[64] Loss: 0.65286
Epoch[65] Loss: 0.69767
Epoch[66] Loss: 0.59445
Epoch[67] Loss: 0.69054
Epoch[68] Loss: 0.66514
Epoch[69] Loss: 0.58072
Epoch[70] Loss: 0.65363
Epoch[71] Loss: 0.59656
Epoch[72] Loss: 0.69981
Epoch[73] Loss: 0.66409
Epoch[74] Loss: 0.57260
Epoch[75] Loss: 0.66285
Training Results - Epoch: 75  Accuracy: 0.64088 Loss: 0.65299
Validation Results - Epoch: 75  Accuracy: 0.64334 Loss: 0.65163
Epoch[76] Loss: 0.61751
Epoch[77] Loss: 0.60884
Epoch[78] Loss: 0.67790
Epoch[79] Loss: 0.67728
Epoch[80] Loss: 0.64200
Epoch[81] Loss: 0.68496
Epoch[82] Loss: 0.66407
Epoch[83] Loss: 0.64236
Epoch[84] Loss: 0.59278
Epoch[85] Loss: 0.64270
Epoch[86] Loss: 0.55879
Epoch[87] Loss: 0.65260
Epoch[88] Loss: 0.61788
Epoch[89] Loss: 0.67667
Epoch[90] Loss: 0.60788
Epoch[91] Loss: 0.64239
Epoch[92] Loss: 0.64441
Epoch[93] Loss: 0.70039
Epoch[94] Loss: 0.60924
Epoch[95] Loss: 0.65507
Epoch[96] Loss: 0.69859
Epoch[97] Loss: 0.68917
Epoch[98] Loss: 0.66402
Epoch[99] Loss: 0.65298
Epoch[100] Loss: 0.63042
Training Results - Epoch: 100  Accuracy: 0.64088 Loss: 0.65302
Validation Results - Epoch: 100  Accuracy: 0.64334 Loss: 0.65151
Epoch[101] Loss: 0.61769
Epoch[102] Loss: 0.63049
Epoch[103] Loss: 0.61989
Epoch[104] Loss: 0.57720
Epoch[105] Loss: 0.60743
Epoch[106] Loss: 0.66450
Epoch[107] Loss: 0.65408
Epoch[108] Loss: 0.67662
Epoch[109] Loss: 0.59102
Epoch[110] Loss: 0.71286
Epoch[111] Loss: 0.71188
Epoch[112] Loss: 0.65358
Epoch[113] Loss: 0.57600
Epoch[114] Loss: 0.68637
Epoch[115] Loss: 0.68701
Epoch[116] Loss: 0.66393
Epoch[117] Loss: 0.70126
Epoch[118] Loss: 0.64326
Epoch[119] Loss: 0.69003
Epoch[120] Loss: 0.63189
Epoch[121] Loss: 0.65313
Epoch[122] Loss: 0.62826
Epoch[123] Loss: 0.61363
Epoch[124] Loss: 0.63297
Epoch[125] Loss: 0.65324
Training Results - Epoch: 125  Accuracy: 0.64088 Loss: 0.65291
Validation Results - Epoch: 125  Accuracy: 0.64334 Loss: 0.65149
Epoch[126] Loss: 0.61698
Epoch[127] Loss: 0.64137
Epoch[128] Loss: 0.56542
Epoch[129] Loss: 0.63105
Epoch[130] Loss: 0.68958
Epoch[131] Loss: 0.68691
Epoch[132] Loss: 0.63054
Epoch[133] Loss: 0.73508
Epoch[134] Loss: 0.70155
Epoch[135] Loss: 0.66450
Epoch[136] Loss: 0.59672
Epoch[137] Loss: 0.66485
Epoch[138] Loss: 0.69874
Epoch[139] Loss: 0.72272
Epoch[140] Loss: 0.67681
Epoch[141] Loss: 0.68975
Epoch[142] Loss: 0.64264
Epoch[143] Loss: 0.65314
Epoch[144] Loss: 0.64096
Epoch[145] Loss: 0.60657
Epoch[146] Loss: 0.70398
